A:A0,B1
C:B1,C0,Z1
B:A1,B0,C1,Z2
E:D1,E0,F1
D:D0,E1,F2
G:G0,H1
F:D2,E1,F0,Z1
I:H1,I0,Z1
H:G1,H0,I1,Z2
K:J1,K0,L1
J:J0,K1,L2
M:M0,N1,Z1
L:J2,K1,L0,Z1
O:N1,O0
N:M1,N0,O1,Z2
Q:P1,Q0,R1
P:P0,Q1,R2,Z1
S:S0,T1,Z1
R:P2,Q1,R0
U:T1,U0
T:S1,T0,U1,Z2
W:V1,W0,X1
V:V0,W1,X2,Z1
X:V2,W1,X0
Z:B2,C1,D3,E2,F1,H2,I1,J3,K2,L1,M1,N2,P1,Q2,R3,S1,T2,V1,W2,X3,Z0
-----
A:A0,B1,C2,Z3
C:A2,B1,C0,D4,E3,F2,H3,I2,J4,K3,L2,M2,N3,P2,Q3,R4,S2,T3,V2,W3,X4,Z1
B:A1,B0,C1,D5,E4,F3,H4,I3,J5,K4,L3,M3,N4,P3,Q4,R5,S3,T4,V3,W4,X5,Z2
E:D1,E0,F1,Z2
D:D0,E1,F2,Z3
G:G0,H1,I2,Z3
F:B3,C2,D2,E1,F0,H3,I2,J4,K3,L2,M2,N3,P2,Q3,R4,S2,T3,V2,W3,X4,Z1
I:B3,C2,D4,E3,F2,G2,H1,I0,J4,K3,L2,M2,N3,P2,Q3,R4,S2,T3,V2,W3,X4,Z1
H:B4,C3,D5,E4,F3,G1,H0,I1,J5,K4,L3,M3,N4,P3,Q4,R5,S3,T4,V3,W4,X5,Z2
K:J1,K0,L1,Z2
J:J0,K1,L2,Z3
M:B3,C2,D4,E3,F2,H3,I2,J4,K3,L2,M0,N1,O2,P2,Q3,R4,S2,T3,V2,W3,X4,Z1
L:B3,C2,D4,E3,F2,H3,I2,J2,K1,L0,M2,N3,P2,Q3,R4,S2,T3,V2,W3,X4,Z1
O:M2,N1,O0,Z3
N:B4,C3,D5,E4,F3,H4,I3,J5,K4,L3,M1,N0,O1,P3,Q4,R5,S3,T4,V3,W4,X5,Z2
Q:P1,Q0,R1,Z2
P:B3,C2,D4,E3,F2,H3,I2,J4,K3,L2,M2,N3,P0,Q1,R2,S2,T3,V2,W3,X4,Z1
S:B3,C2,D4,E3,F2,H3,I2,J4,K3,L2,M2,N3,P2,Q3,R4,S0,T1,U2,V2,W3,X4,Z1
R:P2,Q1,R0,Z3
U:S2,T1,U0,Z3
T:B4,C3,D5,E4,F3,H4,I3,J5,K4,L3,M3,N4,P3,Q4,R5,S1,T0,U1,V3,W4,X5,Z2
W:V1,W0,X1,Z2
V:B3,C2,D4,E3,F2,H3,I2,J4,K3,L2,M2,N3,P2,Q3,R4,S2,T3,V0,W1,X2,Z1
X:V2,W1,X0,Z3
Z:A3,B2,C1,D3,E2,F1,G3,H2,I1,J3,K2,L1,M1,N2,O3,P1,Q2,R3,S1,T2,U3,V1,W2,X3,Z0
-----
A:A0,B1,C2,D6,E5,F4,H5,I4,J6,K5,L4,M4,N5,P4,Q5,R6,S4,T5,V4,W5,X6,Z3
C:A2,B1,C0,D4,E3,F2,G4,H3,I2,J4,K3,L2,M2,N3,O4,P2,Q3,R4,S2,T3,U4,V2,W3,X4,Z1
B:A1,B0,C1,D5,E4,F3,G5,H4,I3,J5,K4,L3,M3,N4,O5,P3,Q4,R5,S3,T4,U5,V3,W4,X5,Z2
E:B4,C3,D1,E0,F1,H4,I3,J5,K4,L3,M3,N4,P3,Q4,R5,S3,T4,V3,W4,X5,Z2
D:B5,C4,D0,E1,F2,H5,I4,J6,K5,L4,M4,N5,P4,Q5,R6,S4,T5,V4,W5,X6,Z3
G:B5,C4,D6,E5,F4,G0,H1,I2,J6,K5,L4,M4,N5,P4,Q5,R6,S4,T5,V4,W5,X6,Z3
F:A4,B3,C2,D2,E1,F0,G4,H3,I2,J4,K3,L2,M2,N3,O4,P2,Q3,R4,S2,T3,U4,V2,W3,X4,Z1
I:A4,B3,C2,D4,E3,F2,G2,H1,I0,J4,K3,L2,M2,N3,O4,P2,Q3,R4,S2,T3,U4,V2,W3,X4,Z1
H:A5,B4,C3,D5,E4,F3,G1,H0,I1,J5,K4,L3,M3,N4,O5,P3,Q4,R5,S3,T4,U5,V3,W4,X5,Z2
K:B4,C3,D5,E4,F3,H4,I3,J1,K0,L1,M3,N4,P3,Q4,R5,S3,T4,V3,W4,X5,Z2
J:B5,C4,D6,E5,F4,H5,I4,J0,K1,L2,M4,N5,P4,Q5,R6,S4,T5,V4,W5,X6,Z3
M:A4,B3,C2,D4,E3,F2,G4,H3,I2,J4,K3,L2,M0,N1,O2,P2,Q3,R4,S2,T3,U4,V2,W3,X4,Z1
L:A4,B3,C2,D4,E3,F2,G4,H3,I2,J2,K1,L0,M2,N3,O4,P2,Q3,R4,S2,T3,U4,V2,W3,X4,Z1
O:B5,C4,D6,E5,F4,H5,I4,J6,K5,L4,M2,N1,O0,P4,Q5,R6,S4,T5,V4,W5,X6,Z3
N:A5,B4,C3,D5,E4,F3,G5,H4,I3,J5,K4,L3,M1,N0,O1,P3,Q4,R5,S3,T4,U5,V3,W4,X5,Z2
Q:B4,C3,D5,E4,F3,H4,I3,J5,K4,L3,M3,N4,P1,Q0,R1,S3,T4,V3,W4,X5,Z2
P:A4,B3,C2,D4,E3,F2,G4,H3,I2,J4,K3,L2,M2,N3,O4,P0,Q1,R2,S2,T3,U4,V2,W3,X4,Z1
S:A4,B3,C2,D4,E3,F2,G4,H3,I2,J4,K3,L2,M2,N3,O4,P2,Q3,R4,S0,T1,U2,V2,W3,X4,Z1
R:B5,C4,D6,E5,F4,H5,I4,J6,K5,L4,M4,N5,P2,Q1,R0,S4,T5,V4,W5,X6,Z3
U:B5,C4,D6,E5,F4,H5,I4,J6,K5,L4,M4,N5,P4,Q5,R6,S2,T1,U0,V4,W5,X6,Z3
T:A5,B4,C3,D5,E4,F3,G5,H4,I3,J5,K4,L3,M3,N4,O5,P3,Q4,R5,S1,T0,U1,V3,W4,X5,Z2
W:B4,C3,D5,E4,F3,H4,I3,J5,K4,L3,M3,N4,P3,Q4,R5,S3,T4,V1,W0,X1,Z2
V:A4,B3,C2,D4,E3,F2,G4,H3,I2,J4,K3,L2,M2,N3,O4,P2,Q3,R4,S2,T3,U4,V0,W1,X2,Z1
X:B5,C4,D6,E5,F4,H5,I4,J6,K5,L4,M4,N5,P4,Q5,R6,S4,T5,V2,W1,X0,Z3
Z:A3,B2,C1,D3,E2,F1,G3,H2,I1,J3,K2,L1,M1,N2,O3,P1,Q2,R3,S1,T2,U3,V1,W2,X3,Z0
-----
A:A0,B1,C2,D6,E5,F4,G6,H5,I4,J6,K5,L4,M4,N5,O6,P4,Q5,R6,S4,T5,U6,V4,W5,X6,Z3
C:A2,B1,C0,D4,E3,F2,G4,H3,I2,J4,K3,L2,M2,N3,O4,P2,Q3,R4,S2,T3,U4,V2,W3,X4,Z1
B:A1,B0,C1,D5,E4,F3,G5,H4,I3,J5,K4,L3,M3,N4,O5,P3,Q4,R5,S3,T4,U5,V3,W4,X5,Z2
E:A5,B4,C3,D1,E0,F1,G5,H4,I3,J5,K4,L3,M3,N4,O5,P3,Q4,R5,S3,T4,U5,V3,W4,X5,Z2
D:A6,B5,C4,D0,E1,F2,G6,H5,I4,J6,K5,L4,M4,N5,O6,P4,Q5,R6,S4,T5,U6,V4,W5,X6,Z3
G:A6,B5,C4,D6,E5,F4,G0,H1,I2,J6,K5,L4,M4,N5,O6,P4,Q5,R6,S4,T5,U6,V4,W5,X6,Z3
F:A4,B3,C2,D2,E1,F0,G4,H3,I2,J4,K3,L2,M2,N3,O4,P2,Q3,R4,S2,T3,U4,V2,W3,X4,Z1
I:A4,B3,C2,D4,E3,F2,G2,H1,I0,J4,K3,L2,M2,N3,O4,P2,Q3,R4,S2,T3,U4,V2,W3,X4,Z1
H:A5,B4,C3,D5,E4,F3,G1,H0,I1,J5,K4,L3,M3,N4,O5,P3,Q4,R5,S3,T4,U5,V3,W4,X5,Z2
K:A5,B4,C3,D5,E4,F3,G5,H4,I3,J1,K0,L1,M3,N4,O5,P3,Q4,R5,S3,T4,U5,V3,W4,X5,Z2
J:A6,B5,C4,D6,E5,F4,G6,H5,I4,J0,K1,L2,M4,N5,O6,P4,Q5,R6,S4,T5,U6,V4,W5,X6,Z3
M:A4,B3,C2,D4,E3,F2,G4,H3,I2,J4,K3,L2,M0,N1,O2,P2,Q3,R4,S2,T3,U4,V2,W3,X4,Z1
L:A4,B3,C2,D4,E3,F2,G4,H3,I2,J2,K1,L0,M2,N3,O4,P2,Q3,R4,S2,T3,U4,V2,W3,X4,Z1
O:A6,B5,C4,D6,E5,F4,G6,H5,I4,J6,K5,L4,M2,N1,O0,P4,Q5,R6,S4,T5,U6,V4,W5,X6,Z3
N:A5,B4,C3,D5,E4,F3,G5,H4,I3,J5,K4,L3,M1,N0,O1,P3,Q4,R5,S3,T4,U5,V3,W4,X5,Z2
Q:A5,B4,C3,D5,E4,F3,G5,H4,I3,J5,K4,L3,M3,N4,O5,P1,Q0,R1,S3,T4,U5,V3,W4,X5,Z2
P:A4,B3,C2,D4,E3,F2,G4,H3,I2,J4,K3,L2,M2,N3,O4,P0,Q1,R2,S2,T3,U4,V2,W3,X4,Z1
S:A4,B3,C2,D4,E3,F2,G4,H3,I2,J4,K3,L2,M2,N3,O4,P2,Q3,R4,S0,T1,U2,V2,W3,X4,Z1
R:A6,B5,C4,D6,E5,F4,G6,H5,I4,J6,K5,L4,M4,N5,O6,P2,Q1,R0,S4,T5,U6,V4,W5,X6,Z3
U:A6,B5,C4,D6,E5,F4,G6,H5,I4,J6,K5,L4,M4,N5,O6,P4,Q5,R6,S2,T1,U0,V4,W5,X6,Z3
T:A5,B4,C3,D5,E4,F3,G5,H4,I3,J5,K4,L3,M3,N4,O5,P3,Q4,R5,S1,T0,U1,V3,W4,X5,Z2
W:A5,B4,C3,D5,E4,F3,G5,H4,I3,J5,K4,L3,M3,N4,O5,P3,Q4,R5,S3,T4,U5,V1,W0,X1,Z2
V:A4,B3,C2,D4,E3,F2,G4,H3,I2,J4,K3,L2,M2,N3,O4,P2,Q3,R4,S2,T3,U4,V0,W1,X2,Z1
X:A6,B5,C4,D6,E5,F4,G6,H5,I4,J6,K5,L4,M4,N5,O6,P4,Q5,R6,S4,T5,U6,V2,W1,X0,Z3
Z:A3,B2,C1,D3,E2,F1,G3,H2,I1,J3,K2,L1,M1,N2,O3,P1,Q2,R3,S1,T2,U3,V1,W2,X3,Z0
-----
A:A0,B1,C2,D6,E5,F4,G6,H5,I4,J6,K5,L4,M4,N5,O6,P4,Q5,R6,S4,T5,U6,V4,W5,X6,Z3
C:A2,B1,C0,D4,E3,F2,G4,H3,I2,J4,K3,L2,M2,N3,O4,P2,Q3,R4,S2,T3,U4,V2,W3,X4,Z1
B:A1,B0,C1,D5,E4,F3,G5,H4,I3,J5,K4,L3,M3,N4,O5,P3,Q4,R5,S3,T4,U5,V3,W4,X5,Z2
E:A5,B4,C3,D1,E0,F1,G5,H4,I3,J5,K4,L3,M3,N4,O5,P3,Q4,R5,S3,T4,U5,V3,W4,X5,Z2
D:A6,B5,C4,D0,E1,F2,G6,H5,I4,J6,K5,L4,M4,N5,O6,P4,Q5,R6,S4,T5,U6,V4,W5,X6,Z3
G:A6,B5,C4,D6,E5,F4,G0,H1,I2,J6,K5,L4,M4,N5,O6,P4,Q5,R6,S4,T5,U6,V4,W5,X6,Z3
F:A4,B3,C2,D2,E1,F0,G4,H3,I2,J4,K3,L2,M2,N3,O4,P2,Q3,R4,S2,T3,U4,V2,W3,X4,Z1
I:A4,B3,C2,D4,E3,F2,G2,H1,I0,J4,K3,L2,M2,N3,O4,P2,Q3,R4,S2,T3,U4,V2,W3,X4,Z1
H:A5,B4,C3,D5,E4,F3,G1,H0,I1,J5,K4,L3,M3,N4,O5,P3,Q4,R5,S3,T4,U5,V3,W4,X5,Z2
K:A5,B4,C3,D5,E4,F3,G5,H4,I3,J1,K0,L1,M3,N4,O5,P3,Q4,R5,S3,T4,U5,V3,W4,X5,Z2
J:A6,B5,C4,D6,E5,F4,G6,H5,I4,J0,K1,L2,M4,N5,O6,P4,Q5,R6,S4,T5,U6,V4,W5,X6,Z3
M:A4,B3,C2,D4,E3,F2,G4,H3,I2,J4,K3,L2,M0,N1,O2,P2,Q3,R4,S2,T3,U4,V2,W3,X4,Z1
L:A4,B3,C2,D4,E3,F2,G4,H3,I2,J2,K1,L0,M2,N3,O4,P2,Q3,R4,S2,T3,U4,V2,W3,X4,Z1
O:A6,B5,C4,D6,E5,F4,G6,H5,I4,J6,K5,L4,M2,N1,O0,P4,Q5,R6,S4,T5,U6,V4,W5,X6,Z3
N:A5,B4,C3,D5,E4,F3,G5,H4,I3,J5,K4,L3,M1,N0,O1,P3,Q4,R5,S3,T4,U5,V3,W4,X5,Z2
Q:A5,B4,C3,D5,E4,F3,G5,H4,I3,J5,K4,L3,M3,N4,O5,P1,Q0,R1,S3,T4,U5,V3,W4,X5,Z2
P:A4,B3,C2,D4,E3,F2,G4,H3,I2,J4,K3,L2,M2,N3,O4,P0,Q1,R2,S2,T3,U4,V2,W3,X4,Z1
S:A4,B3,C2,D4,E3,F2,G4,H3,I2,J4,K3,L2,M2,N3,O4,P2,Q3,R4,S0,T1,U2,V2,W3,X4,Z1
R:A6,B5,C4,D6,E5,F4,G6,H5,I4,J6,K5,L4,M4,N5,O6,P2,Q1,R0,S4,T5,U6,V4,W5,X6,Z3
U:A6,B5,C4,D6,E5,F4,G6,H5,I4,J6,K5,L4,M4,N5,O6,P4,Q5,R6,S2,T1,U0,V4,W5,X6,Z3
T:A5,B4,C3,D5,E4,F3,G5,H4,I3,J5,K4,L3,M3,N4,O5,P3,Q4,R5,S1,T0,U1,V3,W4,X5,Z2
W:A5,B4,C3,D5,E4,F3,G5,H4,I3,J5,K4,L3,M3,N4,O5,P3,Q4,R5,S3,T4,U5,V1,W0,X1,Z2
V:A4,B3,C2,D4,E3,F2,G4,H3,I2,J4,K3,L2,M2,N3,O4,P2,Q3,R4,S2,T3,U4,V0,W1,X2,Z1
X:A6,B5,C4,D6,E5,F4,G6,H5,I4,J6,K5,L4,M4,N5,O6,P4,Q5,R6,S4,T5,U6,V2,W1,X0,Z3
Z:A3,B2,C1,D3,E2,F1,G3,H2,I1,J3,K2,L1,M1,N2,O3,P1,Q2,R3,S1,T2,U3,V1,W2,X3,Z0
-----
