AA:AA0,A1,AB1
BA:B1,BA0,BB1
BB:B2,BA1,BB0,BC1,BBC1,BBA1
BC:B1,BA2,BB1,BC0,BBC2,BBA2
DB:DBA1,DBC1,DB0,DC1,DA1
AC:A1,AC0,AB1
DA:D1,DBA2,DBC2,DB1,DC2,DA0
ABB:ABA1,ABB0,ABC1,DBC1
ABC:ABA2,ABB1,ABC0,DBC2,AB1
AB:AA1,A2,AC1,AB0,ABA1,DBC3,ABB2,ABC1
A:A0,AA1,AC1,AB2,D1,B1
ABA:AA2,ABA0,ABB1,ABC2,DBC2,DBB1,AC2,AB1,A3
C:CC1,C0,B1,CA1,D1
B:A1,AA2,AC2,B0,BA1,BB2,BC1,CC2,CA2,BBC3,C1,BBA3,AB3,D2
D:A1,AA2,AC2,AB3,D0,DBA3,DBC3,DB2,DC1,DA1,CC2,B2,C1,CA2
CC:C1,B2,D2,CC0,CB1,CA2
CB:CBC1,C2,B3,D3,CC1,CB0,CA1,CBA1
CA:CBC2,C1,B2,D2,CC2,CB1,CA0,CBA2
BBC:CBB1,B3,BA2,BB1,BC2,BBC0,BBB1,BBA2
BBB:CBB2,B4,BA3,BB2,BC3,BBC1,BBB0,BBA1,CBA1
BBA:CBB3,B3,BA2,BB1,BC2,BBC2,BBB1,BBA0,CBA2
DC:A2,AA3,AC3,AB4,D1,DBA2,DBC2,DB1,DC0,DA2,CC3,B3,C2,CA3
CBB:CBB0,CBC1,B4,BA3,BB2,BC3,BBC1,BBB2,BBA3,CBA1
CBC:CBB1,CBC0,C3,B4,D4,BB3,BC4,CC2,CB1,CA2,BBC2,BBB3,BBA4,CBA2,BA4
CBA:CBB1,CBC2,C3,CBA0,D4,BB3,BC4,CC2,CB1,CA2,BBC2,BBB1,BBA2,B4,BA4
DBA:DBA0,DBC2,DBB1,DB1,DC2,DA2
DBC:ABA2,ABB1,ABC2,DBA2,DBC0,DBB1,DB1,DC2,DA2
DBB:AA3,ABA1,ABB2,ABC3,DBA1,DBC1,DBB0,DB2,AC3,DC3,AB2,A4,DA3
-----
AA:AA0,A1,AC2,AB1,D2,ABA2,DBC4,ABB3,ABC2,B2
BA:A2,AA3,AC3,B1,BA0,BB1,BC2,CC3,CA3,BBC2,C2,BBA2,AB4,D3
BB:CBB2,A3,AC4,B2,AA4,BA1,BB0,BC1,CC4,CA4,BBC1,BBB2,BBA1,CBA3,C3,AB5,D4
BC:A2,AA3,AC3,B1,BA2,BB1,BC0,CC3,CA3,BBC2,C2,BBA2,BBB3,AB4,CBB3,CBA4,D3
DB:A3,AA4,AC4,AB5,D2,ABA3,DBA1,DBC1,DBB2,DB0,DC1,ABC3,DA1,ABB2,CC4,B4,C3,CA4
AC:A1,AA2,AC0,AB1,D2,ABA2,DBC4,ABB3,ABC2,B2
DA:A2,AA3,AC3,AB4,D1,ABA4,DBA2,DBC2,DBB3,DB1,DC2,ABC4,DA0,ABB3,CC3,B3,C2,CA3
ABB:AA3,ABA1,ABB0,ABC1,DBA3,DBC1,DBB2,DB2,AC3,DC3,AB2,A4,DA3
ABC:AA2,ABA2,ABB1,ABC0,DBA4,DBC2,DBB3,DB3,AC2,DC4,AB1,A3,DA4
AB:AA1,A2,AC1,AB0,D3,ABA1,DBA5,DBC3,DBB2,DB4,ABB2,DC5,ABC1,B3,DA5
A:AA1,BA2,BB3,BC2,DB3,C2,DA2,ABB4,B1,ABC3,A0,ABA3,AC1,AB2,D1,CC3,CA3,BBC4,BBA4,DC2,DBA4,DBC4
ABA:AA2,ABA0,ABB1,ABC2,D4,DBA2,DBC2,DBB1,DB3,AC2,DC4,AB1,A3,B4,DA4
C:AA3,BA2,BB3,BC2,DB3,AC3,DA2,AB4,A2,C0,B1,D1,CC1,CB2,CA1,BBC4,BBA4,DC2,CBC3,CBA3,DBA4,DBC4
B:AA2,BA1,BB2,BC1,DB4,C1,DA3,ABB5,AB3,ABC4,A1,ABA4,AC2,B0,D2,CC2,CB3,CA2,BBC3,BBB4,BBA3,DC3,CBB4,CBC4,CBA4,DBA5,DBC5
D:AA2,BA3,BB4,BC3,DB2,DC1,DA1,ABB4,ABC4,C1,A1,ABA4,AC2,AB3,D0,CC2,CB3,CA2,BBC5,BBA5,CBC4,CBA4,DBA3,DBC3,DBB4,B2
CC:A3,BA3,BB4,BC3,DB4,AC4,DA3,AB5,AA4,C1,B2,D2,CC0,CB1,CA2,BBC5,BBA5,DC3,CBC2,CBA2,DBA5,DBC5
CB:AC5,A4,BA4,BB4,BC4,DB5,DC4,DA4,AB6,AA5,C2,B3,D3,CC1,CB0,CA1,BBC3,BBB2,BBA3,CBB2,CBC1,CBA1,DBA6,DBC6
CA:A3,BA3,BB4,BC3,DB4,AC4,DA3,AB5,AA4,C1,B2,D2,CC2,CB1,CA0,BBC4,BBB3,BBA4,DC3,CBB3,CBC2,CBA2,DBA5,DBC5
BBC:CBB1,CBC2,AC5,B3,AA5,BA2,BB1,BC2,CC5,CA5,BBC0,BBB1,BBA2,CBA2,A4,C4,AB6,D5
BBB:CBB2,CBC3,C4,B4,AA6,BA3,BB2,BC3,CC3,CB2,CA3,BBC1,BBB0,BBA1,CBA1,A5,AC6,AB7,D5
BBA:CBB3,A4,AC5,B3,AA5,BA2,BB1,BC2,CC4,CB3,CA4,CBC4,BBC2,BBB1,BBA0,CBA2,C4,AB6,D5
DC:AA3,BA4,BB5,BC4,DB1,DC0,DA2,ABB3,ABC4,C2,A2,ABA4,AC3,AB4,D1,CC3,CB4,CA3,BBC6,BBA6,CBC5,CBA5,DBA2,DBC2,DBB3,B3
CBB:CBB0,CBC1,C4,B4,AA6,BA3,BB2,BC3,CC3,CB2,CA3,BBC1,BBB2,BBA3,CBA1,A5,AC6,AB7,D5
CBC:AC6,A5,BA4,BB3,BC4,DB6,DC5,DA5,AB7,AA6,C3,B4,D4,CC2,CB1,CA2,BBC2,BBB3,BBA4,CBB1,CBC0,CBA2,DBA7,DBC7
CBA:AC6,A5,BA4,BB3,BC4,DB6,DC5,DA5,AB7,AA6,C3,B4,D4,CC2,CB1,CA2,BBC2,BBB1,BBA2,CBB1,CBC2,CBA0,DBA7,DBC7
DBA:AA4,ABA2,ABB3,ABC4,D3,DBA0,DBC2,DBB1,DB1,DC2,AC4,DA2,CC5,AB3,A4,C4,B5,CA5
DBC:AA4,ABA2,ABB1,ABC2,D3,DBA2,DBC0,DBB1,DB1,DC2,AC4,DA2,CC5,AB3,A4,C4,B5,CA5
DBB:AA3,ABA1,ABB2,ABC3,D4,DBA1,DBC1,DBB0,DB2,AC3,DC3,CC6,AB2,A4,C5,B5,DA3,CA6
-----
AA:A1,BA3,BB4,BC3,B2,DB4,ABB3,DA3,ABC2,AA0,ABA2,AC2,AB1,D2,CC4,CA4,BBC5,BBA5,DC3,DBA5,DBC4,DBB3,C3
BA:AA3,BA0,BB1,BC2,DB5,C2,DA4,ABB6,AB4,ABC5,A2,ABA5,AC3,B1,D3,CC3,CB4,CA3,BBC2,BBB3,BBA2,DC4,CBB3,CBC5,CBA4,DBA6,DBC6
BB:AA4,BA1,BB0,BC1,DB6,ABB7,DA5,AB5,ABC6,A3,ABA6,AC4,B2,D4,CC4,CB4,CA4,BBC1,BBB2,BBA1,DC5,CBB2,CBC3,CBA3,C3,DBC7,DBA7
BC:AA3,BA2,BB1,BC0,DB5,C2,DA4,ABB6,AB4,ABC5,A2,ABA5,AC3,B1,D3,CC3,CB4,CA3,BBC2,BBB3,BBA2,DC4,CBB3,CBC4,CBA4,DBA6,DBC6
DB:AA4,BA5,BB6,BC5,DB0,DC1,DA1,ABB2,ABC3,C3,A3,ABA3,AC4,AB4,D2,CC4,CB5,CA4,BBC7,BBA7,CBC6,CBA6,DBA1,DBC1,DBB2,B4
AC:AA2,BA3,BB4,BC3,B2,DB4,ABB3,DA3,ABC2,A1,ABA2,AC0,AB1,D2,CC4,CA4,BBC5,BBA5,DC3,DBA5,DBC4,DBB3,C3
DA:AA3,BA4,BB5,BC4,DB1,DC2,DA0,ABB3,ABC4,C2,A2,ABA4,AC3,AB4,D1,CC3,CB4,CA3,BBC6,BBA6,CBC5,CBA5,DBA2,DBC2,DBB3,B3
ABB:AA3,ABA1,ABB0,ABC1,D4,DBA3,DBC1,DBB2,DB2,AC3,DC3,CC6,AB2,A4,C5,B5,DA3,CA6
ABC:AA2,ABA2,ABB1,ABC0,D4,DBA4,DBC2,DBB3,DB3,AC2,DC4,CC7,AB1,A3,C6,B4,DA4,CA7
AB:A2,BA4,BB5,BC4,DB4,ABB2,DA4,ABC1,C4,AA1,ABA1,AC1,AB0,D3,CC5,CA5,BBC6,BBA6,DC4,DBA3,DBC3,DBB2,B3
A:AA1,BA2,BB3,BC2,DB3,C2,DA2,ABB4,B1,ABC3,A0,ABA3,AC1,AB2,D1,CC3,CB4,CA3,BBC4,BBB5,BBA4,DC2,CBB5,CBC5,CBA5,DBA4,DBC4,DBB4
ABA:A3,BA5,BB6,BC5,B4,DB3,AC2,DA4,AB1,AA2,ABA0,ABB1,ABC2,D4,CC6,CA6,BBC7,BBA7,DC4,DBA2,DBC2,DBB1,C5
C:AA3,BA2,BB3,BC2,DB3,AC3,DA2,ABB5,AB4,ABC5,A2,ABA5,C0,B1,D1,CC1,CB2,CA1,BBC4,BBB4,BBA4,DC2,CBB4,CBC3,CBA3,DBA4,DBC4,DBB5
B:AA2,BA1,BB2,BC1,DB4,C1,DA3,ABB5,AB3,ABC4,A1,ABA4,AC2,B0,D2,CC2,CB3,CA2,BBC3,BBB4,BBA3,DC3,CBB4,CBC4,CBA4,DBA5,DBC5,DBB5
D:AA2,BA3,BB4,BC3,DB2,DC1,DA1,ABB4,ABC4,C1,A1,ABA4,AC2,AB3,D0,CC2,CB3,CA2,BBC5,BBB5,BBA5,CBB5,CBC4,CBA4,DBA3,DBC3,DBB4,B2
CC:A3,BA3,BB4,BC3,DB4,AC4,DA3,ABB6,AB5,ABC6,AA4,ABA6,C1,B2,D2,CC0,CB1,CA2,BBC4,BBB3,BBA4,DC3,CBB3,CBC2,CBA2,DBA5,DBC5,DBB6
CB:AC5,A4,BA4,BB4,BC4,DB5,DC4,DA4,ABB7,AB6,ABC7,AA5,ABA7,C2,B3,D3,CC1,CB0,CA1,BBC3,BBB2,BBA3,CBB2,CBC1,CBA1,DBA6,DBC6,DBB7
CA:A3,BA3,BB4,BC3,DB4,AC4,DA3,ABB6,AB5,ABC6,AA4,ABA6,C1,B2,D2,CC2,CB1,CA0,BBC4,BBB3,BBA4,DC3,CBB3,CBC2,CBA2,DBA5,DBC5,DBB6
BBC:A4,BA2,BB1,BC2,DB7,ABB8,DA6,AB6,ABC7,AA5,ABA7,AC5,B3,D5,CC4,CB3,CA4,BBC0,BBB1,BBA2,DC6,CBB1,CBC2,CBA2,C4,DBC8,DBA8
BBB:AC6,A5,BA3,BB2,BC3,DB7,DC6,DA6,ABB9,AB7,ABC8,AA6,ABA8,C4,B4,D5,CC3,CB2,CA3,BBC1,BBB0,BBA1,CBB2,CBC3,CBA1,DBA8,DBC8
BBA:AA5,BA2,BB1,BC2,DB7,ABB8,DA6,AB6,ABC7,A4,ABA7,AC5,B3,D5,CC4,CB3,CA4,BBC2,BBB1,BBA0,DC6,CBB3,CBC4,CBA2,C4,DBC8,DBA8
DC:AA3,BA4,BB5,BC4,DB1,DC0,DA2,ABB3,ABC4,C2,A2,ABA4,AC3,AB4,D1,CC3,CB4,CA3,BBC6,BBB6,BBA6,CBB6,CBC5,CBA5,DBA2,DBC2,DBB3,B3
CBB:AC6,A5,BA3,BB2,BC3,DB7,DC6,DA6,ABB9,AB7,ABC8,AA6,ABA8,C4,B4,D5,CC3,CB2,CA3,BBC1,BBB2,BBA3,CBB0,CBC1,CBA1,DBA8,DBC8
CBC:AC6,A5,BA4,BB3,BC4,DB6,DC5,DA5,ABB8,AB7,ABC8,AA6,ABA8,C3,B4,D4,CC2,CB1,CA2,BBC2,BBB3,BBA4,CBB1,CBC0,CBA2,DBA7,DBC7,DBB8
CBA:AC6,A5,BA4,BB3,BC4,DB6,DC5,DA5,ABB8,AB7,ABC8,AA6,ABA8,C3,B4,D4,CC2,CB1,CA2,BBC2,BBB1,BBA2,CBB1,CBC2,CBA0,DBA7,DBC7,DBB8
DBA:AC4,A4,BA6,BB7,BC6,B5,DB1,DC2,DA2,AB3,AA4,ABA2,ABB3,ABC4,D3,CC5,CB6,CA5,BBC8,BBA8,CBC7,CBA7,DBA0,DBC2,DBB1,C4
DBC:AC4,A4,BA6,BB7,BC6,B5,DB1,DC2,DA2,AB3,AA4,ABA2,ABB1,ABC2,D3,CC5,CB6,CA5,BBC8,BBA8,CBC7,CBA7,DBA2,DBC0,DBB1,C4
DBB:A4,BA6,BB7,BC6,B5,DB2,AC3,DA3,AB2,AA3,ABA1,ABB2,ABC3,D4,CC6,CB7,CA6,BBC8,BBA8,DC3,CBC8,CBA8,DBA1,DBC1,DBB0,C5
-----
AA:A1,BA3,BB4,BC3,B2,DB4,ABB3,DA3,ABC2,AA0,ABA2,AC2,AB1,D2,CC4,CB5,CA4,BBC5,BBB6,BBA5,DC3,CBB6,CBC6,CBA6,DBA4,DBC4,DBB3,C3
BA:AA3,BA0,BB1,BC2,DB5,C2,DA4,ABB6,AB4,ABC5,A2,ABA5,AC3,B1,D3,CC3,CB4,CA3,BBC2,BBB3,BBA2,DC4,CBB3,CBC4,CBA4,DBA6,DBC6,DBB6
BB:AA4,BA1,BB0,BC1,DB6,ABB7,DA5,AB5,ABC6,A3,ABA6,AC4,B2,D4,CC4,CB4,CA4,BBC1,BBB2,BBA1,DC5,CBB2,CBC3,CBA3,C3,DBC7,DBB7,DBA7
BC:AA3,BA2,BB1,BC0,DB5,C2,DA4,ABB6,AB4,ABC5,A2,ABA5,AC3,B1,D3,CC3,CB4,CA3,BBC2,BBB3,BBA2,DC4,CBB3,CBC4,CBA4,DBA6,DBC6,DBB6
DB:AA4,BA5,BB6,BC5,DB0,DC1,DA1,ABB2,ABC3,C3,A3,ABA3,AC4,AB4,D2,CC4,CB5,CA4,BBC7,BBB7,BBA7,CBB7,CBC6,CBA6,DBA1,DBC1,DBB2,B4
AC:AA2,BA3,BB4,BC3,B2,DB4,ABB3,DA3,ABC2,A1,ABA2,AC0,AB1,D2,CC4,CB5,CA4,BBC5,BBB6,BBA5,DC3,CBB6,CBC6,CBA6,DBA4,DBC4,DBB3,C3
DA:AA3,BA4,BB5,BC4,DB1,DC2,DA0,ABB3,ABC4,C2,A2,ABA4,AC3,AB4,D1,CC3,CB4,CA3,BBC6,BBB6,BBA6,CBB6,CBC5,CBA5,DBA2,DBC2,DBB3,B3
ABB:A4,BA6,BB7,BC6,B5,DB2,AC3,DA3,AB2,AA3,ABA1,ABB0,ABC1,D4,CC6,CB7,CA6,BBC8,BBA8,DC3,CBC8,CBA8,DBA3,DBC1,DBB2,C5
ABC:A3,BA5,BB6,BC5,B4,DB3,AC2,DA4,AB1,AA2,ABA2,ABB1,ABC0,D4,CC6,CB8,CA6,BBC7,BBA7,DC4,CBC9,CBA9,DBA4,DBC2,DBB3,C5
AB:A2,BA4,BB5,BC4,DB4,ABB2,DA4,ABC1,C4,AA1,ABA1,AC1,AB0,D3,CC5,CB6,CA5,BBC6,BBB7,BBA6,DC4,CBB7,CBC7,CBA7,DBA3,DBC3,DBB2,B3
A:AA1,BA2,BB3,BC2,DB3,C2,DA2,ABB4,B1,ABC3,A0,ABA3,AC1,AB2,D1,CC3,CB4,CA3,BBC4,BBB5,BBA4,DC2,CBB5,CBC5,CBA5,DBA4,DBC4,DBB4
ABA:A3,BA5,BB6,BC5,B4,DB3,AC2,DA4,AB1,AA2,ABA0,ABB1,ABC2,D4,CC6,CB7,CA6,BBC7,BBB8,BBA7,DC4,CBB8,CBC8,CBA8,DBA2,DBC2,DBB1,C5
C:AA3,BA2,BB3,BC2,DB3,AC3,DA2,ABB5,AB4,ABC5,A2,ABA5,C0,B1,D1,CC1,CB2,CA1,BBC4,BBB4,BBA4,DC2,CBB4,CBC3,CBA3,DBA4,DBC4,DBB5
B:AA2,BA1,BB2,BC1,DB4,C1,DA3,ABB5,AB3,ABC4,A1,ABA4,AC2,B0,D2,CC2,CB3,CA2,BBC3,BBB4,BBA3,DC3,CBB4,CBC4,CBA4,DBA5,DBC5,DBB5
D:AA2,BA3,BB4,BC3,DB2,DC1,DA1,ABB4,ABC4,C1,A1,ABA4,AC2,AB3,D0,CC2,CB3,CA2,BBC5,BBB5,BBA5,CBB5,CBC4,CBA4,DBA3,DBC3,DBB4,B2
CC:A3,BA3,BB4,BC3,DB4,AC4,DA3,ABB6,AB5,ABC6,AA4,ABA6,C1,B2,D2,CC0,CB1,CA2,BBC4,BBB3,BBA4,DC3,CBB3,CBC2,CBA2,DBA5,DBC5,DBB6
CB:AC5,A4,BA4,BB4,BC4,DB5,DC4,DA4,ABB7,AB6,ABC7,AA5,ABA7,C2,B3,D3,CC1,CB0,CA1,BBC3,BBB2,BBA3,CBB2,CBC1,CBA1,DBA6,DBC6,DBB7
CA:A3,BA3,BB4,BC3,DB4,AC4,DA3,ABB6,AB5,ABC6,AA4,ABA6,C1,B2,D2,CC2,CB1,CA0,BBC4,BBB3,BBA4,DC3,CBB3,CBC2,CBA2,DBA5,DBC5,DBB6
BBC:A4,BA2,BB1,BC2,DB7,ABB8,DA6,AB6,ABC7,AA5,ABA7,AC5,B3,D5,CC4,CB3,CA4,BBC0,BBB1,BBA2,DC6,CBB1,CBC2,CBA2,C4,DBC8,DBB8,DBA8
BBB:AC6,A5,BA3,BB2,BC3,DB7,DC6,DA6,ABB9,AB7,ABC8,AA6,ABA8,C4,B4,D5,CC3,CB2,CA3,BBC1,BBB0,BBA1,CBB2,CBC3,CBA1,DBA8,DBC8,DBB9
BBA:AA5,BA2,BB1,BC2,DB7,ABB8,DA6,AB6,ABC7,A4,ABA7,AC5,B3,D5,CC4,CB3,CA4,BBC2,BBB1,BBA0,DC6,CBB3,CBC4,CBA2,C4,DBC8,DBB8,DBA8
DC:AA3,BA4,BB5,BC4,DB1,DC0,DA2,ABB3,ABC4,C2,A2,ABA4,AC3,AB4,D1,CC3,CB4,CA3,BBC6,BBB6,BBA6,CBB6,CBC5,CBA5,DBA2,DBC2,DBB3,B3
CBB:AC6,A5,BA3,BB2,BC3,DB7,DC6,DA6,ABB9,AB7,ABC8,AA6,ABA8,C4,B4,D5,CC3,CB2,CA3,BBC1,BBB2,BBA3,CBB0,CBC1,CBA1,DBA8,DBC8,DBB9
CBC:AC6,A5,BA4,BB3,BC4,DB6,DC5,DA5,ABB8,AB7,ABC8,AA6,ABA8,C3,B4,D4,CC2,CB1,CA2,BBC2,BBB3,BBA4,CBB1,CBC0,CBA2,DBA7,DBC7,DBB8
CBA:AC6,A5,BA4,BB3,BC4,DB6,DC5,DA5,ABB8,AB7,ABC8,AA6,ABA8,C3,B4,D4,CC2,CB1,CA2,BBC2,BBB1,BBA2,CBB1,CBC2,CBA0,DBA7,DBC7,DBB8
DBA:AC4,A4,BA6,BB7,BC6,B5,DB1,DC2,DA2,AB3,AA4,ABA2,ABB3,ABC4,D3,CC5,CB6,CA5,BBC8,BBB8,BBA8,CBB8,CBC7,CBA7,DBA0,DBC2,DBB1,C4
DBC:AC4,A4,BA6,BB7,BC6,B5,DB1,DC2,DA2,AB3,AA4,ABA2,ABB1,ABC2,D3,CC5,CB6,CA5,BBC8,BBB8,BBA8,CBB8,CBC7,CBA7,DBA2,DBC0,DBB1,C4
DBB:A4,BA6,BB7,BC6,B5,DB2,AC3,DA3,AB2,AA3,ABA1,ABB2,ABC3,D4,CC6,CB7,CA6,BBC8,BBB9,BBA8,DC3,CBB9,CBC8,CBA8,DBA1,DBC1,DBB0,C5
-----
AA:A1,BA3,BB4,BC3,B2,DB4,ABB3,DA3,ABC2,AA0,ABA2,AC2,AB1,D2,CC4,CB5,CA4,BBC5,BBB6,BBA5,DC3,CBB6,CBC6,CBA6,DBA4,DBC4,DBB3,C3
BA:AA3,BA0,BB1,BC2,DB5,C2,DA4,ABB6,AB4,ABC5,A2,ABA5,AC3,B1,D3,CC3,CB4,CA3,BBC2,BBB3,BBA2,DC4,CBB3,CBC4,CBA4,DBA6,DBC6,DBB6
BB:AA4,BA1,BB0,BC1,DB6,ABB7,DA5,AB5,ABC6,A3,ABA6,AC4,B2,D4,CC4,CB4,CA4,BBC1,BBB2,BBA1,DC5,CBB2,CBC3,CBA3,C3,DBC7,DBB7,DBA7
BC:AA3,BA2,BB1,BC0,DB5,C2,DA4,ABB6,AB4,ABC5,A2,ABA5,AC3,B1,D3,CC3,CB4,CA3,BBC2,BBB3,BBA2,DC4,CBB3,CBC4,CBA4,DBA6,DBC6,DBB6
DB:AA4,BA5,BB6,BC5,DB0,DC1,DA1,ABB2,ABC3,C3,A3,ABA3,AC4,AB4,D2,CC4,CB5,CA4,BBC7,BBB7,BBA7,CBB7,CBC6,CBA6,DBA1,DBC1,DBB2,B4
AC:AA2,BA3,BB4,BC3,B2,DB4,ABB3,DA3,ABC2,A1,ABA2,AC0,AB1,D2,CC4,CB5,CA4,BBC5,BBB6,BBA5,DC3,CBB6,CBC6,CBA6,DBA4,DBC4,DBB3,C3
DA:AA3,BA4,BB5,BC4,DB1,DC2,DA0,ABB3,ABC4,C2,A2,ABA4,AC3,AB4,D1,CC3,CB4,CA3,BBC6,BBB6,BBA6,CBB6,CBC5,CBA5,DBA2,DBC2,DBB3,B3
ABB:A4,BA6,BB7,BC6,B5,DB2,AC3,DA3,AB2,AA3,ABA1,ABB0,ABC1,D4,CC6,CB7,CA6,BBC8,BBB9,BBA8,DC3,CBB9,CBC8,CBA8,DBA3,DBC1,DBB2,C5
ABC:A3,BA5,BB6,BC5,B4,DB3,AC2,DA4,AB1,AA2,ABA2,ABB1,ABC0,D4,CC6,CB7,CA6,BBC7,BBB8,BBA7,DC4,CBB8,CBC8,CBA8,DBA4,DBC2,DBB3,C5
AB:A2,BA4,BB5,BC4,DB4,ABB2,DA4,ABC1,C4,AA1,ABA1,AC1,AB0,D3,CC5,CB6,CA5,BBC6,BBB7,BBA6,DC4,CBB7,CBC7,CBA7,DBA3,DBC3,DBB2,B3
A:AA1,BA2,BB3,BC2,DB3,C2,DA2,ABB4,B1,ABC3,A0,ABA3,AC1,AB2,D1,CC3,CB4,CA3,BBC4,BBB5,BBA4,DC2,CBB5,CBC5,CBA5,DBA4,DBC4,DBB4
ABA:A3,BA5,BB6,BC5,B4,DB3,AC2,DA4,AB1,AA2,ABA0,ABB1,ABC2,D4,CC6,CB7,CA6,BBC7,BBB8,BBA7,DC4,CBB8,CBC8,CBA8,DBA2,DBC2,DBB1,C5
C:AA3,BA2,BB3,BC2,DB3,AC3,DA2,ABB5,AB4,ABC5,A2,ABA5,C0,B1,D1,CC1,CB2,CA1,BBC4,BBB4,BBA4,DC2,CBB4,CBC3,CBA3,DBA4,DBC4,DBB5
B:AA2,BA1,BB2,BC1,DB4,C1,DA3,ABB5,AB3,ABC4,A1,ABA4,AC2,B0,D2,CC2,CB3,CA2,BBC3,BBB4,BBA3,DC3,CBB4,CBC4,CBA4,DBA5,DBC5,DBB5
D:AA2,BA3,BB4,BC3,DB2,DC1,DA1,ABB4,ABC4,C1,A1,ABA4,AC2,AB3,D0,CC2,CB3,CA2,BBC5,BBB5,BBA5,CBB5,CBC4,CBA4,DBA3,DBC3,DBB4,B2
CC:A3,BA3,BB4,BC3,DB4,AC4,DA3,ABB6,AB5,ABC6,AA4,ABA6,C1,B2,D2,CC0,CB1,CA2,BBC4,BBB3,BBA4,DC3,CBB3,CBC2,CBA2,DBA5,DBC5,DBB6
CB:AC5,A4,BA4,BB4,BC4,DB5,DC4,DA4,ABB7,AB6,ABC7,AA5,ABA7,C2,B3,D3,CC1,CB0,CA1,BBC3,BBB2,BBA3,CBB2,CBC1,CBA1,DBA6,DBC6,DBB7
CA:A3,BA3,BB4,BC3,DB4,AC4,DA3,ABB6,AB5,ABC6,AA4,ABA6,C1,B2,D2,CC2,CB1,CA0,BBC4,BBB3,BBA4,DC3,CBB3,CBC2,CBA2,DBA5,DBC5,DBB6
BBC:A4,BA2,BB1,BC2,DB7,ABB8,DA6,AB6,ABC7,AA5,ABA7,AC5,B3,D5,CC4,CB3,CA4,BBC0,BBB1,BBA2,DC6,CBB1,CBC2,CBA2,C4,DBC8,DBB8,DBA8
BBB:AC6,A5,BA3,BB2,BC3,DB7,DC6,DA6,ABB9,AB7,ABC8,AA6,ABA8,C4,B4,D5,CC3,CB2,CA3,BBC1,BBB0,BBA1,CBB2,CBC3,CBA1,DBA8,DBC8,DBB9
BBA:AA5,BA2,BB1,BC2,DB7,ABB8,DA6,AB6,ABC7,A4,ABA7,AC5,B3,D5,CC4,CB3,CA4,BBC2,BBB1,BBA0,DC6,CBB3,CBC4,CBA2,C4,DBC8,DBB8,DBA8
DC:AA3,BA4,BB5,BC4,DB1,DC0,DA2,ABB3,ABC4,C2,A2,ABA4,AC3,AB4,D1,CC3,CB4,CA3,BBC6,BBB6,BBA6,CBB6,CBC5,CBA5,DBA2,DBC2,DBB3,B3
CBB:AC6,A5,BA3,BB2,BC3,DB7,DC6,DA6,ABB9,AB7,ABC8,AA6,ABA8,C4,B4,D5,CC3,CB2,CA3,BBC1,BBB2,BBA3,CBB0,CBC1,CBA1,DBA8,DBC8,DBB9
CBC:AC6,A5,BA4,BB3,BC4,DB6,DC5,DA5,ABB8,AB7,ABC8,AA6,ABA8,C3,B4,D4,CC2,CB1,CA2,BBC2,BBB3,BBA4,CBB1,CBC0,CBA2,DBA7,DBC7,DBB8
CBA:AC6,A5,BA4,BB3,BC4,DB6,DC5,DA5,ABB8,AB7,ABC8,AA6,ABA8,C3,B4,D4,CC2,CB1,CA2,BBC2,BBB1,BBA2,CBB1,CBC2,CBA0,DBA7,DBC7,DBB8
DBA:AC4,A4,BA6,BB7,BC6,B5,DB1,DC2,DA2,AB3,AA4,ABA2,ABB3,ABC4,D3,CC5,CB6,CA5,BBC8,BBB8,BBA8,CBB8,CBC7,CBA7,DBA0,DBC2,DBB1,C4
DBC:AC4,A4,BA6,BB7,BC6,B5,DB1,DC2,DA2,AB3,AA4,ABA2,ABB1,ABC2,D3,CC5,CB6,CA5,BBC8,BBB8,BBA8,CBB8,CBC7,CBA7,DBA2,DBC0,DBB1,C4
DBB:A4,BA6,BB7,BC6,B5,DB2,AC3,DA3,AB2,AA3,ABA1,ABB2,ABC3,D4,CC6,CB7,CA6,BBC8,BBB9,BBA8,DC3,CBB9,CBC8,CBA8,DBA1,DBC1,DBB0,C5
-----
AA:A1,BA3,BB4,BC3,B2,DB4,ABB3,DA3,ABC2,AA0,ABA2,AC2,AB1,D2,CC4,CB5,CA4,BBC5,BBB6,BBA5,DC3,CBB6,CBC6,CBA6,DBA4,DBC4,DBB3,C3
BA:AA3,BA0,BB1,BC2,DB5,C2,DA4,ABB6,AB4,ABC5,A2,ABA5,AC3,B1,D3,CC3,CB4,CA3,BBC2,BBB3,BBA2,DC4,CBB3,CBC4,CBA4,DBA6,DBC6,DBB6
BB:AA4,BA1,BB0,BC1,DB6,ABB7,DA5,AB5,ABC6,A3,ABA6,AC4,B2,D4,CC4,CB4,CA4,BBC1,BBB2,BBA1,DC5,CBB2,CBC3,CBA3,C3,DBC7,DBB7,DBA7
BC:AA3,BA2,BB1,BC0,DB5,C2,DA4,ABB6,AB4,ABC5,A2,ABA5,AC3,B1,D3,CC3,CB4,CA3,BBC2,BBB3,BBA2,DC4,CBB3,CBC4,CBA4,DBA6,DBC6,DBB6
DB:AA4,BA5,BB6,BC5,DB0,DC1,DA1,ABB2,ABC3,C3,A3,ABA3,AC4,AB4,D2,CC4,CB5,CA4,BBC7,BBB7,BBA7,CBB7,CBC6,CBA6,DBA1,DBC1,DBB2,B4
AC:AA2,BA3,BB4,BC3,B2,DB4,ABB3,DA3,ABC2,A1,ABA2,AC0,AB1,D2,CC4,CB5,CA4,BBC5,BBB6,BBA5,DC3,CBB6,CBC6,CBA6,DBA4,DBC4,DBB3,C3
DA:AA3,BA4,BB5,BC4,DB1,DC2,DA0,ABB3,ABC4,C2,A2,ABA4,AC3,AB4,D1,CC3,CB4,CA3,BBC6,BBB6,BBA6,CBB6,CBC5,CBA5,DBA2,DBC2,DBB3,B3
ABB:A4,BA6,BB7,BC6,B5,DB2,AC3,DA3,AB2,AA3,ABA1,ABB0,ABC1,D4,CC6,CB7,CA6,BBC8,BBB9,BBA8,DC3,CBB9,CBC8,CBA8,DBA3,DBC1,DBB2,C5
ABC:A3,BA5,BB6,BC5,B4,DB3,AC2,DA4,AB1,AA2,ABA2,ABB1,ABC0,D4,CC6,CB7,CA6,BBC7,BBB8,BBA7,DC4,CBB8,CBC8,CBA8,DBA4,DBC2,DBB3,C5
AB:A2,BA4,BB5,BC4,DB4,ABB2,DA4,ABC1,C4,AA1,ABA1,AC1,AB0,D3,CC5,CB6,CA5,BBC6,BBB7,BBA6,DC4,CBB7,CBC7,CBA7,DBA3,DBC3,DBB2,B3
A:AA1,BA2,BB3,BC2,DB3,C2,DA2,ABB4,B1,ABC3,A0,ABA3,AC1,AB2,D1,CC3,CB4,CA3,BBC4,BBB5,BBA4,DC2,CBB5,CBC5,CBA5,DBA4,DBC4,DBB4
ABA:A3,BA5,BB6,BC5,B4,DB3,AC2,DA4,AB1,AA2,ABA0,ABB1,ABC2,D4,CC6,CB7,CA6,BBC7,BBB8,BBA7,DC4,CBB8,CBC8,CBA8,DBA2,DBC2,DBB1,C5
C:AA3,BA2,BB3,BC2,DB3,AC3,DA2,ABB5,AB4,ABC5,A2,ABA5,C0,B1,D1,CC1,CB2,CA1,BBC4,BBB4,BBA4,DC2,CBB4,CBC3,CBA3,DBA4,DBC4,DBB5
B:AA2,BA1,BB2,BC1,DB4,C1,DA3,ABB5,AB3,ABC4,A1,ABA4,AC2,B0,D2,CC2,CB3,CA2,BBC3,BBB4,BBA3,DC3,CBB4,CBC4,CBA4,DBA5,DBC5,DBB5
D:AA2,BA3,BB4,BC3,DB2,DC1,DA1,ABB4,ABC4,C1,A1,ABA4,AC2,AB3,D0,CC2,CB3,CA2,BBC5,BBB5,BBA5,CBB5,CBC4,CBA4,DBA3,DBC3,DBB4,B2
CC:A3,BA3,BB4,BC3,DB4,AC4,DA3,ABB6,AB5,ABC6,AA4,ABA6,C1,B2,D2,CC0,CB1,CA2,BBC4,BBB3,BBA4,DC3,CBB3,CBC2,CBA2,DBA5,DBC5,DBB6
CB:AC5,A4,BA4,BB4,BC4,DB5,DC4,DA4,ABB7,AB6,ABC7,AA5,ABA7,C2,B3,D3,CC1,CB0,CA1,BBC3,BBB2,BBA3,CBB2,CBC1,CBA1,DBA6,DBC6,DBB7
CA:A3,BA3,BB4,BC3,DB4,AC4,DA3,ABB6,AB5,ABC6,AA4,ABA6,C1,B2,D2,CC2,CB1,CA0,BBC4,BBB3,BBA4,DC3,CBB3,CBC2,CBA2,DBA5,DBC5,DBB6
BBC:A4,BA2,BB1,BC2,DB7,ABB8,DA6,AB6,ABC7,AA5,ABA7,AC5,B3,D5,CC4,CB3,CA4,BBC0,BBB1,BBA2,DC6,CBB1,CBC2,CBA2,C4,DBC8,DBB8,DBA8
BBB:AC6,A5,BA3,BB2,BC3,DB7,DC6,DA6,ABB9,AB7,ABC8,AA6,ABA8,C4,B4,D5,CC3,CB2,CA3,BBC1,BBB0,BBA1,CBB2,CBC3,CBA1,DBA8,DBC8,DBB9
BBA:AA5,BA2,BB1,BC2,DB7,ABB8,DA6,AB6,ABC7,A4,ABA7,AC5,B3,D5,CC4,CB3,CA4,BBC2,BBB1,BBA0,DC6,CBB3,CBC4,CBA2,C4,DBC8,DBB8,DBA8
DC:AA3,BA4,BB5,BC4,DB1,DC0,DA2,ABB3,ABC4,C2,A2,ABA4,AC3,AB4,D1,CC3,CB4,CA3,BBC6,BBB6,BBA6,CBB6,CBC5,CBA5,DBA2,DBC2,DBB3,B3
CBB:AC6,A5,BA3,BB2,BC3,DB7,DC6,DA6,ABB9,AB7,ABC8,AA6,ABA8,C4,B4,D5,CC3,CB2,CA3,BBC1,BBB2,BBA3,CBB0,CBC1,CBA1,DBA8,DBC8,DBB9
CBC:AC6,A5,BA4,BB3,BC4,DB6,DC5,DA5,ABB8,AB7,ABC8,AA6,ABA8,C3,B4,D4,CC2,CB1,CA2,BBC2,BBB3,BBA4,CBB1,CBC0,CBA2,DBA7,DBC7,DBB8
CBA:AC6,A5,BA4,BB3,BC4,DB6,DC5,DA5,ABB8,AB7,ABC8,AA6,ABA8,C3,B4,D4,CC2,CB1,CA2,BBC2,BBB1,BBA2,CBB1,CBC2,CBA0,DBA7,DBC7,DBB8
DBA:AC4,A4,BA6,BB7,BC6,B5,DB1,DC2,DA2,AB3,AA4,ABA2,ABB3,ABC4,D3,CC5,CB6,CA5,BBC8,BBB8,BBA8,CBB8,CBC7,CBA7,DBA0,DBC2,DBB1,C4
DBC:AC4,A4,BA6,BB7,BC6,B5,DB1,DC2,DA2,AB3,AA4,ABA2,ABB1,ABC2,D3,CC5,CB6,CA5,BBC8,BBB8,BBA8,CBB8,CBC7,CBA7,DBA2,DBC0,DBB1,C4
DBB:A4,BA6,BB7,BC6,B5,DB2,AC3,DA3,AB2,AA3,ABA1,ABB2,ABC3,D4,CC6,CB7,CA6,BBC8,BBB9,BBA8,DC3,CBB9,CBC8,CBA8,DBA1,DBC1,DBB0,C5
-----
