A:A0,B1
C:C0,B1,Z1
B:A1,C1,B0,Z2
E:E0,D1,F1
D:E1,D0,F2
G:H1,G0
F:Z1,E1,D2,F0
I:I0,H1,Z1
H:I1,H0,Z2,G1
K:K0,J1,L1
J:K1,J0,L2
M:Z1,M0,N1
L:K1,J2,Z1,L0
O:O0,N1
N:Z2,M1,O1,N0
Q:Q0,P1,R1
P:Q1,P0,Z1,R2
S:S0,Z1,T1
R:Q1,P2,R0
U:U0,T1
T:S1,Z2,U1,T0
W:X1,W0,V1
V:X2,Z1,W1,V0
X:X0,W1,V2
Z:C1,B2,E2,D3,F1,I1,H2,K2,J3,M1,L1,N2,Q2,P1,S1,R3,T2,W2,V1,X3,Z0
-----
A:A0,C2,B1,Z3
C:A2,C0,B1,E3,D4,F2,I2,H3,K3,J4,M2,L2,N3,Q3,P2,S2,R4,T3,W3,V2,X4,Z1
B:A1,C1,B0,E4,D5,F3,I3,H4,K4,J5,M3,L3,N4,Q4,P3,S3,R5,T4,W4,V3,X5,Z2
E:Z2,E0,D1,F1
D:Z3,E1,D0,F2
G:I2,H1,Z3,G0
F:C2,B3,E1,D2,F0,I2,H3,K3,J4,M2,L2,N3,Q3,P2,S2,R4,T3,W3,V2,X4,Z1
I:C2,B3,E3,D4,G2,F2,I0,H1,K3,J4,M2,L2,N3,Q3,P2,S2,R4,T3,W3,V2,X4,Z1
H:C3,B4,E4,D5,G1,F3,I1,H0,K4,J5,M3,L3,N4,Q4,P3,S3,R5,T4,W4,V3,X5,Z2
K:K0,J1,Z2,L1
J:K1,J0,Z3,L2
M:C2,B3,E3,D4,F2,I2,H3,K3,J4,M0,L2,O2,N1,Q3,P2,S2,R4,T3,W3,V2,X4,Z1
L:C2,B3,E3,D4,F2,I2,H3,K1,J2,M2,L0,N3,Q3,P2,S2,R4,T3,W3,V2,X4,Z1
O:Z3,M2,O0,N1
N:C3,B4,E4,D5,F3,I3,H4,K4,J5,M1,L3,O1,N0,Q4,P3,S3,R5,T4,W4,V3,X5,Z2
Q:Q0,P1,Z2,R1
P:C2,B3,E3,D4,F2,I2,H3,K3,J4,M2,L2,N3,Q1,P0,S2,R2,T3,W3,V2,X4,Z1
S:C2,B3,E3,D4,F2,I2,H3,K3,J4,M2,L2,N3,Q3,P2,S0,R4,U2,T1,W3,V2,X4,Z1
R:Q1,P2,Z3,R0
U:S2,Z3,U0,T1
T:C3,B4,E4,D5,F3,I3,H4,K4,J5,M3,L3,N4,Q4,P3,S1,R5,U1,T0,W4,V3,X5,Z2
W:X1,Z2,W0,V1
V:C2,B3,E3,D4,F2,I2,H3,K3,J4,M2,L2,N3,Q3,P2,S2,R4,T3,W1,V0,X2,Z1
X:X0,Z3,W1,V2
Z:A3,C1,B2,E2,D3,G3,F1,I1,H2,K2,J3,M1,L1,O3,N2,Q2,P1,S1,R3,U3,T2,W2,V1,X3,Z0
-----
A:A0,C2,B1,E5,D6,F4,I4,H5,K5,J6,M4,L4,N5,Q5,P4,S4,R6,T5,W5,V4,X6,Z3
C:A2,C0,B1,E3,D4,G4,F2,I2,H3,K3,J4,M2,L2,O4,N3,Q3,P2,S2,R4,U4,T3,W3,V2,X4,Z1
B:A1,C1,B0,E4,D5,G5,F3,I3,H4,K4,J5,M3,L3,O5,N4,Q4,P3,S3,R5,U5,T4,W4,V3,X5,Z2
E:C3,B4,E0,D1,F1,I3,H4,K4,J5,M3,L3,N4,Q4,P3,S3,R5,T4,W4,V3,X5,Z2
D:C4,B5,E1,D0,F2,I4,H5,K5,J6,M4,L4,N5,Q5,P4,S4,R6,T5,W5,V4,X6,Z3
G:C4,B5,E5,D6,G0,F4,I2,H1,K5,J6,M4,L4,N5,Q5,P4,S4,R6,T5,W5,V4,X6,Z3
F:A4,C2,B3,E1,D2,G4,F0,I2,H3,K3,J4,M2,L2,O4,N3,Q3,P2,S2,R4,U4,T3,W3,V2,X4,Z1
I:A4,C2,B3,E3,D4,G2,F2,I0,H1,K3,J4,M2,L2,O4,N3,Q3,P2,S2,R4,U4,T3,W3,V2,X4,Z1
H:A5,C3,B4,E4,D5,G1,F3,I1,H0,K4,J5,M3,L3,O5,N4,Q4,P3,S3,R5,U5,T4,W4,V3,X5,Z2
K:C3,B4,E4,D5,F3,I3,H4,K0,J1,M3,L1,N4,Q4,P3,S3,R5,T4,W4,V3,X5,Z2
J:C4,B5,E5,D6,F4,I4,H5,K1,J0,M4,L2,N5,Q5,P4,S4,R6,T5,W5,V4,X6,Z3
M:A4,C2,B3,E3,D4,G4,F2,I2,H3,K3,J4,M0,L2,O2,N1,Q3,P2,S2,R4,U4,T3,W3,V2,X4,Z1
L:A4,C2,B3,E3,D4,G4,F2,I2,H3,K1,J2,M2,L0,O4,N3,Q3,P2,S2,R4,U4,T3,W3,V2,X4,Z1
O:C4,B5,E5,D6,F4,I4,H5,K5,J6,M2,L4,O0,N1,Q5,P4,S4,R6,T5,W5,V4,X6,Z3
N:A5,C3,B4,E4,D5,G5,F3,I3,H4,K4,J5,M1,L3,O1,N0,Q4,P3,S3,R5,U5,T4,W4,V3,X5,Z2
Q:C3,B4,E4,D5,F3,I3,H4,K4,J5,M3,L3,N4,Q0,P1,S3,R1,T4,W4,V3,X5,Z2
P:A4,C2,B3,E3,D4,G4,F2,I2,H3,K3,J4,M2,L2,O4,N3,Q1,P0,S2,R2,U4,T3,W3,V2,X4,Z1
S:A4,C2,B3,E3,D4,G4,F2,I2,H3,K3,J4,M2,L2,O4,N3,Q3,P2,S0,R4,U2,T1,W3,V2,X4,Z1
R:C4,B5,E5,D6,F4,I4,H5,K5,J6,M4,L4,N5,Q1,P2,S4,R0,T5,W5,V4,X6,Z3
U:C4,B5,E5,D6,F4,I4,H5,K5,J6,M4,L4,N5,Q5,P4,S2,R6,U0,T1,W5,V4,X6,Z3
T:A5,C3,B4,E4,D5,G5,F3,I3,H4,K4,J5,M3,L3,O5,N4,Q4,P3,S1,R5,U1,T0,W4,V3,X5,Z2
W:C3,B4,E4,D5,F3,I3,H4,K4,J5,M3,L3,N4,Q4,P3,S3,R5,T4,W0,V1,X1,Z2
V:A4,C2,B3,E3,D4,G4,F2,I2,H3,K3,J4,M2,L2,O4,N3,Q3,P2,S2,R4,U4,T3,W1,V0,X2,Z1
X:C4,B5,E5,D6,F4,I4,H5,K5,J6,M4,L4,N5,Q5,P4,S4,R6,T5,W1,V2,X0,Z3
Z:A3,C1,B2,E2,D3,G3,F1,I1,H2,K2,J3,M1,L1,O3,N2,Q2,P1,S1,R3,U3,T2,W2,V1,X3,Z0
-----
A:A0,C2,B1,E5,D6,G6,F4,I4,H5,K5,J6,M4,L4,O6,N5,Q5,P4,S4,R6,U6,T5,W5,V4,X6,Z3
C:A2,C0,B1,E3,D4,G4,F2,I2,H3,K3,J4,M2,L2,O4,N3,Q3,P2,S2,R4,U4,T3,W3,V2,X4,Z1
B:A1,C1,B0,E4,D5,G5,F3,I3,H4,K4,J5,M3,L3,O5,N4,Q4,P3,S3,R5,U5,T4,W4,V3,X5,Z2
E:A5,C3,B4,E0,D1,G5,F1,I3,H4,K4,J5,M3,L3,O5,N4,Q4,P3,S3,R5,U5,T4,W4,V3,X5,Z2
D:A6,C4,B5,E1,D0,G6,F2,I4,H5,K5,J6,M4,L4,O6,N5,Q5,P4,S4,R6,U6,T5,W5,V4,X6,Z3
G:A6,C4,B5,E5,D6,G0,F4,I2,H1,K5,J6,M4,L4,O6,N5,Q5,P4,S4,R6,U6,T5,W5,V4,X6,Z3
F:A4,C2,B3,E1,D2,G4,F0,I2,H3,K3,J4,M2,L2,O4,N3,Q3,P2,S2,R4,U4,T3,W3,V2,X4,Z1
I:A4,C2,B3,E3,D4,G2,F2,I0,H1,K3,J4,M2,L2,O4,N3,Q3,P2,S2,R4,U4,T3,W3,V2,X4,Z1
H:A5,C3,B4,E4,D5,G1,F3,I1,H0,K4,J5,M3,L3,O5,N4,Q4,P3,S3,R5,U5,T4,W4,V3,X5,Z2
K:A5,C3,B4,E4,D5,G5,F3,I3,H4,K0,J1,M3,L1,O5,N4,Q4,P3,S3,R5,U5,T4,W4,V3,X5,Z2
J:A6,C4,B5,E5,D6,G6,F4,I4,H5,K1,J0,M4,L2,O6,N5,Q5,P4,S4,R6,U6,T5,W5,V4,X6,Z3
M:A4,C2,B3,E3,D4,G4,F2,I2,H3,K3,J4,M0,L2,O2,N1,Q3,P2,S2,R4,U4,T3,W3,V2,X4,Z1
L:A4,C2,B3,E3,D4,G4,F2,I2,H3,K1,J2,M2,L0,O4,N3,Q3,P2,S2,R4,U4,T3,W3,V2,X4,Z1
O:A6,C4,B5,E5,D6,G6,F4,I4,H5,K5,J6,M2,L4,O0,N1,Q5,P4,S4,R6,U6,T5,W5,V4,X6,Z3
N:A5,C3,B4,E4,D5,G5,F3,I3,H4,K4,J5,M1,L3,O1,N0,Q4,P3,S3,R5,U5,T4,W4,V3,X5,Z2
Q:A5,C3,B4,E4,D5,G5,F3,I3,H4,K4,J5,M3,L3,O5,N4,Q0,P1,S3,R1,U5,T4,W4,V3,X5,Z2
P:A4,C2,B3,E3,D4,G4,F2,I2,H3,K3,J4,M2,L2,O4,N3,Q1,P0,S2,R2,U4,T3,W3,V2,X4,Z1
S:A4,C2,B3,E3,D4,G4,F2,I2,H3,K3,J4,M2,L2,O4,N3,Q3,P2,S0,R4,U2,T1,W3,V2,X4,Z1
R:A6,C4,B5,E5,D6,G6,F4,I4,H5,K5,J6,M4,L4,O6,N5,Q1,P2,S4,R0,U6,T5,W5,V4,X6,Z3
U:A6,C4,B5,E5,D6,G6,F4,I4,H5,K5,J6,M4,L4,O6,N5,Q5,P4,S2,R6,U0,T1,W5,V4,X6,Z3
T:A5,C3,B4,E4,D5,G5,F3,I3,H4,K4,J5,M3,L3,O5,N4,Q4,P3,S1,R5,U1,T0,W4,V3,X5,Z2
W:A5,C3,B4,E4,D5,G5,F3,I3,H4,K4,J5,M3,L3,O5,N4,Q4,P3,S3,R5,U5,T4,W0,V1,X1,Z2
V:A4,C2,B3,E3,D4,G4,F2,I2,H3,K3,J4,M2,L2,O4,N3,Q3,P2,S2,R4,U4,T3,W1,V0,X2,Z1
X:A6,C4,B5,E5,D6,G6,F4,I4,H5,K5,J6,M4,L4,O6,N5,Q5,P4,S4,R6,U6,T5,W1,V2,X0,Z3
Z:A3,C1,B2,E2,D3,G3,F1,I1,H2,K2,J3,M1,L1,O3,N2,Q2,P1,S1,R3,U3,T2,W2,V1,X3,Z0
-----
A:A0,C2,B1,E5,D6,G6,F4,I4,H5,K5,J6,M4,L4,O6,N5,Q5,P4,S4,R6,U6,T5,W5,V4,X6,Z3
C:A2,C0,B1,E3,D4,G4,F2,I2,H3,K3,J4,M2,L2,O4,N3,Q3,P2,S2,R4,U4,T3,W3,V2,X4,Z1
B:A1,C1,B0,E4,D5,G5,F3,I3,H4,K4,J5,M3,L3,O5,N4,Q4,P3,S3,R5,U5,T4,W4,V3,X5,Z2
E:A5,C3,B4,E0,D1,G5,F1,I3,H4,K4,J5,M3,L3,O5,N4,Q4,P3,S3,R5,U5,T4,W4,V3,X5,Z2
D:A6,C4,B5,E1,D0,G6,F2,I4,H5,K5,J6,M4,L4,O6,N5,Q5,P4,S4,R6,U6,T5,W5,V4,X6,Z3
G:A6,C4,B5,E5,D6,G0,F4,I2,H1,K5,J6,M4,L4,O6,N5,Q5,P4,S4,R6,U6,T5,W5,V4,X6,Z3
F:A4,C2,B3,E1,D2,G4,F0,I2,H3,K3,J4,M2,L2,O4,N3,Q3,P2,S2,R4,U4,T3,W3,V2,X4,Z1
I:A4,C2,B3,E3,D4,G2,F2,I0,H1,K3,J4,M2,L2,O4,N3,Q3,P2,S2,R4,U4,T3,W3,V2,X4,Z1
H:A5,C3,B4,E4,D5,G1,F3,I1,H0,K4,J5,M3,L3,O5,N4,Q4,P3,S3,R5,U5,T4,W4,V3,X5,Z2
K:A5,C3,B4,E4,D5,G5,F3,I3,H4,K0,J1,M3,L1,O5,N4,Q4,P3,S3,R5,U5,T4,W4,V3,X5,Z2
J:A6,C4,B5,E5,D6,G6,F4,I4,H5,K1,J0,M4,L2,O6,N5,Q5,P4,S4,R6,U6,T5,W5,V4,X6,Z3
M:A4,C2,B3,E3,D4,G4,F2,I2,H3,K3,J4,M0,L2,O2,N1,Q3,P2,S2,R4,U4,T3,W3,V2,X4,Z1
L:A4,C2,B3,E3,D4,G4,F2,I2,H3,K1,J2,M2,L0,O4,N3,Q3,P2,S2,R4,U4,T3,W3,V2,X4,Z1
O:A6,C4,B5,E5,D6,G6,F4,I4,H5,K5,J6,M2,L4,O0,N1,Q5,P4,S4,R6,U6,T5,W5,V4,X6,Z3
N:A5,C3,B4,E4,D5,G5,F3,I3,H4,K4,J5,M1,L3,O1,N0,Q4,P3,S3,R5,U5,T4,W4,V3,X5,Z2
Q:A5,C3,B4,E4,D5,G5,F3,I3,H4,K4,J5,M3,L3,O5,N4,Q0,P1,S3,R1,U5,T4,W4,V3,X5,Z2
P:A4,C2,B3,E3,D4,G4,F2,I2,H3,K3,J4,M2,L2,O4,N3,Q1,P0,S2,R2,U4,T3,W3,V2,X4,Z1
S:A4,C2,B3,E3,D4,G4,F2,I2,H3,K3,J4,M2,L2,O4,N3,Q3,P2,S0,R4,U2,T1,W3,V2,X4,Z1
R:A6,C4,B5,E5,D6,G6,F4,I4,H5,K5,J6,M4,L4,O6,N5,Q1,P2,S4,R0,U6,T5,W5,V4,X6,Z3
U:A6,C4,B5,E5,D6,G6,F4,I4,H5,K5,J6,M4,L4,O6,N5,Q5,P4,S2,R6,U0,T1,W5,V4,X6,Z3
T:A5,C3,B4,E4,D5,G5,F3,I3,H4,K4,J5,M3,L3,O5,N4,Q4,P3,S1,R5,U1,T0,W4,V3,X5,Z2
W:A5,C3,B4,E4,D5,G5,F3,I3,H4,K4,J5,M3,L3,O5,N4,Q4,P3,S3,R5,U5,T4,W0,V1,X1,Z2
V:A4,C2,B3,E3,D4,G4,F2,I2,H3,K3,J4,M2,L2,O4,N3,Q3,P2,S2,R4,U4,T3,W1,V0,X2,Z1
X:A6,C4,B5,E5,D6,G6,F4,I4,H5,K5,J6,M4,L4,O6,N5,Q5,P4,S4,R6,U6,T5,W1,V2,X0,Z3
Z:A3,C1,B2,E2,D3,G3,F1,I1,H2,K2,J3,M1,L1,O3,N2,Q2,P1,S1,R3,U3,T2,W2,V1,X3,Z0
-----
