A:A0,B1
C:C0,B1,D1
B:A1,C1,B0,D2
E:E0,D1,F1
D:C1,B2,E1,D0,F2
G:H1,G0,F1
F:H2,E1,D2,G1,F0
I:I0,H1,J1
H:I1,H0,J2,G1,F2
K:K0,J1
J:I1,H2,K1,J0,L1
M:M0,L1,N1
L:I2,H3,K2,J1,M1,L0,N2
O:P1,O0,N1
N:P2,M1,L2,O1,N0
Q:Q0,P1,R1
P:Q1,P0,R2,O1,N2
S:S0,R1
R:Q1,P2,S1,R0,T1
T:Q2,P3,S2,R1,T0
-----
A:A0,C2,B1,D3
C:A2,C0,B1,E2,D1,F3
B:A1,C1,B0,E3,D2,F4
E:C2,B3,E0,D1,G2,F1,H3
D:A3,C1,B2,E1,D0,G3,F2,H4
G:E2,D3,G0,F1,I2,H1,J3
F:C3,B4,E1,D2,G1,F0,I3,H2,J4
I:G2,F3,I0,H1,K2,J1,L2
H:E3,D4,G1,F2,I1,H0,K3,J2,L3
K:I2,H3,K0,J1,L2
J:G3,F4,I1,H2,K1,J0,M2,L1,N3
M:I3,H4,K3,J2,M0,L1,O2,N1,P3
L:G4,F5,I2,H3,K2,J1,M1,L0,O3,N2,P4
O:M2,L3,O0,N1,Q2,P1,R3
N:I4,H5,K4,J3,M1,L2,O1,N0,Q3,P2,R4
Q:O2,N3,Q0,P1,S2,R1,T2
P:M3,L4,O1,N2,Q1,P0,S3,R2,T3
S:Q2,P3,S0,R1,T2
R:O3,N4,Q1,P2,S1,R0,T1
T:O4,N5,Q2,P3,S2,R1,T0
-----
A:A0,C2,B1,E4,D3,F5
C:A2,C0,B1,E2,D1,G4,F3,H5
B:A1,C1,B0,E3,D2,G5,F4,H6
E:A4,C2,B3,E0,D1,G2,F1,I4,H3,J5
D:A3,C1,B2,E1,D0,G3,F2,I5,H4,J6
G:C4,B5,E2,D3,G0,F1,I2,H1,K4,J3,L4
F:A5,C3,B4,E1,D2,G1,F0,I3,H2,K5,J4,L5
I:E4,D5,G2,F3,I0,H1,K2,J1,M3,L2,N4
H:C5,B6,E3,D4,G1,F2,I1,H0,K3,J2,M4,L3,N5
K:G4,F5,I2,H3,K0,J1,M3,L2,N4
J:E5,D6,G3,F4,I1,H2,K1,J0,M2,L1,O4,N3,P5
M:G5,F6,I3,H4,K3,J2,M0,L1,O2,N1,Q4,P3,R5
L:E6,D7,G4,F5,I2,H3,K2,J1,M1,L0,O3,N2,Q5,P4,R6
O:I5,H6,K5,J4,M2,L3,O0,N1,Q2,P1,S4,R3,T4
N:G6,F7,I4,H5,K4,J3,M1,L2,O1,N0,Q3,P2,S5,R4,T5
Q:M4,L5,O2,N3,Q0,P1,S2,R1,T2
P:I6,H7,K6,J5,M3,L4,O1,N2,Q1,P0,S3,R2,T3
S:O4,N5,Q2,P3,S0,R1,T2
R:M5,L6,O3,N4,Q1,P2,S1,R0,T1
T:M6,L7,O4,N5,Q2,P3,S2,R1,T0
-----
A:A0,C2,B1,E4,D3,G6,F5,H7
C:A2,C0,B1,E2,D1,G4,F3,I6,H5,J7
B:A1,C1,B0,E3,D2,G5,F4,I7,H6,J8
E:A4,C2,B3,E0,D1,G2,F1,I4,H3,K6,J5,L6
D:A3,C1,B2,E1,D0,G3,F2,I5,H4,K7,J6,L7
G:A6,C4,B5,E2,D3,G0,F1,I2,H1,K4,J3,M5,L4,N6
F:A5,C3,B4,E1,D2,G1,F0,I3,H2,K5,J4,M6,L5,N7
I:C6,B7,E4,D5,G2,F3,I0,H1,K2,J1,M3,L2,O5,N4,P6
H:A7,C5,B6,E3,D4,G1,F2,I1,H0,K3,J2,M4,L3,O6,N5,P7
K:E6,D7,G4,F5,I2,H3,K0,J1,M3,L2,O5,N4,P6
J:C7,B8,E5,D6,G3,F4,I1,H2,K1,J0,M2,L1,O4,N3,Q6,P5,R7
M:E7,D8,G5,F6,I3,H4,K3,J2,M0,L1,O2,N1,Q4,P3,S6,R5,T6
L:C8,B9,E6,D7,G4,F5,I2,H3,K2,J1,M1,L0,O3,N2,Q5,P4,S7,R6,T7
O:G7,F8,I5,H6,K5,J4,M2,L3,O0,N1,Q2,P1,S4,R3,T4
N:E8,D9,G6,F7,I4,H5,K4,J3,M1,L2,O1,N0,Q3,P2,S5,R4,T5
Q:I7,H8,K7,J6,M4,L5,O2,N3,Q0,P1,S2,R1,T2
P:G8,F9,I6,H7,K6,J5,M3,L4,O1,N2,Q1,P0,S3,R2,T3
S:M6,L7,O4,N5,Q2,P3,S0,R1,T2
R:I8,H9,K8,J7,M5,L6,O3,N4,Q1,P2,S1,R0,T1
T:I9,H10,K9,J8,M6,L7,O4,N5,Q2,P3,S2,R1,T0
-----
A:A0,C2,B1,E4,D3,G6,F5,I8,H7,J9
C:A2,C0,B1,E2,D1,G4,F3,I6,H5,K8,J7,L8
B:A1,C1,B0,E3,D2,G5,F4,I7,H6,K9,J8,L9
E:A4,C2,B3,E0,D1,G2,F1,I4,H3,K6,J5,M7,L6,N8
D:A3,C1,B2,E1,D0,G3,F2,I5,H4,K7,J6,M8,L7,N9
G:A6,C4,B5,E2,D3,G0,F1,I2,H1,K4,J3,M5,L4,O7,N6,P8
F:A5,C3,B4,E1,D2,G1,F0,I3,H2,K5,J4,M6,L5,O8,N7,P9
I:A8,C6,B7,E4,D5,G2,F3,I0,H1,K2,J1,M3,L2,O5,N4,Q7,P6,R8
H:A7,C5,B6,E3,D4,G1,F2,I1,H0,K3,J2,M4,L3,O6,N5,Q8,P7,R9
K:C8,B9,E6,D7,G4,F5,I2,H3,K0,J1,M3,L2,O5,N4,Q7,P6,R8
J:A9,C7,B8,E5,D6,G3,F4,I1,H2,K1,J0,M2,L1,O4,N3,Q6,P5,S8,R7,T8
M:C9,B10,E7,D8,G5,F6,I3,H4,K3,J2,M0,L1,O2,N1,Q4,P3,S6,R5,T6
L:A10,C8,B9,E6,D7,G4,F5,I2,H3,K2,J1,M1,L0,O3,N2,Q5,P4,S7,R6,T7
O:E9,D10,G7,F8,I5,H6,K5,J4,M2,L3,O0,N1,Q2,P1,S4,R3,T4
N:C10,B11,E8,D9,G6,F7,I4,H5,K4,J3,M1,L2,O1,N0,Q3,P2,S5,R4,T5
Q:G9,F10,I7,H8,K7,J6,M4,L5,O2,N3,Q0,P1,S2,R1,T2
P:E10,D11,G8,F9,I6,H7,K6,J5,M3,L4,O1,N2,Q1,P0,S3,R2,T3
S:I9,H10,K9,J8,M6,L7,O4,N5,Q2,P3,S0,R1,T2
R:G10,F11,I8,H9,K8,J7,M5,L6,O3,N4,Q1,P2,S1,R0,T1
T:G11,F12,I9,H10,K9,J8,M6,L7,O4,N5,Q2,P3,S2,R1,T0
-----
A:A0,C2,B1,E4,D3,G6,F5,I8,H7,K10,J9,L10
C:A2,C0,B1,E2,D1,G4,F3,I6,H5,K8,J7,M9,L8,N10
B:A1,C1,B0,E3,D2,G5,F4,I7,H6,K9,J8,M10,L9,N11
E:A4,C2,B3,E0,D1,G2,F1,I4,H3,K6,J5,M7,L6,O9,N8,P10
D:A3,C1,B2,E1,D0,G3,F2,I5,H4,K7,J6,M8,L7,O10,N9,P11
G:A6,C4,B5,E2,D3,G0,F1,I2,H1,K4,J3,M5,L4,O7,N6,Q9,P8,R10
F:A5,C3,B4,E1,D2,G1,F0,I3,H2,K5,J4,M6,L5,O8,N7,Q10,P9,R11
I:A8,C6,B7,E4,D5,G2,F3,I0,H1,K2,J1,M3,L2,O5,N4,Q7,P6,S9,R8,T9
H:A7,C5,B6,E3,D4,G1,F2,I1,H0,K3,J2,M4,L3,O6,N5,Q8,P7,S10,R9,T10
K:A10,C8,B9,E6,D7,G4,F5,I2,H3,K0,J1,M3,L2,O5,N4,Q7,P6,S9,R8,T9
J:A9,C7,B8,E5,D6,G3,F4,I1,H2,K1,J0,M2,L1,O4,N3,Q6,P5,S8,R7,T8
M:A11,C9,B10,E7,D8,G5,F6,I3,H4,K3,J2,M0,L1,O2,N1,Q4,P3,S6,R5,T6
L:A10,C8,B9,E6,D7,G4,F5,I2,H3,K2,J1,M1,L0,O3,N2,Q5,P4,S7,R6,T7
O:C11,B12,E9,D10,G7,F8,I5,H6,K5,J4,M2,L3,O0,N1,Q2,P1,S4,R3,T4
N:A12,C10,B11,E8,D9,G6,F7,I4,H5,K4,J3,M1,L2,O1,N0,Q3,P2,S5,R4,T5
Q:E11,D12,G9,F10,I7,H8,K7,J6,M4,L5,O2,N3,Q0,P1,S2,R1,T2
P:C12,B13,E10,D11,G8,F9,I6,H7,K6,J5,M3,L4,O1,N2,Q1,P0,S3,R2,T3
S:G11,F12,I9,H10,K9,J8,M6,L7,O4,N5,Q2,P3,S0,R1,T2
R:E12,D13,G10,F11,I8,H9,K8,J7,M5,L6,O3,N4,Q1,P2,S1,R0,T1
T:E13,D14,G11,F12,I9,H10,K9,J8,M6,L7,O4,N5,Q2,P3,S2,R1,T0
-----
A:A0,C2,B1,E4,D3,G6,F5,I8,H7,K10,J9,M11,L10,N12
C:A2,C0,B1,E2,D1,G4,F3,I6,H5,K8,J7,M9,L8,O11,N10,P12
B:A1,C1,B0,E3,D2,G5,F4,I7,H6,K9,J8,M10,L9,O12,N11,P13
E:A4,C2,B3,E0,D1,G2,F1,I4,H3,K6,J5,M7,L6,O9,N8,Q11,P10,R12
D:A3,C1,B2,E1,D0,G3,F2,I5,H4,K7,J6,M8,L7,O10,N9,Q12,P11,R13
G:A6,C4,B5,E2,D3,G0,F1,I2,H1,K4,J3,M5,L4,O7,N6,Q9,P8,S11,R10,T11
F:A5,C3,B4,E1,D2,G1,F0,I3,H2,K5,J4,M6,L5,O8,N7,Q10,P9,S12,R11,T12
I:A8,C6,B7,E4,D5,G2,F3,I0,H1,K2,J1,M3,L2,O5,N4,Q7,P6,S9,R8,T9
H:A7,C5,B6,E3,D4,G1,F2,I1,H0,K3,J2,M4,L3,O6,N5,Q8,P7,S10,R9,T10
K:A10,C8,B9,E6,D7,G4,F5,I2,H3,K0,J1,M3,L2,O5,N4,Q7,P6,S9,R8,T9
J:A9,C7,B8,E5,D6,G3,F4,I1,H2,K1,J0,M2,L1,O4,N3,Q6,P5,S8,R7,T8
M:A11,C9,B10,E7,D8,G5,F6,I3,H4,K3,J2,M0,L1,O2,N1,Q4,P3,S6,R5,T6
L:A10,C8,B9,E6,D7,G4,F5,I2,H3,K2,J1,M1,L0,O3,N2,Q5,P4,S7,R6,T7
O:A13,C11,B12,E9,D10,G7,F8,I5,H6,K5,J4,M2,L3,O0,N1,Q2,P1,S4,R3,T4
N:A12,C10,B11,E8,D9,G6,F7,I4,H5,K4,J3,M1,L2,O1,N0,Q3,P2,S5,R4,T5
Q:C13,B14,E11,D12,G9,F10,I7,H8,K7,J6,M4,L5,O2,N3,Q0,P1,S2,R1,T2
P:A14,C12,B13,E10,D11,G8,F9,I6,H7,K6,J5,M3,L4,O1,N2,Q1,P0,S3,R2,T3
S:E13,D14,G11,F12,I9,H10,K9,J8,M6,L7,O4,N5,Q2,P3,S0,R1,T2
R:C14,B15,E12,D13,G10,F11,I8,H9,K8,J7,M5,L6,O3,N4,Q1,P2,S1,R0,T1
T:C15,B16,E13,D14,G11,F12,I9,H10,K9,J8,M6,L7,O4,N5,Q2,P3,S2,R1,T0
-----
A:A0,C2,B1,E4,D3,G6,F5,I8,H7,K10,J9,M11,L10,O13,N12,P14
C:A2,C0,B1,E2,D1,G4,F3,I6,H5,K8,J7,M9,L8,O11,N10,Q13,P12,R14
B:A1,C1,B0,E3,D2,G5,F4,I7,H6,K9,J8,M10,L9,O12,N11,Q14,P13,R15
E:A4,C2,B3,E0,D1,G2,F1,I4,H3,K6,J5,M7,L6,O9,N8,Q11,P10,S13,R12,T13
D:A3,C1,B2,E1,D0,G3,F2,I5,H4,K7,J6,M8,L7,O10,N9,Q12,P11,S14,R13,T14
G:A6,C4,B5,E2,D3,G0,F1,I2,H1,K4,J3,M5,L4,O7,N6,Q9,P8,S11,R10,T11
F:A5,C3,B4,E1,D2,G1,F0,I3,H2,K5,J4,M6,L5,O8,N7,Q10,P9,S12,R11,T12
I:A8,C6,B7,E4,D5,G2,F3,I0,H1,K2,J1,M3,L2,O5,N4,Q7,P6,S9,R8,T9
H:A7,C5,B6,E3,D4,G1,F2,I1,H0,K3,J2,M4,L3,O6,N5,Q8,P7,S10,R9,T10
K:A10,C8,B9,E6,D7,G4,F5,I2,H3,K0,J1,M3,L2,O5,N4,Q7,P6,S9,R8,T9
J:A9,C7,B8,E5,D6,G3,F4,I1,H2,K1,J0,M2,L1,O4,N3,Q6,P5,S8,R7,T8
M:A11,C9,B10,E7,D8,G5,F6,I3,H4,K3,J2,M0,L1,O2,N1,Q4,P3,S6,R5,T6
L:A10,C8,B9,E6,D7,G4,F5,I2,H3,K2,J1,M1,L0,O3,N2,Q5,P4,S7,R6,T7
O:A13,C11,B12,E9,D10,G7,F8,I5,H6,K5,J4,M2,L3,O0,N1,Q2,P1,S4,R3,T4
N:A12,C10,B11,E8,D9,G6,F7,I4,H5,K4,J3,M1,L2,O1,N0,Q3,P2,S5,R4,T5
Q:A15,C13,B14,E11,D12,G9,F10,I7,H8,K7,J6,M4,L5,O2,N3,Q0,P1,S2,R1,T2
P:A14,C12,B13,E10,D11,G8,F9,I6,H7,K6,J5,M3,L4,O1,N2,Q1,P0,S3,R2,T3
S:C15,B16,E13,D14,G11,F12,I9,H10,K9,J8,M6,L7,O4,N5,Q2,P3,S0,R1,T2
R:A16,C14,B15,E12,D13,G10,F11,I8,H9,K8,J7,M5,L6,O3,N4,Q1,P2,S1,R0,T1
T:A17,C15,B16,E13,D14,G11,F12,I9,H10,K9,J8,M6,L7,O4,N5,Q2,P3,S2,R1,T0
-----
A:A0,C2,B1,E4,D3,G6,F5,I8,H7,K10,J9,M11,L10,O13,N12,Q15,P14,R16
C:A2,C0,B1,E2,D1,G4,F3,I6,H5,K8,J7,M9,L8,O11,N10,Q13,P12,S15,R14,T15
B:A1,C1,B0,E3,D2,G5,F4,I7,H6,K9,J8,M10,L9,O12,N11,Q14,P13,S16,R15,T16
E:A4,C2,B3,E0,D1,G2,F1,I4,H3,K6,J5,M7,L6,O9,N8,Q11,P10,S13,R12,T13
D:A3,C1,B2,E1,D0,G3,F2,I5,H4,K7,J6,M8,L7,O10,N9,Q12,P11,S14,R13,T14
G:A6,C4,B5,E2,D3,G0,F1,I2,H1,K4,J3,M5,L4,O7,N6,Q9,P8,S11,R10,T11
F:A5,C3,B4,E1,D2,G1,F0,I3,H2,K5,J4,M6,L5,O8,N7,Q10,P9,S12,R11,T12
I:A8,C6,B7,E4,D5,G2,F3,I0,H1,K2,J1,M3,L2,O5,N4,Q7,P6,S9,R8,T9
H:A7,C5,B6,E3,D4,G1,F2,I1,H0,K3,J2,M4,L3,O6,N5,Q8,P7,S10,R9,T10
K:A10,C8,B9,E6,D7,G4,F5,I2,H3,K0,J1,M3,L2,O5,N4,Q7,P6,S9,R8,T9
J:A9,C7,B8,E5,D6,G3,F4,I1,H2,K1,J0,M2,L1,O4,N3,Q6,P5,S8,R7,T8
M:A11,C9,B10,E7,D8,G5,F6,I3,H4,K3,J2,M0,L1,O2,N1,Q4,P3,S6,R5,T6
L:A10,C8,B9,E6,D7,G4,F5,I2,H3,K2,J1,M1,L0,O3,N2,Q5,P4,S7,R6,T7
O:A13,C11,B12,E9,D10,G7,F8,I5,H6,K5,J4,M2,L3,O0,N1,Q2,P1,S4,R3,T4
N:A12,C10,B11,E8,D9,G6,F7,I4,H5,K4,J3,M1,L2,O1,N0,Q3,P2,S5,R4,T5
Q:A15,C13,B14,E11,D12,G9,F10,I7,H8,K7,J6,M4,L5,O2,N3,Q0,P1,S2,R1,T2
P:A14,C12,B13,E10,D11,G8,F9,I6,H7,K6,J5,M3,L4,O1,N2,Q1,P0,S3,R2,T3
S:A17,C15,B16,E13,D14,G11,F12,I9,H10,K9,J8,M6,L7,O4,N5,Q2,P3,S0,R1,T2
R:A16,C14,B15,E12,D13,G10,F11,I8,H9,K8,J7,M5,L6,O3,N4,Q1,P2,S1,R0,T1
T:A17,C15,B16,E13,D14,G11,F12,I9,H10,K9,J8,M6,L7,O4,N5,Q2,P3,S2,R1,T0
-----
A:A0,C2,B1,E4,D3,G6,F5,I8,H7,K10,J9,M11,L10,O13,N12,Q15,P14,S17,R16,T17
C:A2,C0,B1,E2,D1,G4,F3,I6,H5,K8,J7,M9,L8,O11,N10,Q13,P12,S15,R14,T15
B:A1,C1,B0,E3,D2,G5,F4,I7,H6,K9,J8,M10,L9,O12,N11,Q14,P13,S16,R15,T16
E:A4,C2,B3,E0,D1,G2,F1,I4,H3,K6,J5,M7,L6,O9,N8,Q11,P10,S13,R12,T13
D:A3,C1,B2,E1,D0,G3,F2,I5,H4,K7,J6,M8,L7,O10,N9,Q12,P11,S14,R13,T14
G:A6,C4,B5,E2,D3,G0,F1,I2,H1,K4,J3,M5,L4,O7,N6,Q9,P8,S11,R10,T11
F:A5,C3,B4,E1,D2,G1,F0,I3,H2,K5,J4,M6,L5,O8,N7,Q10,P9,S12,R11,T12
I:A8,C6,B7,E4,D5,G2,F3,I0,H1,K2,J1,M3,L2,O5,N4,Q7,P6,S9,R8,T9
H:A7,C5,B6,E3,D4,G1,F2,I1,H0,K3,J2,M4,L3,O6,N5,Q8,P7,S10,R9,T10
K:A10,C8,B9,E6,D7,G4,F5,I2,H3,K0,J1,M3,L2,O5,N4,Q7,P6,S9,R8,T9
J:A9,C7,B8,E5,D6,G3,F4,I1,H2,K1,J0,M2,L1,O4,N3,Q6,P5,S8,R7,T8
M:A11,C9,B10,E7,D8,G5,F6,I3,H4,K3,J2,M0,L1,O2,N1,Q4,P3,S6,R5,T6
L:A10,C8,B9,E6,D7,G4,F5,I2,H3,K2,J1,M1,L0,O3,N2,Q5,P4,S7,R6,T7
O:A13,C11,B12,E9,D10,G7,F8,I5,H6,K5,J4,M2,L3,O0,N1,Q2,P1,S4,R3,T4
N:A12,C10,B11,E8,D9,G6,F7,I4,H5,K4,J3,M1,L2,O1,N0,Q3,P2,S5,R4,T5
Q:A15,C13,B14,E11,D12,G9,F10,I7,H8,K7,J6,M4,L5,O2,N3,Q0,P1,S2,R1,T2
P:A14,C12,B13,E10,D11,G8,F9,I6,H7,K6,J5,M3,L4,O1,N2,Q1,P0,S3,R2,T3
S:A17,C15,B16,E13,D14,G11,F12,I9,H10,K9,J8,M6,L7,O4,N5,Q2,P3,S0,R1,T2
R:A16,C14,B15,E12,D13,G10,F11,I8,H9,K8,J7,M5,L6,O3,N4,Q1,P2,S1,R0,T1
T:A17,C15,B16,E13,D14,G11,F12,I9,H10,K9,J8,M6,L7,O4,N5,Q2,P3,S2,R1,T0
-----
