A:A0,R1,B1,D1
C:C0,B1,Z1
B:A1,C1,B0,D2,R2,Z2
E:E0,D1,F1
D:A1,B2,E1,D0,G1,F2,R2
G:A2,B3,E2,D1,G0,F3,H1,J1,R3
F:Z1,E1,D2,F0
I:I0,H1,Z1
H:A3,B4,E3,D2,G1,F4,I1,H0,J2,R4,Z2
K:K0,J1,L1
J:A3,B4,E3,D2,G1,F4,H2,K1,J0,L2,O1,R4
M:Z1,M0,N1
L:K1,J2,Z1,L0
O:A4,B5,E4,D3,G2,F5,H3,K2,J1,L3,O0,N1,R5,X1
N:A5,B6,E5,D4,G3,F6,H4,K3,J2,M1,L4,O1,N0,R6,X2,Z2
Q:Q0,P1,R1
P:Q1,P0,Z1,R2
S:S0,Z1,T1
R:A1,B2,D2,Q1,P2,R0,U1
U:A2,B3,D3,Q2,P3,R1,U0,T1,X1
T:A3,B4,D4,Q3,P4,S1,R2,U1,T0,X2,Z2
W:X1,W0,V1
V:X2,Z1,W1,V0
X:A3,B4,E5,D4,G3,F6,H4,K3,J2,L4,O1,N2,Q3,P4,R2,U1,T2,W1,V2,X0
Z:C1,B2,E2,D3,F1,I1,H2,K2,J3,M1,L1,N2,Q2,P1,S1,R3,T2,W2,V1,X3,Z0
-----
A:A0,C2,B1,E2,D1,G2,F3,Q2,P3,R1,U2,Z3
C:A2,C0,B1,E3,D3,F2,I2,H3,K3,J4,M2,L2,N3,Q3,P2,S2,R3,T3,W3,V2,X4,Z1
B:A1,C1,B0,E3,D2,G3,F3,I3,H4,K4,J5,M3,L3,N4,Q3,P3,S3,R2,U3,T4,W4,V3,X5,Z2
E:A2,B3,E0,D1,G2,F1,R3,Z2
D:A1,C3,B2,E1,D0,G1,F2,H2,J2,Q3,P4,R2,U3,Z3
G:A2,C4,B3,E2,D1,G0,F3,I2,H1,K2,J1,L3,O2,Q4,P5,R3,U4,Z3
F:A3,C2,B3,E1,D2,G3,F0,I2,H3,K3,J4,M2,L2,N3,Q3,P2,S2,R4,T3,W3,V2,X4,Z1
I:A4,C2,B3,E3,D3,G2,F2,I0,H1,K3,J3,M2,L2,N3,Q3,P2,S2,R4,T3,W3,V2,X4,Z1
H:A3,C3,B4,E3,D2,G1,F3,I1,H0,K3,J2,M3,L3,O3,N4,Q4,P3,S3,R4,U5,T4,W4,V3,X5,Z2
K:A4,B5,E4,D3,G2,F5,H3,K0,J1,L1,O2,R5,Z2
J:A3,C5,B4,E3,D2,G1,F4,I3,H2,K1,J0,L2,O1,N2,Q5,P6,R4,U5,X2,Z3
M:A6,C2,B3,E3,D4,G4,F2,I2,H3,K3,J3,M0,L2,O2,N1,Q3,P2,S2,R4,T3,W3,V2,X3,Z1
L:A5,C2,B3,E3,D4,G3,F2,I2,H3,K1,J2,M2,L0,O3,N3,Q3,P2,S2,R4,T3,W3,V2,X4,Z1
O:A4,C6,B5,E4,D3,G2,F5,I4,H3,K2,J1,M2,L3,O0,N1,Q4,P5,R3,U2,T3,W2,V3,X1,Z3
N:A5,C3,B4,E4,D4,G3,F3,I3,H4,K3,J2,M1,L3,O1,N0,Q4,P3,S3,R4,U3,T4,W3,V3,X2,Z2
Q:A2,B3,D3,Q0,P1,R1,U2,Z2
P:A3,C2,B3,E3,D4,F2,I2,H3,K3,J4,M2,L2,N3,Q1,P0,S2,R2,U3,T3,W3,V2,X4,Z1
S:A4,C2,B3,E3,D4,F2,I2,H3,K3,J4,M2,L2,N3,Q3,P2,S0,R3,U2,T1,W3,V2,X3,Z1
R:A1,C3,B2,E3,D2,G3,F4,Q1,P2,R0,U1,T2,X2,Z3
U:A2,C4,B3,E4,D3,G4,F5,H5,K4,J3,L5,O2,N3,Q2,P3,S2,R1,U0,T1,W2,V3,X1,Z3
T:A3,C3,B4,E4,D4,G5,F3,I3,H4,K4,J4,M3,L3,O3,N4,Q3,P3,S1,R2,U1,T0,W3,V3,X2,Z2
W:A4,B5,E6,D5,G4,F7,H5,K4,J3,L5,O2,N3,Q4,P5,R3,U2,T3,W0,V1,X1,Z2
V:A5,C2,B3,E3,D4,G5,F2,I2,H3,K3,J4,M2,L2,O3,N3,Q3,P2,S2,R4,U3,T3,W1,V0,X2,Z1
X:A3,C5,B4,E5,D4,G3,F6,I5,H4,K3,J2,M3,L4,O1,N2,Q3,P4,S3,R2,U1,T2,W1,V2,X0,Z3
Z:A3,C1,B2,E2,D3,G3,F1,I1,H2,K2,J3,M1,L1,O3,N2,Q2,P1,S1,R3,U3,T2,W2,V1,X3,Z0
-----
A:A0,C2,B1,E2,D1,G2,F3,I4,H3,K5,J3,M4,L4,N5,Q2,P3,S4,R1,U2,T3,W5,V4,X3,Z3
C:A2,C0,B1,E3,D3,G4,F2,I2,H3,K3,J4,M2,L2,O4,N3,Q3,P2,S2,R3,U4,T3,W3,V2,X4,Z1
B:A1,C1,B0,E3,D2,G3,F3,I3,H4,K4,J4,M3,L3,O5,N4,Q3,P3,S3,R2,U3,T4,W4,V3,X4,Z2
E:A2,C3,B3,E0,D1,G2,F1,I3,H3,K4,J3,M3,L3,N4,Q4,P3,S3,R3,U4,T4,W4,V3,X5,Z2
D:A1,C3,B2,E1,D0,G1,F2,I3,H2,K3,J2,M4,L4,O3,N5,Q3,P4,S4,R2,U3,T4,W5,V4,X4,Z3
G:A2,C4,B3,E2,D1,G0,F3,I2,H1,K2,J1,M4,L3,O2,N3,Q4,P4,S4,R3,U4,T5,W5,V4,X3,Z3
F:A3,C2,B3,E1,D2,G3,F0,I2,H3,K3,J4,M2,L2,O4,N3,Q3,P2,S2,R4,U4,T3,W3,V2,X4,Z1
I:A4,C2,B3,E3,D3,G2,F2,I0,H1,K3,J3,M2,L2,O4,N3,Q3,P2,S2,R4,U4,T3,W3,V2,X4,Z1
H:A3,C3,B4,E3,D2,G1,F3,I1,H0,K3,J2,M3,L3,O3,N4,Q4,P3,S3,R4,U5,T4,W4,V3,X4,Z2
K:A4,C3,B4,E4,D3,G2,F3,I3,H3,K0,J1,M3,L1,O2,N3,Q4,P3,S3,R5,U6,T4,W4,V3,X3,Z2
J:A3,C4,B4,E3,D2,G1,F4,I3,H2,K1,J0,M3,L2,O1,N2,Q5,P4,S4,R4,U3,T4,W3,V4,X2,Z3
M:A4,C2,B3,E3,D4,G4,F2,I2,H3,K3,J3,M0,L2,O2,N1,Q3,P2,S2,R4,U4,T3,W3,V2,X3,Z1
L:A4,C2,B3,E3,D4,G3,F2,I2,H3,K1,J2,M2,L0,O3,N3,Q3,P2,S2,R4,U4,T3,W3,V2,X4,Z1
O:A4,C4,B5,E4,D3,G2,F4,I4,H3,K2,J1,M2,L3,O0,N1,Q4,P4,S4,R3,U2,T3,W2,V3,X1,Z3
N:A5,C3,B4,E4,D4,G3,F3,I3,H4,K3,J2,M1,L3,O1,N0,Q4,P3,S3,R4,U3,T4,W3,V3,X2,Z2
Q:A2,C3,B3,E4,D3,G4,F3,I3,H4,K4,J5,M3,L3,N4,Q0,P1,S3,R1,U2,T3,W4,V3,X3,Z2
P:A3,C2,B3,E3,D4,G4,F2,I2,H3,K3,J4,M2,L2,O4,N3,Q1,P0,S2,R2,U3,T3,W3,V2,X4,Z1
S:A4,C2,B3,E3,D4,G4,F2,I2,H3,K3,J4,M2,L2,O4,N3,Q3,P2,S0,R3,U2,T1,W3,V2,X3,Z1
R:A1,C3,B2,E3,D2,G3,F4,I4,H4,K5,J4,M4,L4,O3,N4,Q1,P2,S3,R0,U1,T2,W3,V4,X2,Z3
U:A2,C4,B3,E4,D3,G4,F4,I4,H5,K4,J3,M4,L4,O2,N3,Q2,P3,S2,R1,U0,T1,W2,V3,X1,Z3
T:A3,C3,B4,E4,D4,G5,F3,I3,H4,K4,J4,M3,L3,O3,N4,Q3,P3,S1,R2,U1,T0,W3,V3,X2,Z2
W:A4,C3,B4,E4,D5,G4,F3,I3,H4,K4,J3,M3,L3,O2,N3,Q4,P3,S3,R3,U2,T3,W0,V1,X1,Z2
V:A4,C2,B3,E3,D4,G4,F2,I2,H3,K3,J4,M2,L2,O3,N3,Q3,P2,S2,R4,U3,T3,W1,V0,X2,Z1
X:A3,C4,B4,E5,D4,G3,F4,I4,H4,K3,J2,M3,L4,O1,N2,Q3,P4,S3,R2,U1,T2,W1,V2,X0,Z3
Z:A3,C1,B2,E2,D3,G3,F1,I1,H2,K2,J3,M1,L1,O3,N2,Q2,P1,S1,R3,U3,T2,W2,V1,X3,Z0
-----
A:A0,C2,B1,E2,D1,G2,F3,I4,H3,K4,J3,M4,L4,O4,N5,Q2,P3,S4,R1,U2,T3,W4,V4,X3,Z3
C:A2,C0,B1,E3,D3,G4,F2,I2,H3,K3,J4,M2,L2,O4,N3,Q3,P2,S2,R3,U4,T3,W3,V2,X4,Z1
B:A1,C1,B0,E3,D2,G3,F3,I3,H4,K4,J4,M3,L3,O5,N4,Q3,P3,S3,R2,U3,T4,W4,V3,X4,Z2
E:A2,C3,B3,E0,D1,G2,F1,I3,H3,K4,J3,M3,L3,O4,N4,Q4,P3,S3,R3,U4,T4,W4,V3,X5,Z2
D:A1,C3,B2,E1,D0,G1,F2,I3,H2,K3,J2,M4,L4,O3,N4,Q3,P4,S4,R2,U3,T4,W5,V4,X4,Z3
G:A2,C4,B3,E2,D1,G0,F3,I2,H1,K2,J1,M4,L3,O2,N3,Q4,P4,S4,R3,U4,T5,W4,V4,X3,Z3
F:A3,C2,B3,E1,D2,G3,F0,I2,H3,K3,J4,M2,L2,O4,N3,Q3,P2,S2,R4,U4,T3,W3,V2,X4,Z1
I:A4,C2,B3,E3,D3,G2,F2,I0,H1,K3,J3,M2,L2,O4,N3,Q3,P2,S2,R4,U4,T3,W3,V2,X4,Z1
H:A3,C3,B4,E3,D2,G1,F3,I1,H0,K3,J2,M3,L3,O3,N4,Q4,P3,S3,R4,U5,T4,W4,V3,X4,Z2
K:A4,C3,B4,E4,D3,G2,F3,I3,H3,K0,J1,M3,L1,O2,N3,Q4,P3,S3,R5,U4,T4,W4,V3,X3,Z2
J:A3,C4,B4,E3,D2,G1,F4,I3,H2,K1,J0,M3,L2,O1,N2,Q5,P4,S4,R4,U3,T4,W3,V4,X2,Z3
M:A4,C2,B3,E3,D4,G4,F2,I2,H3,K3,J3,M0,L2,O2,N1,Q3,P2,S2,R4,U4,T3,W3,V2,X3,Z1
L:A4,C2,B3,E3,D4,G3,F2,I2,H3,K1,J2,M2,L0,O3,N3,Q3,P2,S2,R4,U4,T3,W3,V2,X4,Z1
O:A4,C4,B5,E4,D3,G2,F4,I4,H3,K2,J1,M2,L3,O0,N1,Q4,P4,S4,R3,U2,T3,W2,V3,X1,Z3
N:A5,C3,B4,E4,D4,G3,F3,I3,H4,K3,J2,M1,L3,O1,N0,Q4,P3,S3,R4,U3,T4,W3,V3,X2,Z2
Q:A2,C3,B3,E4,D3,G4,F3,I3,H4,K4,J5,M3,L3,O4,N4,Q0,P1,S3,R1,U2,T3,W4,V3,X3,Z2
P:A3,C2,B3,E3,D4,G4,F2,I2,H3,K3,J4,M2,L2,O4,N3,Q1,P0,S2,R2,U3,T3,W3,V2,X4,Z1
S:A4,C2,B3,E3,D4,G4,F2,I2,H3,K3,J4,M2,L2,O4,N3,Q3,P2,S0,R3,U2,T1,W3,V2,X3,Z1
R:A1,C3,B2,E3,D2,G3,F4,I4,H4,K5,J4,M4,L4,O3,N4,Q1,P2,S3,R0,U1,T2,W3,V4,X2,Z3
U:A2,C4,B3,E4,D3,G4,F4,I4,H5,K4,J3,M4,L4,O2,N3,Q2,P3,S2,R1,U0,T1,W2,V3,X1,Z3
T:A3,C3,B4,E4,D4,G5,F3,I3,H4,K4,J4,M3,L3,O3,N4,Q3,P3,S1,R2,U1,T0,W3,V3,X2,Z2
W:A4,C3,B4,E4,D5,G4,F3,I3,H4,K4,J3,M3,L3,O2,N3,Q4,P3,S3,R3,U2,T3,W0,V1,X1,Z2
V:A4,C2,B3,E3,D4,G4,F2,I2,H3,K3,J4,M2,L2,O3,N3,Q3,P2,S2,R4,U3,T3,W1,V0,X2,Z1
X:A3,C4,B4,E5,D4,G3,F4,I4,H4,K3,J2,M3,L4,O1,N2,Q3,P4,S3,R2,U1,T2,W1,V2,X0,Z3
Z:A3,C1,B2,E2,D3,G3,F1,I1,H2,K2,J3,M1,L1,O3,N2,Q2,P1,S1,R3,U3,T2,W2,V1,X3,Z0
-----
A:A0,C2,B1,E2,D1,G2,F3,I4,H3,K4,J3,M4,L4,O4,N5,Q2,P3,S4,R1,U2,T3,W4,V4,X3,Z3
C:A2,C0,B1,E3,D3,G4,F2,I2,H3,K3,J4,M2,L2,O4,N3,Q3,P2,S2,R3,U4,T3,W3,V2,X4,Z1
B:A1,C1,B0,E3,D2,G3,F3,I3,H4,K4,J4,M3,L3,O5,N4,Q3,P3,S3,R2,U3,T4,W4,V3,X4,Z2
E:A2,C3,B3,E0,D1,G2,F1,I3,H3,K4,J3,M3,L3,O4,N4,Q4,P3,S3,R3,U4,T4,W4,V3,X5,Z2
D:A1,C3,B2,E1,D0,G1,F2,I3,H2,K3,J2,M4,L4,O3,N4,Q3,P4,S4,R2,U3,T4,W5,V4,X4,Z3
G:A2,C4,B3,E2,D1,G0,F3,I2,H1,K2,J1,M4,L3,O2,N3,Q4,P4,S4,R3,U4,T5,W4,V4,X3,Z3
F:A3,C2,B3,E1,D2,G3,F0,I2,H3,K3,J4,M2,L2,O4,N3,Q3,P2,S2,R4,U4,T3,W3,V2,X4,Z1
I:A4,C2,B3,E3,D3,G2,F2,I0,H1,K3,J3,M2,L2,O4,N3,Q3,P2,S2,R4,U4,T3,W3,V2,X4,Z1
H:A3,C3,B4,E3,D2,G1,F3,I1,H0,K3,J2,M3,L3,O3,N4,Q4,P3,S3,R4,U5,T4,W4,V3,X4,Z2
K:A4,C3,B4,E4,D3,G2,F3,I3,H3,K0,J1,M3,L1,O2,N3,Q4,P3,S3,R5,U4,T4,W4,V3,X3,Z2
J:A3,C4,B4,E3,D2,G1,F4,I3,H2,K1,J0,M3,L2,O1,N2,Q5,P4,S4,R4,U3,T4,W3,V4,X2,Z3
M:A4,C2,B3,E3,D4,G4,F2,I2,H3,K3,J3,M0,L2,O2,N1,Q3,P2,S2,R4,U4,T3,W3,V2,X3,Z1
L:A4,C2,B3,E3,D4,G3,F2,I2,H3,K1,J2,M2,L0,O3,N3,Q3,P2,S2,R4,U4,T3,W3,V2,X4,Z1
O:A4,C4,B5,E4,D3,G2,F4,I4,H3,K2,J1,M2,L3,O0,N1,Q4,P4,S4,R3,U2,T3,W2,V3,X1,Z3
N:A5,C3,B4,E4,D4,G3,F3,I3,H4,K3,J2,M1,L3,O1,N0,Q4,P3,S3,R4,U3,T4,W3,V3,X2,Z2
Q:A2,C3,B3,E4,D3,G4,F3,I3,H4,K4,J5,M3,L3,O4,N4,Q0,P1,S3,R1,U2,T3,W4,V3,X3,Z2
P:A3,C2,B3,E3,D4,G4,F2,I2,H3,K3,J4,M2,L2,O4,N3,Q1,P0,S2,R2,U3,T3,W3,V2,X4,Z1
S:A4,C2,B3,E3,D4,G4,F2,I2,H3,K3,J4,M2,L2,O4,N3,Q3,P2,S0,R3,U2,T1,W3,V2,X3,Z1
R:A1,C3,B2,E3,D2,G3,F4,I4,H4,K5,J4,M4,L4,O3,N4,Q1,P2,S3,R0,U1,T2,W3,V4,X2,Z3
U:A2,C4,B3,E4,D3,G4,F4,I4,H5,K4,J3,M4,L4,O2,N3,Q2,P3,S2,R1,U0,T1,W2,V3,X1,Z3
T:A3,C3,B4,E4,D4,G5,F3,I3,H4,K4,J4,M3,L3,O3,N4,Q3,P3,S1,R2,U1,T0,W3,V3,X2,Z2
W:A4,C3,B4,E4,D5,G4,F3,I3,H4,K4,J3,M3,L3,O2,N3,Q4,P3,S3,R3,U2,T3,W0,V1,X1,Z2
V:A4,C2,B3,E3,D4,G4,F2,I2,H3,K3,J4,M2,L2,O3,N3,Q3,P2,S2,R4,U3,T3,W1,V0,X2,Z1
X:A3,C4,B4,E5,D4,G3,F4,I4,H4,K3,J2,M3,L4,O1,N2,Q3,P4,S3,R2,U1,T2,W1,V2,X0,Z3
Z:A3,C1,B2,E2,D3,G3,F1,I1,H2,K2,J3,M1,L1,O3,N2,Q2,P1,S1,R3,U3,T2,W2,V1,X3,Z0
-----
