A:A0,B1
C:C0,B1
B:A1,C1,B0,E1
E:A2,C2,B1,E0,D1,F1,H1
D:A3,C3,B2,E1,D0,G1,F2,H2
G:A4,C4,B3,E2,D1,G0,F3,H1
F:A3,C3,B2,E1,D2,F0,H2,J1
H:A3,C3,B2,E1,D2,G1,F2,H0,J1
J:A4,C4,B3,E2,D3,G2,F1,H1,J0
-----
A:A0,C2,B1,E2
C:A2,C0,B1,E2
B:A1,C1,B0,E1,D2,F2,H2
E:A2,C2,B1,E0,D1,G2,F1,H1,J2
D:A3,C3,B2,E1,D0,G1,F2,H2,J3
G:A4,C4,B3,E2,D1,G0,F3,H1,J2
F:A3,C3,B2,E1,D2,G3,F0,H2,J1
H:A3,C3,B2,E1,D2,G1,F2,H0,J1
J:A4,C4,B3,E2,D3,G2,F1,H1,J0
-----
A:A0,C2,B1,E2,D3,F3,H3
C:A2,C0,B1,E2,D3,F3,H3
B:A1,C1,B0,E1,D2,G3,F2,H2,J3
E:A2,C2,B1,E0,D1,G2,F1,H1,J2
D:A3,C3,B2,E1,D0,G1,F2,H2,J3
G:A4,C4,B3,E2,D1,G0,F3,H1,J2
F:A3,C3,B2,E1,D2,G3,F0,H2,J1
H:A3,C3,B2,E1,D2,G1,F2,H0,J1
J:A4,C4,B3,E2,D3,G2,F1,H1,J0
-----
A:A0,C2,B1,E2,D3,G4,F3,H3,J4
C:A2,C0,B1,E2,D3,G4,F3,H3,J4
B:A1,C1,B0,E1,D2,G3,F2,H2,J3
E:A2,C2,B1,E0,D1,G2,F1,H1,J2
D:A3,C3,B2,E1,D0,G1,F2,H2,J3
G:A4,C4,B3,E2,D1,G0,F3,H1,J2
F:A3,C3,B2,E1,D2,G3,F0,H2,J1
H:A3,C3,B2,E1,D2,G1,F2,H0,J1
J:A4,C4,B3,E2,D3,G2,F1,H1,J0
-----
