A:A0,B1,D1,E1
C:B1,C0,D1,E1
B:A1,B0,C1,D2,E1
E:A1,B1,C1,D1,E0,F1
D:A1,B2,C1,D0,E1,F2
G:F1,G0,H1,M1
F:A2,B2,C2,D2,E1,F0,G1,H2,M1,N1,O1
I:H1,I0,J1,L1
H:F2,G1,H0,I1,J1,K1,L1,M1
K:F3,G2,H1,I2,J1,K0,L1,M2
J:F3,G2,H1,I1,J0,K1,L2,M2
M:A3,B3,C3,D3,E2,F1,G1,H1,I2,J2,K2,L2,M0,N2,O2
L:F3,G2,H1,I1,J2,K1,L0,M2
O:A3,B3,C3,D3,E2,F1,G2,H3,M2,N2,O0
N:A3,B3,C3,D3,E2,F1,G2,H3,M2,N0,O2
-----
A:A0,B1,C2,D1,E1,F2
C:A2,B1,C0,D1,E1,F2
B:A1,B0,C1,D2,E1,F2
E:A1,B1,C1,D1,E0,F1,G2,H3,M2,N2,O2
D:A1,B2,C1,D0,E1,F2,G3,H4,M3,N3,O3
G:A3,B3,C3,D3,E2,F1,G0,H1,I2,J2,K2,L2,M1,N2,O2
F:A2,B2,C2,D2,E1,F0,G1,H2,I3,J3,K3,L3,M1,N1,O1
I:F3,G2,H1,I0,J1,K2,L1,M2
H:A4,B4,C4,D4,E3,F2,G1,H0,I1,J1,K1,L1,M1,N3,O3
K:A5,B5,C5,D5,E4,F3,G2,H1,I2,J1,K0,L1,M2,N4,O4
J:A5,B5,C5,D5,E4,F3,G2,H1,I1,J0,K1,L2,M2,N4,O4
M:A3,B3,C3,D3,E2,F1,G1,H1,I2,J2,K2,L2,M0,N2,O2
L:A5,B5,C5,D5,E4,F3,G2,H1,I1,J2,K1,L0,M2,N4,O4
O:A3,B3,C3,D3,E2,F1,G2,H3,I4,J4,K4,L4,M2,N2,O0
N:A3,B3,C3,D3,E2,F1,G2,H3,I4,J4,K4,L4,M2,N0,O2
-----
A:A0,B1,C2,D1,E1,F2,G3,H4,M3,N3,O3
C:A2,B1,C0,D1,E1,F2,G3,H4,M3,N3,O3
B:A1,B0,C1,D2,E1,F2,G3,H4,M3,N3,O3
E:A1,B1,C1,D1,E0,F1,G2,H3,I4,J4,K4,L4,M2,N2,O2
D:A1,B2,C1,D0,E1,F2,G3,H4,I5,J5,K5,L5,M3,N3,O3
G:A3,B3,C3,D3,E2,F1,G0,H1,I2,J2,K2,L2,M1,N2,O2
F:A2,B2,C2,D2,E1,F0,G1,H2,I3,J3,K3,L3,M1,N1,O1
I:A5,B5,C5,D5,E4,F3,G2,H1,I0,J1,K2,L1,M2,N4,O4
H:A4,B4,C4,D4,E3,F2,G1,H0,I1,J1,K1,L1,M1,N3,O3
K:A5,B5,C5,D5,E4,F3,G2,H1,I2,J1,K0,L1,M2,N4,O4
J:A5,B5,C5,D5,E4,F3,G2,H1,I1,J0,K1,L2,M2,N4,O4
M:A3,B3,C3,D3,E2,F1,G1,H1,I2,J2,K2,L2,M0,N2,O2
L:A5,B5,C5,D5,E4,F3,G2,H1,I1,J2,K1,L0,M2,N4,O4
O:A3,B3,C3,D3,E2,F1,G2,H3,I4,J4,K4,L4,M2,N2,O0
N:A3,B3,C3,D3,E2,F1,G2,H3,I4,J4,K4,L4,M2,N0,O2
-----
A:A0,B1,C2,D1,E1,F2,G3,H4,I5,J5,K5,L5,M3,N3,O3
C:A2,B1,C0,D1,E1,F2,G3,H4,I5,J5,K5,L5,M3,N3,O3
B:A1,B0,C1,D2,E1,F2,G3,H4,I5,J5,K5,L5,M3,N3,O3
E:A1,B1,C1,D1,E0,F1,G2,H3,I4,J4,K4,L4,M2,N2,O2
D:A1,B2,C1,D0,E1,F2,G3,H4,I5,J5,K5,L5,M3,N3,O3
G:A3,B3,C3,D3,E2,F1,G0,H1,I2,J2,K2,L2,M1,N2,O2
F:A2,B2,C2,D2,E1,F0,G1,H2,I3,J3,K3,L3,M1,N1,O1
I:A5,B5,C5,D5,E4,F3,G2,H1,I0,J1,K2,L1,M2,N4,O4
H:A4,B4,C4,D4,E3,F2,G1,H0,I1,J1,K1,L1,M1,N3,O3
K:A5,B5,C5,D5,E4,F3,G2,H1,I2,J1,K0,L1,M2,N4,O4
J:A5,B5,C5,D5,E4,F3,G2,H1,I1,J0,K1,L2,M2,N4,O4
M:A3,B3,C3,D3,E2,F1,G1,H1,I2,J2,K2,L2,M0,N2,O2
L:A5,B5,C5,D5,E4,F3,G2,H1,I1,J2,K1,L0,M2,N4,O4
O:A3,B3,C3,D3,E2,F1,G2,H3,I4,J4,K4,L4,M2,N2,O0
N:A3,B3,C3,D3,E2,F1,G2,H3,I4,J4,K4,L4,M2,N0,O2
-----
A:A0,B1,C2,D1,E1,F2,G3,H4,I5,J5,K5,L5,M3,N3,O3
C:A2,B1,C0,D1,E1,F2,G3,H4,I5,J5,K5,L5,M3,N3,O3
B:A1,B0,C1,D2,E1,F2,G3,H4,I5,J5,K5,L5,M3,N3,O3
E:A1,B1,C1,D1,E0,F1,G2,H3,I4,J4,K4,L4,M2,N2,O2
D:A1,B2,C1,D0,E1,F2,G3,H4,I5,J5,K5,L5,M3,N3,O3
G:A3,B3,C3,D3,E2,F1,G0,H1,I2,J2,K2,L2,M1,N2,O2
F:A2,B2,C2,D2,E1,F0,G1,H2,I3,J3,K3,L3,M1,N1,O1
I:A5,B5,C5,D5,E4,F3,G2,H1,I0,J1,K2,L1,M2,N4,O4
H:A4,B4,C4,D4,E3,F2,G1,H0,I1,J1,K1,L1,M1,N3,O3
K:A5,B5,C5,D5,E4,F3,G2,H1,I2,J1,K0,L1,M2,N4,O4
J:A5,B5,C5,D5,E4,F3,G2,H1,I1,J0,K1,L2,M2,N4,O4
M:A3,B3,C3,D3,E2,F1,G1,H1,I2,J2,K2,L2,M0,N2,O2
L:A5,B5,C5,D5,E4,F3,G2,H1,I1,J2,K1,L0,M2,N4,O4
O:A3,B3,C3,D3,E2,F1,G2,H3,I4,J4,K4,L4,M2,N2,O0
N:A3,B3,C3,D3,E2,F1,G2,H3,I4,J4,K4,L4,M2,N0,O2
-----
