A:A0,I1,B1
C:I1,C0,B1
B:A1,I2,C1,B0,E1
E:A2,C2,B1,E0,D1,F1,I3,H1
D:A3,C3,B2,E1,D0,G1,F2,I4,H2
G:A4,C4,B3,E2,D1,G0,F3,I5,H1,K1
F:A3,C3,B2,E1,D2,F0,I4,H2,J1
I:A1,C1,B2,I0,H1,K1
H:A2,C2,B2,E1,D2,G1,F2,I1,H0,K2,J1
K:A2,C2,B3,E3,D2,G1,F4,I1,H2,K0,L1
J:A3,C3,B3,E2,D3,G2,F1,I2,H1,K3,J0
M:M0,L1,N1
L:A3,C3,B4,E4,D3,G2,F5,I2,H3,K1,M1,L0,N2
N:M1,L2,N0
-----
A:A0,C2,B1,E2,I1,H2,K2
C:A2,C0,B1,E2,I1,H2,K2
B:A1,C1,B0,E1,D2,F2,I2,H2,K3
E:A2,C2,B1,E0,D1,G2,F1,I2,H1,K3,J2
D:A3,C3,B2,E1,D0,G1,F2,I3,H2,K2,J3
G:A3,C3,B3,E2,D1,G0,F3,I2,H1,K1,J2,L2
F:A3,C3,B2,E1,D2,G3,F0,I3,H2,K4,J1
I:A1,C1,B2,E2,D3,G2,F3,I0,H1,K1,J2,L2
H:A2,C2,B2,E1,D2,G1,F2,I1,H0,K2,J1,L3
K:A2,C2,B3,E3,D2,G1,F4,I1,H2,K0,J3,M2,L1,N3
J:A3,C3,B3,E2,D3,G2,F1,I2,H1,K3,J0,L4
M:A4,C4,B5,E5,D4,G3,F6,I3,H4,K2,M0,L1,N1
L:A3,C3,B4,E4,D3,G2,F5,I2,H3,K1,J4,M1,L0,N2
N:A5,C5,B6,E6,D5,G4,F7,I4,H5,K3,M1,L2,N0
-----
A:A0,C2,B1,E2,D3,G3,F3,I1,H2,K2,J3,L3
C:A2,C0,B1,E2,D3,G3,F3,I1,H2,K2,J3,L3
B:A1,C1,B0,E1,D2,G3,F2,I2,H2,K3,J3,L4
E:A2,C2,B1,E0,D1,G2,F1,I2,H1,K3,J2,L4
D:A3,C3,B2,E1,D0,G1,F2,I3,H2,K2,J3,L3
G:A3,C3,B3,E2,D1,G0,F3,I2,H1,K1,J2,M3,L2,N4
F:A3,C3,B2,E1,D2,G3,F0,I3,H2,K4,J1,L5
I:A1,C1,B2,E2,D3,G2,F3,I0,H1,K1,J2,M3,L2,N4
H:A2,C2,B2,E1,D2,G1,F2,I1,H0,K2,J1,M4,L3,N5
K:A2,C2,B3,E3,D2,G1,F4,I1,H2,K0,J3,M2,L1,N3
J:A3,C3,B3,E2,D3,G2,F1,I2,H1,K3,J0,M5,L4,N6
M:A4,C4,B5,E5,D4,G3,F6,I3,H4,K2,J5,M0,L1,N1
L:A3,C3,B4,E4,D3,G2,F5,I2,H3,K1,J4,M1,L0,N2
N:A5,C5,B6,E6,D5,G4,F7,I4,H5,K3,J6,M1,L2,N0
-----
A:A0,C2,B1,E2,D3,G3,F3,I1,H2,K2,J3,M4,L3,N5
C:A2,C0,B1,E2,D3,G3,F3,I1,H2,K2,J3,M4,L3,N5
B:A1,C1,B0,E1,D2,G3,F2,I2,H2,K3,J3,M5,L4,N6
E:A2,C2,B1,E0,D1,G2,F1,I2,H1,K3,J2,M5,L4,N6
D:A3,C3,B2,E1,D0,G1,F2,I3,H2,K2,J3,M4,L3,N5
G:A3,C3,B3,E2,D1,G0,F3,I2,H1,K1,J2,M3,L2,N4
F:A3,C3,B2,E1,D2,G3,F0,I3,H2,K4,J1,M6,L5,N7
I:A1,C1,B2,E2,D3,G2,F3,I0,H1,K1,J2,M3,L2,N4
H:A2,C2,B2,E1,D2,G1,F2,I1,H0,K2,J1,M4,L3,N5
K:A2,C2,B3,E3,D2,G1,F4,I1,H2,K0,J3,M2,L1,N3
J:A3,C3,B3,E2,D3,G2,F1,I2,H1,K3,J0,M5,L4,N6
M:A4,C4,B5,E5,D4,G3,F6,I3,H4,K2,J5,M0,L1,N1
L:A3,C3,B4,E4,D3,G2,F5,I2,H3,K1,J4,M1,L0,N2
N:A5,C5,B6,E6,D5,G4,F7,I4,H5,K3,J6,M1,L2,N0
-----
A:A0,C2,B1,E2,D3,G3,F3,I1,H2,K2,J3,M4,L3,N5
C:A2,C0,B1,E2,D3,G3,F3,I1,H2,K2,J3,M4,L3,N5
B:A1,C1,B0,E1,D2,G3,F2,I2,H2,K3,J3,M5,L4,N6
E:A2,C2,B1,E0,D1,G2,F1,I2,H1,K3,J2,M5,L4,N6
D:A3,C3,B2,E1,D0,G1,F2,I3,H2,K2,J3,M4,L3,N5
G:A3,C3,B3,E2,D1,G0,F3,I2,H1,K1,J2,M3,L2,N4
F:A3,C3,B2,E1,D2,G3,F0,I3,H2,K4,J1,M6,L5,N7
I:A1,C1,B2,E2,D3,G2,F3,I0,H1,K1,J2,M3,L2,N4
H:A2,C2,B2,E1,D2,G1,F2,I1,H0,K2,J1,M4,L3,N5
K:A2,C2,B3,E3,D2,G1,F4,I1,H2,K0,J3,M2,L1,N3
J:A3,C3,B3,E2,D3,G2,F1,I2,H1,K3,J0,M5,L4,N6
M:A4,C4,B5,E5,D4,G3,F6,I3,H4,K2,J5,M0,L1,N1
L:A3,C3,B4,E4,D3,G2,F5,I2,H3,K1,J4,M1,L0,N2
N:A5,C5,B6,E6,D5,G4,F7,I4,H5,K3,J6,M1,L2,N0
-----
