A:A0,B1,D1,R1
C:B1,C0,Z1
B:A1,B0,C1,D2,R2,Z2
E:D1,E0,F1
D:A1,B2,D0,E1,F2,G1,R2
G:A2,B3,D1,E2,F3,G0,H1,J1,R3
F:D2,E1,F0,Z1
I:H1,I0,Z1
H:A3,B4,D2,E3,F4,G1,H0,I1,J2,R4,Z2
K:J1,K0,L1
J:A3,B4,D2,E3,F4,G1,H2,J0,K1,L2,O1,R4
M:M0,N1,Z1
L:J2,K1,L0,Z1
O:A4,B5,D3,E4,F5,G2,H3,J1,K2,L3,N1,O0,R5,X1
N:A5,B6,D4,E5,F6,G3,H4,J2,K3,L4,M1,N0,O1,R6,X2,Z2
Q:P1,Q0,R1
P:P0,Q1,R2,Z1
S:S0,T1,Z1
R:A1,B2,D2,P2,Q1,R0,U1
U:A2,B3,D3,P3,Q2,R1,T1,U0,X1
T:A3,B4,D4,P4,Q3,R2,S1,T0,U1,X2,Z2
W:V1,W0,X1
V:V0,W1,X2,Z1
X:A3,B4,D4,E5,F6,G3,H4,J2,K3,L4,N2,O1,P4,Q3,R2,T2,U1,V2,W1,X0
Z:B2,C1,D3,E2,F1,H2,I1,J3,K2,L1,M1,N2,P1,Q2,R3,S1,T2,V1,W2,X3,Z0
-----
A:A0,B1,C2,D1,E2,F3,G2,P3,Q2,R1,U2,Z3
C:A2,B1,C0,D3,E3,F2,H3,I2,J4,K3,L2,M2,N3,P2,Q3,R3,S2,T3,V2,W3,X4,Z1
B:A1,B0,C1,D2,E3,F3,G3,H4,I3,J5,K4,L3,M3,N4,P3,Q3,R2,S3,T4,U3,V3,W4,X5,Z2
E:A2,B3,D1,E0,F1,G2,R3,Z2
D:A1,B2,C3,D0,E1,F2,G1,H2,J2,P4,Q3,R2,U3,Z3
G:A2,B3,C4,D1,E2,F3,G0,H1,I2,J1,K2,L3,O2,P5,Q4,R3,U4,Z3
F:A3,B3,C2,D2,E1,F0,G3,H3,I2,J4,K3,L2,M2,N3,P2,Q3,R4,S2,T3,V2,W3,X4,Z1
I:A4,B3,C2,D3,E3,F2,G2,H1,I0,J3,K3,L2,M2,N3,P2,Q3,R4,S2,T3,V2,W3,X4,Z1
H:A3,B4,C3,D2,E3,F3,G1,H0,I1,J2,K3,L3,M3,N4,O3,P3,Q4,R4,S3,T4,U5,V3,W4,X5,Z2
K:A4,B5,D3,E4,F5,G2,H3,J1,K0,L1,O2,R5,Z2
J:A3,B4,C5,D2,E3,F4,G1,H2,I3,J0,K1,L2,N2,O1,P6,Q5,R4,U5,X2,Z3
M:A6,B3,C2,D4,E3,F2,G4,H3,I2,J3,K3,L2,M0,N1,O2,P2,Q3,R4,S2,T3,V2,W3,X3,Z1
L:A5,B3,C2,D4,E3,F2,G3,H3,I2,J2,K1,L0,M2,N3,O3,P2,Q3,R4,S2,T3,V2,W3,X4,Z1
O:A4,B5,C6,D3,E4,F5,G2,H3,I4,J1,K2,L3,M2,N1,O0,P5,Q4,R3,T3,U2,V3,W2,X1,Z3
N:A5,B4,C3,D4,E4,F3,G3,H4,I3,J2,K3,L3,M1,N0,O1,P3,Q4,R4,S3,T4,U3,V3,W3,X2,Z2
Q:A2,B3,D3,P1,Q0,R1,U2,Z2
P:A3,B3,C2,D4,E3,F2,H3,I2,J4,K3,L2,M2,N3,P0,Q1,R2,S2,T3,U3,V2,W3,X4,Z1
S:A4,B3,C2,D4,E3,F2,H3,I2,J4,K3,L2,M2,N3,P2,Q3,R3,S0,T1,U2,V2,W3,X3,Z1
R:A1,B2,C3,D2,E3,F4,G3,P2,Q1,R0,T2,U1,X2,Z3
U:A2,B3,C4,D3,E4,F5,G4,H5,J3,K4,L5,N3,O2,P3,Q2,R1,S2,T1,U0,V3,W2,X1,Z3
T:A3,B4,C3,D4,E4,F3,G5,H4,I3,J4,K4,L3,M3,N4,O3,P3,Q3,R2,S1,T0,U1,V3,W3,X2,Z2
W:A4,B5,D5,E6,F7,G4,H5,J3,K4,L5,N3,O2,P5,Q4,R3,T3,U2,V1,W0,X1,Z2
V:A5,B3,C2,D4,E3,F2,G5,H3,I2,J4,K3,L2,M2,N3,O3,P2,Q3,R4,S2,T3,U3,V0,W1,X2,Z1
X:A3,B4,C5,D4,E5,F6,G3,H4,I5,J2,K3,L4,M3,N2,O1,P4,Q3,R2,S3,T2,U1,V2,W1,X0,Z3
Z:A3,B2,C1,D3,E2,F1,G3,H2,I1,J3,K2,L1,M1,N2,O3,P1,Q2,R3,S1,T2,U3,V1,W2,X3,Z0
-----
A:A0,B1,C2,D1,E2,F3,G2,H3,I4,J3,K5,L4,M4,N5,P3,Q2,R1,S4,T3,U2,V4,W5,X3,Z3
C:A2,B1,C0,D3,E3,F2,G4,H3,I2,J4,K3,L2,M2,N3,O4,P2,Q3,R3,S2,T3,U4,V2,W3,X4,Z1
B:A1,B0,C1,D2,E3,F3,G3,H4,I3,J4,K4,L3,M3,N4,O5,P3,Q3,R2,S3,T4,U3,V3,W4,X4,Z2
E:A2,B3,C3,D1,E0,F1,G2,H3,I3,J3,K4,L3,M3,N4,P3,Q4,R3,S3,T4,U4,V3,W4,X5,Z2
D:A1,B2,C3,D0,E1,F2,G1,H2,I3,J2,K3,L4,M4,N5,O3,P4,Q3,R2,S4,T4,U3,V4,W5,X4,Z3
G:A2,B3,C4,D1,E2,F3,G0,H1,I2,J1,K2,L3,M4,N3,O2,P4,Q4,R3,S4,T5,U4,V4,W5,X3,Z3
F:A3,B3,C2,D2,E1,F0,G3,H3,I2,J4,K3,L2,M2,N3,O4,P2,Q3,R4,S2,T3,U4,V2,W3,X4,Z1
I:A4,B3,C2,D3,E3,F2,G2,H1,I0,J3,K3,L2,M2,N3,O4,P2,Q3,R4,S2,T3,U4,V2,W3,X4,Z1
H:A3,B4,C3,D2,E3,F3,G1,H0,I1,J2,K3,L3,M3,N4,O3,P3,Q4,R4,S3,T4,U5,V3,W4,X4,Z2
K:A4,B4,C3,D3,E4,F3,G2,H3,I3,J1,K0,L1,M3,N3,O2,P3,Q4,R5,S3,T4,U6,V3,W4,X3,Z2
J:A3,B4,C4,D2,E3,F4,G1,H2,I3,J0,K1,L2,M3,N2,O1,P4,Q5,R4,S4,T4,U3,V4,W3,X2,Z3
M:A4,B3,C2,D4,E3,F2,G4,H3,I2,J3,K3,L2,M0,N1,O2,P2,Q3,R4,S2,T3,U4,V2,W3,X3,Z1
L:A4,B3,C2,D4,E3,F2,G3,H3,I2,J2,K1,L0,M2,N3,O3,P2,Q3,R4,S2,T3,U4,V2,W3,X4,Z1
O:A4,B5,C4,D3,E4,F4,G2,H3,I4,J1,K2,L3,M2,N1,O0,P4,Q4,R3,S4,T3,U2,V3,W2,X1,Z3
N:A5,B4,C3,D4,E4,F3,G3,H4,I3,J2,K3,L3,M1,N0,O1,P3,Q4,R4,S3,T4,U3,V3,W3,X2,Z2
Q:A2,B3,C3,D3,E4,F3,G4,H4,I3,J5,K4,L3,M3,N4,P1,Q0,R1,S3,T3,U2,V3,W4,X3,Z2
P:A3,B3,C2,D4,E3,F2,G4,H3,I2,J4,K3,L2,M2,N3,O4,P0,Q1,R2,S2,T3,U3,V2,W3,X4,Z1
S:A4,B3,C2,D4,E3,F2,G4,H3,I2,J4,K3,L2,M2,N3,O4,P2,Q3,R3,S0,T1,U2,V2,W3,X3,Z1
R:A1,B2,C3,D2,E3,F4,G3,H4,I4,J4,K5,L4,M4,N4,O3,P2,Q1,R0,S3,T2,U1,V4,W3,X2,Z3
U:A2,B3,C4,D3,E4,F4,G4,H5,I4,J3,K4,L4,M4,N3,O2,P3,Q2,R1,S2,T1,U0,V3,W2,X1,Z3
T:A3,B4,C3,D4,E4,F3,G5,H4,I3,J4,K4,L3,M3,N4,O3,P3,Q3,R2,S1,T0,U1,V3,W3,X2,Z2
W:A4,B4,C3,D5,E4,F3,G4,H4,I3,J3,K4,L3,M3,N3,O2,P3,Q4,R3,S3,T3,U2,V1,W0,X1,Z2
V:A4,B3,C2,D4,E3,F2,G4,H3,I2,J4,K3,L2,M2,N3,O3,P2,Q3,R4,S2,T3,U3,V0,W1,X2,Z1
X:A3,B4,C4,D4,E5,F4,G3,H4,I4,J2,K3,L4,M3,N2,O1,P4,Q3,R2,S3,T2,U1,V2,W1,X0,Z3
Z:A3,B2,C1,D3,E2,F1,G3,H2,I1,J3,K2,L1,M1,N2,O3,P1,Q2,R3,S1,T2,U3,V1,W2,X3,Z0
-----
A:A0,B1,C2,D1,E2,F3,G2,H3,I4,J3,K4,L4,M4,N5,O4,P3,Q2,R1,S4,T3,U2,V4,W4,X3,Z3
C:A2,B1,C0,D3,E3,F2,G4,H3,I2,J4,K3,L2,M2,N3,O4,P2,Q3,R3,S2,T3,U4,V2,W3,X4,Z1
B:A1,B0,C1,D2,E3,F3,G3,H4,I3,J4,K4,L3,M3,N4,O5,P3,Q3,R2,S3,T4,U3,V3,W4,X4,Z2
E:A2,B3,C3,D1,E0,F1,G2,H3,I3,J3,K4,L3,M3,N4,O4,P3,Q4,R3,S3,T4,U4,V3,W4,X5,Z2
D:A1,B2,C3,D0,E1,F2,G1,H2,I3,J2,K3,L4,M4,N4,O3,P4,Q3,R2,S4,T4,U3,V4,W5,X4,Z3
G:A2,B3,C4,D1,E2,F3,G0,H1,I2,J1,K2,L3,M4,N3,O2,P4,Q4,R3,S4,T5,U4,V4,W4,X3,Z3
F:A3,B3,C2,D2,E1,F0,G3,H3,I2,J4,K3,L2,M2,N3,O4,P2,Q3,R4,S2,T3,U4,V2,W3,X4,Z1
I:A4,B3,C2,D3,E3,F2,G2,H1,I0,J3,K3,L2,M2,N3,O4,P2,Q3,R4,S2,T3,U4,V2,W3,X4,Z1
H:A3,B4,C3,D2,E3,F3,G1,H0,I1,J2,K3,L3,M3,N4,O3,P3,Q4,R4,S3,T4,U5,V3,W4,X4,Z2
K:A4,B4,C3,D3,E4,F3,G2,H3,I3,J1,K0,L1,M3,N3,O2,P3,Q4,R5,S3,T4,U4,V3,W4,X3,Z2
J:A3,B4,C4,D2,E3,F4,G1,H2,I3,J0,K1,L2,M3,N2,O1,P4,Q5,R4,S4,T4,U3,V4,W3,X2,Z3
M:A4,B3,C2,D4,E3,F2,G4,H3,I2,J3,K3,L2,M0,N1,O2,P2,Q3,R4,S2,T3,U4,V2,W3,X3,Z1
L:A4,B3,C2,D4,E3,F2,G3,H3,I2,J2,K1,L0,M2,N3,O3,P2,Q3,R4,S2,T3,U4,V2,W3,X4,Z1
O:A4,B5,C4,D3,E4,F4,G2,H3,I4,J1,K2,L3,M2,N1,O0,P4,Q4,R3,S4,T3,U2,V3,W2,X1,Z3
N:A5,B4,C3,D4,E4,F3,G3,H4,I3,J2,K3,L3,M1,N0,O1,P3,Q4,R4,S3,T4,U3,V3,W3,X2,Z2
Q:A2,B3,C3,D3,E4,F3,G4,H4,I3,J5,K4,L3,M3,N4,O4,P1,Q0,R1,S3,T3,U2,V3,W4,X3,Z2
P:A3,B3,C2,D4,E3,F2,G4,H3,I2,J4,K3,L2,M2,N3,O4,P0,Q1,R2,S2,T3,U3,V2,W3,X4,Z1
S:A4,B3,C2,D4,E3,F2,G4,H3,I2,J4,K3,L2,M2,N3,O4,P2,Q3,R3,S0,T1,U2,V2,W3,X3,Z1
R:A1,B2,C3,D2,E3,F4,G3,H4,I4,J4,K5,L4,M4,N4,O3,P2,Q1,R0,S3,T2,U1,V4,W3,X2,Z3
U:A2,B3,C4,D3,E4,F4,G4,H5,I4,J3,K4,L4,M4,N3,O2,P3,Q2,R1,S2,T1,U0,V3,W2,X1,Z3
T:A3,B4,C3,D4,E4,F3,G5,H4,I3,J4,K4,L3,M3,N4,O3,P3,Q3,R2,S1,T0,U1,V3,W3,X2,Z2
W:A4,B4,C3,D5,E4,F3,G4,H4,I3,J3,K4,L3,M3,N3,O2,P3,Q4,R3,S3,T3,U2,V1,W0,X1,Z2
V:A4,B3,C2,D4,E3,F2,G4,H3,I2,J4,K3,L2,M2,N3,O3,P2,Q3,R4,S2,T3,U3,V0,W1,X2,Z1
X:A3,B4,C4,D4,E5,F4,G3,H4,I4,J2,K3,L4,M3,N2,O1,P4,Q3,R2,S3,T2,U1,V2,W1,X0,Z3
Z:A3,B2,C1,D3,E2,F1,G3,H2,I1,J3,K2,L1,M1,N2,O3,P1,Q2,R3,S1,T2,U3,V1,W2,X3,Z0
-----
A:A0,B1,C2,D1,E2,F3,G2,H3,I4,J3,K4,L4,M4,N5,O4,P3,Q2,R1,S4,T3,U2,V4,W4,X3,Z3
C:A2,B1,C0,D3,E3,F2,G4,H3,I2,J4,K3,L2,M2,N3,O4,P2,Q3,R3,S2,T3,U4,V2,W3,X4,Z1
B:A1,B0,C1,D2,E3,F3,G3,H4,I3,J4,K4,L3,M3,N4,O5,P3,Q3,R2,S3,T4,U3,V3,W4,X4,Z2
E:A2,B3,C3,D1,E0,F1,G2,H3,I3,J3,K4,L3,M3,N4,O4,P3,Q4,R3,S3,T4,U4,V3,W4,X5,Z2
D:A1,B2,C3,D0,E1,F2,G1,H2,I3,J2,K3,L4,M4,N4,O3,P4,Q3,R2,S4,T4,U3,V4,W5,X4,Z3
G:A2,B3,C4,D1,E2,F3,G0,H1,I2,J1,K2,L3,M4,N3,O2,P4,Q4,R3,S4,T5,U4,V4,W4,X3,Z3
F:A3,B3,C2,D2,E1,F0,G3,H3,I2,J4,K3,L2,M2,N3,O4,P2,Q3,R4,S2,T3,U4,V2,W3,X4,Z1
I:A4,B3,C2,D3,E3,F2,G2,H1,I0,J3,K3,L2,M2,N3,O4,P2,Q3,R4,S2,T3,U4,V2,W3,X4,Z1
H:A3,B4,C3,D2,E3,F3,G1,H0,I1,J2,K3,L3,M3,N4,O3,P3,Q4,R4,S3,T4,U5,V3,W4,X4,Z2
K:A4,B4,C3,D3,E4,F3,G2,H3,I3,J1,K0,L1,M3,N3,O2,P3,Q4,R5,S3,T4,U4,V3,W4,X3,Z2
J:A3,B4,C4,D2,E3,F4,G1,H2,I3,J0,K1,L2,M3,N2,O1,P4,Q5,R4,S4,T4,U3,V4,W3,X2,Z3
M:A4,B3,C2,D4,E3,F2,G4,H3,I2,J3,K3,L2,M0,N1,O2,P2,Q3,R4,S2,T3,U4,V2,W3,X3,Z1
L:A4,B3,C2,D4,E3,F2,G3,H3,I2,J2,K1,L0,M2,N3,O3,P2,Q3,R4,S2,T3,U4,V2,W3,X4,Z1
O:A4,B5,C4,D3,E4,F4,G2,H3,I4,J1,K2,L3,M2,N1,O0,P4,Q4,R3,S4,T3,U2,V3,W2,X1,Z3
N:A5,B4,C3,D4,E4,F3,G3,H4,I3,J2,K3,L3,M1,N0,O1,P3,Q4,R4,S3,T4,U3,V3,W3,X2,Z2
Q:A2,B3,C3,D3,E4,F3,G4,H4,I3,J5,K4,L3,M3,N4,O4,P1,Q0,R1,S3,T3,U2,V3,W4,X3,Z2
P:A3,B3,C2,D4,E3,F2,G4,H3,I2,J4,K3,L2,M2,N3,O4,P0,Q1,R2,S2,T3,U3,V2,W3,X4,Z1
S:A4,B3,C2,D4,E3,F2,G4,H3,I2,J4,K3,L2,M2,N3,O4,P2,Q3,R3,S0,T1,U2,V2,W3,X3,Z1
R:A1,B2,C3,D2,E3,F4,G3,H4,I4,J4,K5,L4,M4,N4,O3,P2,Q1,R0,S3,T2,U1,V4,W3,X2,Z3
U:A2,B3,C4,D3,E4,F4,G4,H5,I4,J3,K4,L4,M4,N3,O2,P3,Q2,R1,S2,T1,U0,V3,W2,X1,Z3
T:A3,B4,C3,D4,E4,F3,G5,H4,I3,J4,K4,L3,M3,N4,O3,P3,Q3,R2,S1,T0,U1,V3,W3,X2,Z2
W:A4,B4,C3,D5,E4,F3,G4,H4,I3,J3,K4,L3,M3,N3,O2,P3,Q4,R3,S3,T3,U2,V1,W0,X1,Z2
V:A4,B3,C2,D4,E3,F2,G4,H3,I2,J4,K3,L2,M2,N3,O3,P2,Q3,R4,S2,T3,U3,V0,W1,X2,Z1
X:A3,B4,C4,D4,E5,F4,G3,H4,I4,J2,K3,L4,M3,N2,O1,P4,Q3,R2,S3,T2,U1,V2,W1,X0,Z3
Z:A3,B2,C1,D3,E2,F1,G3,H2,I1,J3,K2,L1,M1,N2,O3,P1,Q2,R3,S1,T2,U3,V1,W2,X3,Z0
-----
