A:A0,Q1,K1,B1,G1
C:C0,B1,D1,G1,F1
B:A1,C1,B0,D1,G2,F2,K2,Q2
E:E0,D1,F1
D:A2,C1,B1,E1,D0,G2,F2,K3,Q3
G:A1,C1,B2,D2,G0,F2,I1,H1,K2,Q2
F:C1,B2,E1,D2,G2,F0
I:A2,C2,B3,D3,G1,F3,I0,H1,K3,J1,Q3
H:A2,C2,B3,D3,G1,F3,I1,H0,K3,J1,Q3,W1,V1
K:A1,B2,G2,K0,M1,L1,Q2
J:A3,C3,B4,D4,G2,F4,I1,H1,K4,J0,Q4,W2,V2
M:A2,B3,G3,K1,M0,L2,O1,N1,Q3
L:A2,B3,G3,K1,M2,L0,Q3,P1
O:A3,B4,G4,K2,M1,L3,O0,N1,Q4
N:A3,B4,G4,K2,M1,L3,O1,N0,Q4,P1
Q:A1,B2,G2,K2,Q0,S1,R1
P:A3,B4,G4,K2,M2,L1,O2,N1,Q4,P0
S:A2,B3,G3,K3,Q1,S0,R2,T1
R:A2,B3,G3,K3,Q1,S2,R0,T1
U:U0,T1,W1,V1
T:A3,B4,G4,K4,Q2,S1,R1,U1,T0,W1,V2
W:A3,C3,B4,D4,G2,F4,I2,H1,K4,J2,Q3,S2,R2,U1,T1,W0,V2,X1,Z1
V:A3,C3,B4,D4,G2,F4,I2,H1,K4,J2,Q4,U1,T2,W2,V0
Y:Y0,X1,Z1
X:A4,C4,B5,D5,G3,F5,I3,H2,K5,J3,Q4,S3,R3,U2,T2,W1,V3,Y1,X0,Z2
Z:A4,C4,B5,D5,G3,F5,I3,H2,K5,J3,Q4,S3,R3,U2,T2,W1,V3,Y1,X2,Z0
-----
A:A0,C2,B1,D2,G1,F3,I2,H2,K1,M2,L2,Q1,S2,R2
C:A2,C0,B1,E2,D1,G1,F1,I2,H2,K3,Q3
B:A1,C1,B0,E2,D1,G2,F2,I3,H3,K2,M3,L3,Q2,S3,R3
E:A3,C2,B2,E0,D1,G3,F1,K4,Q4
D:A2,C1,B1,E1,D0,G2,F2,I3,H3,K3,M4,L4,Q3,S4,R4
G:A1,C1,B2,E3,D2,G0,F2,I1,H1,K2,J2,M3,L3,Q2,S3,R3,W2,V2
F:A3,C1,B2,E1,D2,G2,F0,I3,H3,K4,Q4
I:A2,C2,B3,E4,D3,G1,F3,I0,H1,K3,J1,M4,L4,Q3,S4,R4,W2,V2
H:A2,C2,B3,E4,D3,G1,F3,I1,H0,K3,J1,M4,L4,Q3,S3,R3,U2,T2,W1,V1,X2,Z2
K:A1,C3,B2,D3,G2,F4,I3,H3,K0,M1,L1,O2,N2,Q2,P2,S3,R3
J:A3,C3,B4,E5,D4,G2,F4,I1,H1,K4,J0,M5,L5,Q4,S4,R4,U3,T3,W2,V2,X3,Z3
M:A2,C4,B3,D4,G3,F5,I4,H4,K1,M0,L2,O1,N1,Q3,P2,S4,R4
L:A2,C4,B3,D4,G3,F5,I4,H4,K1,M2,L0,O3,N2,Q3,P1,S4,R4
O:A3,C5,B4,D5,G4,F6,I5,H5,K2,M1,L3,O0,N1,Q4,P2,S5,R5
N:A3,C5,B4,D5,G4,F6,I5,H5,K2,M1,L2,O1,N0,Q4,P1,S5,R5
Q:A1,C3,B2,D3,G2,F4,I3,H3,K2,M3,L3,Q0,S1,R1,T2
P:A3,C5,B4,D5,G4,F6,I5,H5,K2,M2,L1,O2,N1,Q4,P0,S5,R5
S:A2,C4,B3,D4,G3,F5,I4,H4,K3,M4,L4,Q1,S0,R2,U2,T1,W2,V3
R:A2,C4,B3,D4,G3,F5,I4,H4,K3,M4,L4,Q1,S2,R0,U2,T1,W2,V3
U:A4,C4,B5,D5,G3,F5,I3,H2,K5,J3,Q3,S2,R2,U0,T1,W1,V1,X2,Z2
T:A3,C4,B4,D5,G3,F5,I3,H2,K4,J3,M5,L5,Q2,S1,R1,U1,T0,W1,V2,X2,Z2
W:A3,C3,B4,E5,D4,G2,F4,I2,H1,K4,J2,M5,L5,Q3,S2,R2,U1,T1,W0,V2,Y2,X1,Z1
V:A3,C3,B4,E5,D4,G2,F4,I2,H1,K4,J2,M5,L5,Q4,S3,R3,U1,T2,W2,V0,X3,Z3
Y:A5,C5,B6,D6,G4,F6,I4,H3,K6,J4,Q5,S4,R4,U3,T3,W2,V4,Y0,X1,Z1
X:A4,C4,B5,E6,D5,G3,F5,I3,H2,K5,J3,M6,L6,Q4,S3,R3,U2,T2,W1,V3,Y1,X0,Z2
Z:A4,C4,B5,E6,D5,G3,F5,I3,H2,K5,J3,M6,L6,Q4,S3,R3,U2,T2,W1,V3,Y1,X2,Z0
-----
A:A0,C2,B1,E3,D2,G1,F3,I2,H2,K1,J3,M2,L2,O3,N3,Q1,P3,S2,R2,T3,W3,V3
C:A2,C0,B1,E2,D1,G1,F1,I2,H2,K3,J3,M4,L4,Q3,S4,R4,W3,V3
B:A1,C1,B0,E2,D1,G2,F2,I3,H3,K2,J4,M3,L3,O4,N4,Q2,P4,S3,R3,T4,W4,V4
E:A3,C2,B2,E0,D1,G3,F1,I4,H4,K4,M5,L5,Q4,S5,R5
D:A2,C1,B1,E1,D0,G2,F2,I3,H3,K3,J4,M4,L4,O5,N5,Q3,P5,S4,R4,T5,W4,V4
G:A1,C1,B2,E3,D2,G0,F2,I1,H1,K2,J2,M3,L3,O4,N4,Q2,P4,S3,R3,U3,T3,W2,V2,X3,Z3
F:A3,C1,B2,E1,D2,G2,F0,I3,H3,K4,J4,M5,L5,Q4,S5,R5,W4,V4
I:A2,C2,B3,E4,D3,G1,F3,I0,H1,K3,J1,M4,L4,O5,N5,Q3,P5,S4,R4,U3,T3,W2,V2,X3,Z3
H:A2,C2,B3,E4,D3,G1,F3,I1,H0,K3,J1,M4,L4,O5,N5,Q3,P5,S3,R3,U2,T2,W1,V1,Y3,X2,Z2
K:A1,C3,B2,E4,D3,G2,F4,I3,H3,K0,J4,M1,L1,O2,N2,Q2,P2,S3,R3,T4,W4,V4
J:A3,C3,B4,E5,D4,G2,F4,I1,H1,K4,J0,M5,L5,O6,N6,Q4,P6,S4,R4,U3,T3,W2,V2,Y4,X3,Z3
M:A2,C4,B3,E5,D4,G3,F5,I4,H4,K1,J5,M0,L2,O1,N1,Q3,P2,S4,R4,T5,W5,V5
L:A2,C4,B3,E5,D4,G3,F5,I4,H4,K1,J5,M2,L0,O3,N2,Q3,P1,S4,R4,T5,W5,V5
O:A3,C5,B4,E6,D5,G4,F6,I5,H5,K2,J6,M1,L3,O0,N1,Q4,P2,S5,R5,T6,W6,V6
N:A3,C5,B4,E6,D5,G4,F6,I5,H5,K2,J6,M1,L2,O1,N0,Q4,P1,S5,R5,T6,W6,V6
Q:A1,C3,B2,E4,D3,G2,F4,I3,H3,K2,J4,M3,L3,O4,N4,Q0,P4,S1,R1,U3,T2,W3,V4
P:A3,C5,B4,E6,D5,G4,F6,I5,H5,K2,J6,M2,L1,O2,N1,Q4,P0,S5,R5,T6,W6,V6
S:A2,C4,B3,E5,D4,G3,F5,I4,H3,K3,J4,M4,L4,O5,N5,Q1,P5,S0,R2,U2,T1,W2,V3,X3,Z3
R:A2,C4,B3,E5,D4,G3,F5,I4,H3,K3,J4,M4,L4,O5,N5,Q1,P5,S2,R0,U2,T1,W2,V3,X3,Z3
U:A4,C4,B5,E6,D5,G3,F5,I3,H2,K5,J3,M6,L6,Q3,S2,R2,U0,T1,W1,V1,Y3,X2,Z2
T:A3,C4,B4,E6,D5,G3,F5,I3,H2,K4,J3,M5,L5,O6,N6,Q2,P6,S1,R1,U1,T0,W1,V2,Y3,X2,Z2
W:A3,C3,B4,E5,D4,G2,F4,I2,H1,K4,J2,M5,L5,O6,N6,Q3,P6,S2,R2,U1,T1,W0,V2,Y2,X1,Z1
V:A3,C3,B4,E5,D4,G2,F4,I2,H1,K4,J2,M5,L5,O6,N6,Q4,P6,S3,R3,U1,T2,W2,V0,Y4,X3,Z3
Y:A5,C5,B6,E7,D6,G4,F6,I4,H3,K6,J4,M7,L7,Q5,S4,R4,U3,T3,W2,V4,Y0,X1,Z1
X:A4,C4,B5,E6,D5,G3,F5,I3,H2,K5,J3,M6,L6,O7,N7,Q4,P7,S3,R3,U2,T2,W1,V3,Y1,X0,Z2
Z:A4,C4,B5,E6,D5,G3,F5,I3,H2,K5,J3,M6,L6,O7,N7,Q4,P7,S3,R3,U2,T2,W1,V3,Y1,X2,Z0
-----
A:A0,C2,B1,E3,D2,G1,F3,I2,H2,K1,J3,M2,L2,O3,N3,Q1,P3,S2,R2,U4,T3,W3,V3,X4,Z4
C:A2,C0,B1,E2,D1,G1,F1,I2,H2,K3,J3,M4,L4,O5,N5,Q3,P5,S4,R4,U4,T4,W3,V3,X4,Z4
B:A1,C1,B0,E2,D1,G2,F2,I3,H3,K2,J4,M3,L3,O4,N4,Q2,P4,S3,R3,U5,T4,W4,V4,X5,Z5
E:A3,C2,B2,E0,D1,G3,F1,I4,H4,K4,J5,M5,L5,O6,N6,Q4,P6,S5,R5,T6,W5,V5
D:A2,C1,B1,E1,D0,G2,F2,I3,H3,K3,J4,M4,L4,O5,N5,Q3,P5,S4,R4,U5,T5,W4,V4,X5,Z5
G:A1,C1,B2,E3,D2,G0,F2,I1,H1,K2,J2,M3,L3,O4,N4,Q2,P4,S3,R3,U3,T3,W2,V2,Y4,X3,Z3
F:A3,C1,B2,E1,D2,G2,F0,I3,H3,K4,J4,M5,L5,O6,N6,Q4,P6,S5,R5,U5,T5,W4,V4,X5,Z5
I:A2,C2,B3,E4,D3,G1,F3,I0,H1,K3,J1,M4,L4,O5,N5,Q3,P5,S4,R4,U3,T3,W2,V2,Y4,X3,Z3
H:A2,C2,B3,E4,D3,G1,F3,I1,H0,K3,J1,M4,L4,O5,N5,Q3,P5,S3,R3,U2,T2,W1,V1,Y3,X2,Z2
K:A1,C3,B2,E4,D3,G2,F4,I3,H3,K0,J4,M1,L1,O2,N2,Q2,P2,S3,R3,U5,T4,W4,V4,X5,Z5
J:A3,C3,B4,E5,D4,G2,F4,I1,H1,K4,J0,M5,L5,O6,N6,Q4,P6,S4,R4,U3,T3,W2,V2,Y4,X3,Z3
M:A2,C4,B3,E5,D4,G3,F5,I4,H4,K1,J5,M0,L2,O1,N1,Q3,P2,S4,R4,U6,T5,W5,V5,X6,Z6
L:A2,C4,B3,E5,D4,G3,F5,I4,H4,K1,J5,M2,L0,O3,N2,Q3,P1,S4,R4,U6,T5,W5,V5,X6,Z6
O:A3,C5,B4,E6,D5,G4,F6,I5,H5,K2,J6,M1,L3,O0,N1,Q4,P2,S5,R5,U7,T6,W6,V6,X7,Z7
N:A3,C5,B4,E6,D5,G4,F6,I5,H5,K2,J6,M1,L2,O1,N0,Q4,P1,S5,R5,U7,T6,W6,V6,X7,Z7
Q:A1,C3,B2,E4,D3,G2,F4,I3,H3,K2,J4,M3,L3,O4,N4,Q0,P4,S1,R1,U3,T2,W3,V4,X4,Z4
P:A3,C5,B4,E6,D5,G4,F6,I5,H5,K2,J6,M2,L1,O2,N1,Q4,P0,S5,R5,U7,T6,W6,V6,X7,Z7
S:A2,C4,B3,E5,D4,G3,F5,I4,H3,K3,J4,M4,L4,O5,N5,Q1,P5,S0,R2,U2,T1,W2,V3,Y4,X3,Z3
R:A2,C4,B3,E5,D4,G3,F5,I4,H3,K3,J4,M4,L4,O5,N5,Q1,P5,S2,R0,U2,T1,W2,V3,Y4,X3,Z3
U:A4,C4,B5,E6,D5,G3,F5,I3,H2,K5,J3,M6,L6,O7,N7,Q3,P7,S2,R2,U0,T1,W1,V1,Y3,X2,Z2
T:A3,C4,B4,E6,D5,G3,F5,I3,H2,K4,J3,M5,L5,O6,N6,Q2,P6,S1,R1,U1,T0,W1,V2,Y3,X2,Z2
W:A3,C3,B4,E5,D4,G2,F4,I2,H1,K4,J2,M5,L5,O6,N6,Q3,P6,S2,R2,U1,T1,W0,V2,Y2,X1,Z1
V:A3,C3,B4,E5,D4,G2,F4,I2,H1,K4,J2,M5,L5,O6,N6,Q4,P6,S3,R3,U1,T2,W2,V0,Y4,X3,Z3
Y:A5,C5,B6,E7,D6,G4,F6,I4,H3,K6,J4,M7,L7,O8,N8,Q5,P8,S4,R4,U3,T3,W2,V4,Y0,X1,Z1
X:A4,C4,B5,E6,D5,G3,F5,I3,H2,K5,J3,M6,L6,O7,N7,Q4,P7,S3,R3,U2,T2,W1,V3,Y1,X0,Z2
Z:A4,C4,B5,E6,D5,G3,F5,I3,H2,K5,J3,M6,L6,O7,N7,Q4,P7,S3,R3,U2,T2,W1,V3,Y1,X2,Z0
-----
A:A0,C2,B1,E3,D2,G1,F3,I2,H2,K1,J3,M2,L2,O3,N3,Q1,P3,S2,R2,U4,T3,W3,V3,Y5,X4,Z4
C:A2,C0,B1,E2,D1,G1,F1,I2,H2,K3,J3,M4,L4,O5,N5,Q3,P5,S4,R4,U4,T4,W3,V3,Y5,X4,Z4
B:A1,C1,B0,E2,D1,G2,F2,I3,H3,K2,J4,M3,L3,O4,N4,Q2,P4,S3,R3,U5,T4,W4,V4,Y6,X5,Z5
E:A3,C2,B2,E0,D1,G3,F1,I4,H4,K4,J5,M5,L5,O6,N6,Q4,P6,S5,R5,U6,T6,W5,V5,X6,Z6
D:A2,C1,B1,E1,D0,G2,F2,I3,H3,K3,J4,M4,L4,O5,N5,Q3,P5,S4,R4,U5,T5,W4,V4,Y6,X5,Z5
G:A1,C1,B2,E3,D2,G0,F2,I1,H1,K2,J2,M3,L3,O4,N4,Q2,P4,S3,R3,U3,T3,W2,V2,Y4,X3,Z3
F:A3,C1,B2,E1,D2,G2,F0,I3,H3,K4,J4,M5,L5,O6,N6,Q4,P6,S5,R5,U5,T5,W4,V4,Y6,X5,Z5
I:A2,C2,B3,E4,D3,G1,F3,I0,H1,K3,J1,M4,L4,O5,N5,Q3,P5,S4,R4,U3,T3,W2,V2,Y4,X3,Z3
H:A2,C2,B3,E4,D3,G1,F3,I1,H0,K3,J1,M4,L4,O5,N5,Q3,P5,S3,R3,U2,T2,W1,V1,Y3,X2,Z2
K:A1,C3,B2,E4,D3,G2,F4,I3,H3,K0,J4,M1,L1,O2,N2,Q2,P2,S3,R3,U5,T4,W4,V4,Y6,X5,Z5
J:A3,C3,B4,E5,D4,G2,F4,I1,H1,K4,J0,M5,L5,O6,N6,Q4,P6,S4,R4,U3,T3,W2,V2,Y4,X3,Z3
M:A2,C4,B3,E5,D4,G3,F5,I4,H4,K1,J5,M0,L2,O1,N1,Q3,P2,S4,R4,U6,T5,W5,V5,Y7,X6,Z6
L:A2,C4,B3,E5,D4,G3,F5,I4,H4,K1,J5,M2,L0,O3,N2,Q3,P1,S4,R4,U6,T5,W5,V5,Y7,X6,Z6
O:A3,C5,B4,E6,D5,G4,F6,I5,H5,K2,J6,M1,L3,O0,N1,Q4,P2,S5,R5,U7,T6,W6,V6,Y8,X7,Z7
N:A3,C5,B4,E6,D5,G4,F6,I5,H5,K2,J6,M1,L2,O1,N0,Q4,P1,S5,R5,U7,T6,W6,V6,Y8,X7,Z7
Q:A1,C3,B2,E4,D3,G2,F4,I3,H3,K2,J4,M3,L3,O4,N4,Q0,P4,S1,R1,U3,T2,W3,V4,Y5,X4,Z4
P:A3,C5,B4,E6,D5,G4,F6,I5,H5,K2,J6,M2,L1,O2,N1,Q4,P0,S5,R5,U7,T6,W6,V6,Y8,X7,Z7
S:A2,C4,B3,E5,D4,G3,F5,I4,H3,K3,J4,M4,L4,O5,N5,Q1,P5,S0,R2,U2,T1,W2,V3,Y4,X3,Z3
R:A2,C4,B3,E5,D4,G3,F5,I4,H3,K3,J4,M4,L4,O5,N5,Q1,P5,S2,R0,U2,T1,W2,V3,Y4,X3,Z3
U:A4,C4,B5,E6,D5,G3,F5,I3,H2,K5,J3,M6,L6,O7,N7,Q3,P7,S2,R2,U0,T1,W1,V1,Y3,X2,Z2
T:A3,C4,B4,E6,D5,G3,F5,I3,H2,K4,J3,M5,L5,O6,N6,Q2,P6,S1,R1,U1,T0,W1,V2,Y3,X2,Z2
W:A3,C3,B4,E5,D4,G2,F4,I2,H1,K4,J2,M5,L5,O6,N6,Q3,P6,S2,R2,U1,T1,W0,V2,Y2,X1,Z1
V:A3,C3,B4,E5,D4,G2,F4,I2,H1,K4,J2,M5,L5,O6,N6,Q4,P6,S3,R3,U1,T2,W2,V0,Y4,X3,Z3
Y:A5,C5,B6,E7,D6,G4,F6,I4,H3,K6,J4,M7,L7,O8,N8,Q5,P8,S4,R4,U3,T3,W2,V4,Y0,X1,Z1
X:A4,C4,B5,E6,D5,G3,F5,I3,H2,K5,J3,M6,L6,O7,N7,Q4,P7,S3,R3,U2,T2,W1,V3,Y1,X0,Z2
Z:A4,C4,B5,E6,D5,G3,F5,I3,H2,K5,J3,M6,L6,O7,N7,Q4,P7,S3,R3,U2,T2,W1,V3,Y1,X2,Z0
-----
A:A0,C2,B1,E3,D2,G1,F3,I2,H2,K1,J3,M2,L2,O3,N3,Q1,P3,S2,R2,U4,T3,W3,V3,Y5,X4,Z4
C:A2,C0,B1,E2,D1,G1,F1,I2,H2,K3,J3,M4,L4,O5,N5,Q3,P5,S4,R4,U4,T4,W3,V3,Y5,X4,Z4
B:A1,C1,B0,E2,D1,G2,F2,I3,H3,K2,J4,M3,L3,O4,N4,Q2,P4,S3,R3,U5,T4,W4,V4,Y6,X5,Z5
E:A3,C2,B2,E0,D1,G3,F1,I4,H4,K4,J5,M5,L5,O6,N6,Q4,P6,S5,R5,U6,T6,W5,V5,Y7,X6,Z6
D:A2,C1,B1,E1,D0,G2,F2,I3,H3,K3,J4,M4,L4,O5,N5,Q3,P5,S4,R4,U5,T5,W4,V4,Y6,X5,Z5
G:A1,C1,B2,E3,D2,G0,F2,I1,H1,K2,J2,M3,L3,O4,N4,Q2,P4,S3,R3,U3,T3,W2,V2,Y4,X3,Z3
F:A3,C1,B2,E1,D2,G2,F0,I3,H3,K4,J4,M5,L5,O6,N6,Q4,P6,S5,R5,U5,T5,W4,V4,Y6,X5,Z5
I:A2,C2,B3,E4,D3,G1,F3,I0,H1,K3,J1,M4,L4,O5,N5,Q3,P5,S4,R4,U3,T3,W2,V2,Y4,X3,Z3
H:A2,C2,B3,E4,D3,G1,F3,I1,H0,K3,J1,M4,L4,O5,N5,Q3,P5,S3,R3,U2,T2,W1,V1,Y3,X2,Z2
K:A1,C3,B2,E4,D3,G2,F4,I3,H3,K0,J4,M1,L1,O2,N2,Q2,P2,S3,R3,U5,T4,W4,V4,Y6,X5,Z5
J:A3,C3,B4,E5,D4,G2,F4,I1,H1,K4,J0,M5,L5,O6,N6,Q4,P6,S4,R4,U3,T3,W2,V2,Y4,X3,Z3
M:A2,C4,B3,E5,D4,G3,F5,I4,H4,K1,J5,M0,L2,O1,N1,Q3,P2,S4,R4,U6,T5,W5,V5,Y7,X6,Z6
L:A2,C4,B3,E5,D4,G3,F5,I4,H4,K1,J5,M2,L0,O3,N2,Q3,P1,S4,R4,U6,T5,W5,V5,Y7,X6,Z6
O:A3,C5,B4,E6,D5,G4,F6,I5,H5,K2,J6,M1,L3,O0,N1,Q4,P2,S5,R5,U7,T6,W6,V6,Y8,X7,Z7
N:A3,C5,B4,E6,D5,G4,F6,I5,H5,K2,J6,M1,L2,O1,N0,Q4,P1,S5,R5,U7,T6,W6,V6,Y8,X7,Z7
Q:A1,C3,B2,E4,D3,G2,F4,I3,H3,K2,J4,M3,L3,O4,N4,Q0,P4,S1,R1,U3,T2,W3,V4,Y5,X4,Z4
P:A3,C5,B4,E6,D5,G4,F6,I5,H5,K2,J6,M2,L1,O2,N1,Q4,P0,S5,R5,U7,T6,W6,V6,Y8,X7,Z7
S:A2,C4,B3,E5,D4,G3,F5,I4,H3,K3,J4,M4,L4,O5,N5,Q1,P5,S0,R2,U2,T1,W2,V3,Y4,X3,Z3
R:A2,C4,B3,E5,D4,G3,F5,I4,H3,K3,J4,M4,L4,O5,N5,Q1,P5,S2,R0,U2,T1,W2,V3,Y4,X3,Z3
U:A4,C4,B5,E6,D5,G3,F5,I3,H2,K5,J3,M6,L6,O7,N7,Q3,P7,S2,R2,U0,T1,W1,V1,Y3,X2,Z2
T:A3,C4,B4,E6,D5,G3,F5,I3,H2,K4,J3,M5,L5,O6,N6,Q2,P6,S1,R1,U1,T0,W1,V2,Y3,X2,Z2
W:A3,C3,B4,E5,D4,G2,F4,I2,H1,K4,J2,M5,L5,O6,N6,Q3,P6,S2,R2,U1,T1,W0,V2,Y2,X1,Z1
V:A3,C3,B4,E5,D4,G2,F4,I2,H1,K4,J2,M5,L5,O6,N6,Q4,P6,S3,R3,U1,T2,W2,V0,Y4,X3,Z3
Y:A5,C5,B6,E7,D6,G4,F6,I4,H3,K6,J4,M7,L7,O8,N8,Q5,P8,S4,R4,U3,T3,W2,V4,Y0,X1,Z1
X:A4,C4,B5,E6,D5,G3,F5,I3,H2,K5,J3,M6,L6,O7,N7,Q4,P7,S3,R3,U2,T2,W1,V3,Y1,X0,Z2
Z:A4,C4,B5,E6,D5,G3,F5,I3,H2,K5,J3,M6,L6,O7,N7,Q4,P7,S3,R3,U2,T2,W1,V3,Y1,X2,Z0
-----
