north:northeast1,north0,center1,northwest1
southeast:southeast0,east1,center1,south1
beta:alpha1,beta0,ceta1
ceta:alpha2,beta1,ceta0,delta1
delta:alpha3,beta2,golf1,ceta1,delta0
alpha:alpha0,beta1,ceta2,whisky1
golf:golf0,beta3,ceta2,delta1,alpha4,whisky1
whisky:golf1,beta2,ceta3,delta2,alpha1,whisky0
northeast:east1,northeast0,north1,center1,northwest2
center:northeast1,north1,center0,west1,southeast1,northwest1,east1,south1,southwest1
west:northeast2,north2,center1,west0,southeast2,northwest1,east2,south2,southwest1
northwest:northeast2,north1,center1,west1,southeast2,northwest0,east2,south2,southwest2
east:northeast1,north2,center1,west2,southeast1,northwest2,east0,south2,southwest2
south:northeast2,north2,center1,west2,southeast1,northwest2,east2,south0,southwest1
southwest:northeast2,north2,center1,west1,southeast2,northwest2,east2,south1,southwest0
-----
north:northeast1,north0,center1,west2,southeast2,northwest1,east2,south2,southwest2
southeast:northeast2,north2,center1,west2,southeast0,northwest2,east1,south1,southwest2
beta:alpha1,beta0,whisky2,ceta1,delta2
ceta:golf2,beta1,ceta0,delta1,alpha2,whisky3
delta:golf1,beta2,ceta1,delta0,alpha3,whisky2
alpha:golf2,beta1,ceta2,delta3,alpha0,whisky1
golf:golf0,beta3,ceta2,delta1,alpha2,whisky1
whisky:golf1,beta2,ceta3,delta2,alpha1,whisky0
northeast:northeast0,north1,center1,west2,southeast2,northwest2,east1,south2,southwest2
center:northeast1,north1,center0,west1,southeast1,northwest1,east1,south1,southwest1
west:northeast2,north2,center1,west0,southeast2,northwest1,east2,south2,southwest1
northwest:northeast2,north1,center1,west1,southeast2,northwest0,east2,south2,southwest2
east:northeast1,north2,center1,west2,southeast1,northwest2,east0,south2,southwest2
south:northeast2,north2,center1,west2,southeast1,northwest2,east2,south0,southwest1
southwest:northeast2,north2,center1,west1,southeast2,northwest2,east2,south1,southwest0
-----
north:northeast1,north0,center1,west2,southeast2,northwest1,east2,south2,southwest2
southeast:northeast2,north2,center1,west2,southeast0,northwest2,east1,south1,southwest2
beta:golf3,beta0,ceta1,delta2,alpha1,whisky2
ceta:golf2,beta1,ceta0,delta1,alpha2,whisky3
delta:golf1,beta2,ceta1,delta0,alpha3,whisky2
alpha:golf2,beta1,ceta2,delta3,alpha0,whisky1
golf:golf0,beta3,ceta2,delta1,alpha2,whisky1
whisky:golf1,beta2,ceta3,delta2,alpha1,whisky0
northeast:northeast0,north1,center1,west2,southeast2,northwest2,east1,south2,southwest2
center:northeast1,north1,center0,west1,southeast1,northwest1,east1,south1,southwest1
west:northeast2,north2,center1,west0,southeast2,northwest1,east2,south2,southwest1
northwest:northeast2,north1,center1,west1,southeast2,northwest0,east2,south2,southwest2
east:northeast1,north2,center1,west2,southeast1,northwest2,east0,south2,southwest2
south:northeast2,north2,center1,west2,southeast1,northwest2,east2,south0,southwest1
southwest:northeast2,north2,center1,west1,southeast2,northwest2,east2,south1,southwest0
-----
