A:A0,R1,B1,D1
C:P1,C0,B1,Z1,F1
B:A1,C1,B0,E1,D2,F2,Q1,P2,R2,Z2
E:A2,C2,B1,E0,D3,F3,H1,Q2,P3,R3,Z3
D:A1,B2,R2,D0,G1
G:A2,B3,D1,G0,J1,R3
F:C1,B2,F0,I1,P2,Z2
I:C2,B3,F1,I0,L1,P3,Z3
H:A3,C3,B2,E1,D4,F4,H0,K1,Q3,P4,R4,Z4
K:A4,C4,B3,E2,D5,F5,H1,K0,N1,Q4,P5,R5,Z5
J:A3,B4,D2,G1,J0,O1,R4
M:M0,L1,V1
L:C3,B4,F2,I1,M1,L0,P4,V2,Z4
O:A4,B5,D3,G2,J1,O0,R5,X1
N:A5,C5,B4,E3,D6,F6,H2,K1,N0,Q5,P6,R6,W1,Z6
Q:A2,C2,B1,E2,D3,F3,Q0,P3,R3,T1,Z3
P:C1,B2,F2,P0,S1,Z2
S:C2,B3,F3,P1,S0,V1,Z3
R:A1,B2,R0,U1,D2
U:A2,B3,D3,R1,U0,X1
T:A3,C3,B2,E3,D4,F4,Q1,P4,R4,T0,W1,Z4
W:A4,C4,B3,E4,D5,F5,H3,K2,N1,Q2,P5,R5,T1,W0,Z5
V:C3,B4,F4,M1,L2,P2,S1,V0,Z4
X:A3,B4,D4,G3,J2,O1,R2,U1,X0
Z:P2,C1,Z0,B2,F2
-----
A:A0,C2,B1,E2,D1,G2,F3,Q2,P3,R1,U2,Z3
C:A2,C0,B1,E2,D3,F1,I2,Q2,P1,S2,R3,Z1
B:A1,C1,B0,E1,D2,G3,F2,I3,H2,Q1,P2,S3,R2,U3,T2,Z2
E:A2,C2,B1,E0,D3,G4,F3,I4,H1,K2,Q2,P3,S4,R3,U4,T3,Z3
D:A1,C3,B2,E3,D0,G1,F4,J2,Q3,P4,R2,U3,Z4
G:A2,C4,B3,E4,D1,G0,F5,J1,O2,Q4,P5,R3,U4,Z5
F:A3,C1,B2,E3,D4,F0,I1,L2,Q3,P2,S3,R4,Z2
I:A4,C2,B3,E4,D5,F1,I0,M2,L1,Q4,P3,S4,R5,V3,Z3
H:A3,C3,B2,E1,D4,G5,F4,I5,H0,K1,N2,Q3,P4,S5,R4,U5,T4,Z4
K:A4,C4,B3,E2,D5,G6,F5,I6,H1,K0,N1,Q4,P5,S6,R5,U6,T5,W2,Z5
J:A3,C5,B4,E5,D2,G1,F6,J0,O1,Q5,P6,R4,U5,X2,Z6
M:C4,B5,F3,I2,M0,L1,P3,S2,V1,Z5
L:A5,C3,B4,E5,D6,F2,I1,M1,L0,Q5,P4,S3,R6,V2,Z4
O:A4,C6,B5,E6,D3,G2,F7,J1,O0,Q6,P7,R3,U2,X1,Z7
N:A5,C5,B4,E3,D6,G7,F6,I7,H2,K1,N0,Q3,P6,S7,R6,U7,T2,W1,Z6
Q:A2,C2,B1,E2,D3,G4,F3,I4,H3,Q0,P3,S4,R3,U4,T1,W2,Z3
P:A3,C1,B2,E3,D4,F2,I3,Q3,P0,S1,R4,V2,Z2
S:A4,C2,B3,E4,D5,F3,I4,M2,L3,Q4,P1,S0,R5,V1,Z3
R:A1,C3,B2,E3,D2,G3,F4,Q3,P4,R0,U1,X2,Z4
U:A2,C4,B3,E4,D3,G4,F5,J3,O2,Q4,P5,R1,U0,X1,Z5
T:A3,C3,B2,E3,D4,G5,F4,I5,H4,K3,N2,Q1,P4,S5,R4,U5,T0,W1,Z4
W:A4,C4,B3,E4,D5,G6,F5,I6,H3,K2,N1,Q2,P5,S6,R5,U6,T1,W0,Z5
V:A5,C3,B4,E5,D6,F4,I3,M1,L2,Q5,P2,S1,R6,V0,Z4
X:A3,C5,B4,E5,D4,G3,F6,J2,O1,Q5,P6,R2,U1,X0,Z6
Z:A3,C1,B2,E3,D4,F2,I3,Q3,P2,S3,R4,Z0
-----
A:A0,C2,B1,E2,D1,G2,F3,I4,H3,J3,Q2,P3,S4,R1,U2,T3,X3,Z3
C:A2,C0,B1,E2,D3,G4,F1,I2,H3,L3,Q2,P1,S2,R3,U4,T3,V3,Z1
B:A1,C1,B0,E1,D2,G3,F2,I3,H2,K3,J4,L4,Q1,P2,S3,R2,U3,T2,W3,V4,X4,Z2
E:A2,C2,B1,E0,D3,G4,F3,I4,H1,K2,J5,L5,N3,Q2,P3,S4,R3,U4,T3,W4,V5,X5,Z3
D:A1,C3,B2,E3,D0,G1,F4,I5,H4,J2,O3,Q3,P4,S5,R2,U3,T4,X4,Z4
G:A2,C4,B3,E4,D1,G0,F5,I6,H5,J1,O2,Q4,P5,S6,R3,U4,T5,X3,Z5
F:A3,C1,B2,E3,D4,G5,F0,I1,H4,M3,L2,Q3,P2,S3,R4,U5,T4,V4,Z2
I:A4,C2,B3,E4,D5,G6,F1,I0,H5,M2,L1,Q4,P3,S4,R5,U6,T5,V3,Z3
H:A3,C3,B2,E1,D4,G5,F4,I5,H0,K1,J6,L6,N2,Q3,P4,S5,R4,U5,T4,W3,V6,X6,Z4
K:A4,C4,B3,E2,D5,G6,F5,I6,H1,K0,J7,L7,N1,Q4,P5,S6,R5,U6,T3,W2,V7,X7,Z5
J:A3,C5,B4,E5,D2,G1,F6,I7,H6,J0,O1,Q5,P6,S7,R4,U3,T6,X2,Z6
M:A6,C4,B5,E6,D7,F3,I2,M0,L1,Q6,P3,S2,R7,V1,Z5
L:A5,C3,B4,E5,D6,G7,F2,I1,H6,M1,L0,Q5,P4,S3,R6,U7,T6,V2,Z4
O:A4,C6,B5,E6,D3,G2,F7,I8,H7,J1,O0,Q6,P7,S8,R3,U2,T7,X1,Z7
N:A5,C5,B4,E3,D6,G7,F6,I7,H2,K1,J8,L8,N0,Q3,P6,S7,R6,U7,T2,W1,V8,X8,Z6
Q:A2,C2,B1,E2,D3,G4,F3,I4,H3,K4,J5,L5,N3,Q0,P3,S4,R3,U4,T1,W2,V5,X5,Z3
P:A3,C1,B2,E3,D4,G5,F2,I3,H4,M3,L4,Q3,P0,S1,R4,U5,T4,V2,Z2
S:A4,C2,B3,E4,D5,G6,F3,I4,H5,M2,L3,Q4,P1,S0,R5,U6,T5,V1,Z3
R:A1,C3,B2,E3,D2,G3,F4,I5,H4,J4,O3,Q3,P4,S5,R0,U1,T4,X2,Z4
U:A2,C4,B3,E4,D3,G4,F5,I6,H5,J3,O2,Q4,P5,S6,R1,U0,T5,X1,Z5
T:A3,C3,B2,E3,D4,G5,F4,I5,H4,K3,J6,L6,N2,Q1,P4,S5,R4,U5,T0,W1,V6,X6,Z4
W:A4,C4,B3,E4,D5,G6,F5,I6,H3,K2,J7,L7,N1,Q2,P5,S6,R5,U6,T1,W0,V7,X7,Z5
V:A5,C3,B4,E5,D6,G7,F4,I3,H6,M1,L2,Q5,P2,S1,R6,U7,T6,V0,Z4
X:A3,C5,B4,E5,D4,G3,F6,I7,H6,J2,O1,Q5,P6,S7,R2,U1,T6,X0,Z6
Z:A3,C1,B2,E3,D4,G5,F2,I3,H4,L4,Q3,P2,S3,R4,U5,T4,V4,Z0
-----
A:A0,C2,B1,E2,D1,G2,F3,I4,H3,K4,J3,L5,O4,Q2,P3,S4,R1,U2,T3,W4,V5,X3,Z3
C:A2,C0,B1,E2,D3,G4,F1,I2,H3,K4,J5,M4,L3,Q2,P1,S2,R3,U4,T3,W4,V3,X5,Z1
B:A1,C1,B0,E1,D2,G3,F2,I3,H2,K3,J4,M5,L4,O5,N4,Q1,P2,S3,R2,U3,T2,W3,V4,X4,Z2
E:A2,C2,B1,E0,D3,G4,F3,I4,H1,K2,J5,M6,L5,O6,N3,Q2,P3,S4,R3,U4,T3,W4,V5,X5,Z3
D:A1,C3,B2,E3,D0,G1,F4,I5,H4,K5,J2,L6,O3,Q3,P4,S5,R2,U3,T4,W5,V6,X4,Z4
G:A2,C4,B3,E4,D1,G0,F5,I6,H5,K6,J1,L7,O2,Q4,P5,S6,R3,U4,T5,W6,V7,X3,Z5
F:A3,C1,B2,E3,D4,G5,F0,I1,H4,K5,J6,M3,L2,Q3,P2,S3,R4,U5,T4,W5,V4,X6,Z2
I:A4,C2,B3,E4,D5,G6,F1,I0,H5,K6,J7,M2,L1,Q4,P3,S4,R5,U6,T5,W6,V3,X7,Z3
H:A3,C3,B2,E1,D4,G5,F4,I5,H0,K1,J6,M7,L6,O7,N2,Q3,P4,S5,R4,U5,T4,W3,V6,X6,Z4
K:A4,C4,B3,E2,D5,G6,F5,I6,H1,K0,J7,M8,L7,O8,N1,Q4,P5,S6,R5,U6,T3,W2,V7,X7,Z5
J:A3,C5,B4,E5,D2,G1,F6,I7,H6,K7,J0,L8,O1,Q5,P6,S7,R4,U3,T6,W7,V8,X2,Z6
M:A6,C4,B5,E6,D7,G8,F3,I2,H7,M0,L1,Q6,P3,S2,R7,U8,T7,V1,Z5
L:A5,C3,B4,E5,D6,G7,F2,I1,H6,K7,J8,M1,L0,Q5,P4,S3,R6,U7,T6,W7,V2,X8,Z4
O:A4,C6,B5,E6,D3,G2,F7,I8,H7,K8,J1,L9,O0,Q6,P7,S8,R3,U2,T7,W8,V9,X1,Z7
N:A5,C5,B4,E3,D6,G7,F6,I7,H2,K1,J8,M9,L8,O9,N0,Q3,P6,S7,R6,U7,T2,W1,V8,X8,Z6
Q:A2,C2,B1,E2,D3,G4,F3,I4,H3,K4,J5,M6,L5,O6,N3,Q0,P3,S4,R3,U4,T1,W2,V5,X5,Z3
P:A3,C1,B2,E3,D4,G5,F2,I3,H4,K5,J6,M3,L4,Q3,P0,S1,R4,U5,T4,W5,V2,X6,Z2
S:A4,C2,B3,E4,D5,G6,F3,I4,H5,K6,J7,M2,L3,Q4,P1,S0,R5,U6,T5,W6,V1,X7,Z3
R:A1,C3,B2,E3,D2,G3,F4,I5,H4,K5,J4,L6,O3,Q3,P4,S5,R0,U1,T4,W5,V6,X2,Z4
U:A2,C4,B3,E4,D3,G4,F5,I6,H5,K6,J3,L7,O2,Q4,P5,S6,R1,U0,T5,W6,V7,X1,Z5
T:A3,C3,B2,E3,D4,G5,F4,I5,H4,K3,J6,M7,L6,O7,N2,Q1,P4,S5,R4,U5,T0,W1,V6,X6,Z4
W:A4,C4,B3,E4,D5,G6,F5,I6,H3,K2,J7,M8,L7,O8,N1,Q2,P5,S6,R5,U6,T1,W0,V7,X7,Z5
V:A5,C3,B4,E5,D6,G7,F4,I3,H6,K7,J8,M1,L2,Q5,P2,S1,R6,U7,T6,W7,V0,X8,Z4
X:A3,C5,B4,E5,D4,G3,F6,I7,H6,K7,J2,L8,O1,Q5,P6,S7,R2,U1,T6,W7,V8,X0,Z6
Z:A3,C1,B2,E3,D4,G5,F2,I3,H4,K5,J6,M5,L4,Q3,P2,S3,R4,U5,T4,W5,V4,X6,Z0
-----
A:A0,C2,B1,E2,D1,G2,F3,I4,H3,K4,J3,M6,L5,O4,N5,Q2,P3,S4,R1,U2,T3,W4,V5,X3,Z3
C:A2,C0,B1,E2,D3,G4,F1,I2,H3,K4,J5,M4,L3,O6,N5,Q2,P1,S2,R3,U4,T3,W4,V3,X5,Z1
B:A1,C1,B0,E1,D2,G3,F2,I3,H2,K3,J4,M5,L4,O5,N4,Q1,P2,S3,R2,U3,T2,W3,V4,X4,Z2
E:A2,C2,B1,E0,D3,G4,F3,I4,H1,K2,J5,M6,L5,O6,N3,Q2,P3,S4,R3,U4,T3,W4,V5,X5,Z3
D:A1,C3,B2,E3,D0,G1,F4,I5,H4,K5,J2,M7,L6,O3,N6,Q3,P4,S5,R2,U3,T4,W5,V6,X4,Z4
G:A2,C4,B3,E4,D1,G0,F5,I6,H5,K6,J1,M8,L7,O2,N7,Q4,P5,S6,R3,U4,T5,W6,V7,X3,Z5
F:A3,C1,B2,E3,D4,G5,F0,I1,H4,K5,J6,M3,L2,O7,N6,Q3,P2,S3,R4,U5,T4,W5,V4,X6,Z2
I:A4,C2,B3,E4,D5,G6,F1,I0,H5,K6,J7,M2,L1,O8,N7,Q4,P3,S4,R5,U6,T5,W6,V3,X7,Z3
H:A3,C3,B2,E1,D4,G5,F4,I5,H0,K1,J6,M7,L6,O7,N2,Q3,P4,S5,R4,U5,T4,W3,V6,X6,Z4
K:A4,C4,B3,E2,D5,G6,F5,I6,H1,K0,J7,M8,L7,O8,N1,Q4,P5,S6,R5,U6,T3,W2,V7,X7,Z5
J:A3,C5,B4,E5,D2,G1,F6,I7,H6,K7,J0,M9,L8,O1,N8,Q5,P6,S7,R4,U3,T6,W7,V8,X2,Z6
M:A6,C4,B5,E6,D7,G8,F3,I2,H7,K8,J9,M0,L1,Q6,P3,S2,R7,U8,T7,W8,V1,X9,Z5
L:A5,C3,B4,E5,D6,G7,F2,I1,H6,K7,J8,M1,L0,O9,N8,Q5,P4,S3,R6,U7,T6,W7,V2,X8,Z4
O:A4,C6,B5,E6,D3,G2,F7,I8,H7,K8,J1,M10,L9,O0,N9,Q6,P7,S8,R3,U2,T7,W8,V9,X1,Z7
N:A5,C5,B4,E3,D6,G7,F6,I7,H2,K1,J8,M9,L8,O9,N0,Q3,P6,S7,R6,U7,T2,W1,V8,X8,Z6
Q:A2,C2,B1,E2,D3,G4,F3,I4,H3,K4,J5,M6,L5,O6,N3,Q0,P3,S4,R3,U4,T1,W2,V5,X5,Z3
P:A3,C1,B2,E3,D4,G5,F2,I3,H4,K5,J6,M3,L4,O7,N6,Q3,P0,S1,R4,U5,T4,W5,V2,X6,Z2
S:A4,C2,B3,E4,D5,G6,F3,I4,H5,K6,J7,M2,L3,O8,N7,Q4,P1,S0,R5,U6,T5,W6,V1,X7,Z3
R:A1,C3,B2,E3,D2,G3,F4,I5,H4,K5,J4,M7,L6,O3,N6,Q3,P4,S5,R0,U1,T4,W5,V6,X2,Z4
U:A2,C4,B3,E4,D3,G4,F5,I6,H5,K6,J3,M8,L7,O2,N7,Q4,P5,S6,R1,U0,T5,W6,V7,X1,Z5
T:A3,C3,B2,E3,D4,G5,F4,I5,H4,K3,J6,M7,L6,O7,N2,Q1,P4,S5,R4,U5,T0,W1,V6,X6,Z4
W:A4,C4,B3,E4,D5,G6,F5,I6,H3,K2,J7,M8,L7,O8,N1,Q2,P5,S6,R5,U6,T1,W0,V7,X7,Z5
V:A5,C3,B4,E5,D6,G7,F4,I3,H6,K7,J8,M1,L2,O9,N8,Q5,P2,S1,R6,U7,T6,W7,V0,X8,Z4
X:A3,C5,B4,E5,D4,G3,F6,I7,H6,K7,J2,M9,L8,O1,N8,Q5,P6,S7,R2,U1,T6,W7,V8,X0,Z6
Z:A3,C1,B2,E3,D4,G5,F2,I3,H4,K5,J6,M5,L4,O7,N6,Q3,P2,S3,R4,U5,T4,W5,V4,X6,Z0
-----
A:A0,C2,B1,E2,D1,G2,F3,I4,H3,K4,J3,M6,L5,O4,N5,Q2,P3,S4,R1,U2,T3,W4,V5,X3,Z3
C:A2,C0,B1,E2,D3,G4,F1,I2,H3,K4,J5,M4,L3,O6,N5,Q2,P1,S2,R3,U4,T3,W4,V3,X5,Z1
B:A1,C1,B0,E1,D2,G3,F2,I3,H2,K3,J4,M5,L4,O5,N4,Q1,P2,S3,R2,U3,T2,W3,V4,X4,Z2
E:A2,C2,B1,E0,D3,G4,F3,I4,H1,K2,J5,M6,L5,O6,N3,Q2,P3,S4,R3,U4,T3,W4,V5,X5,Z3
D:A1,C3,B2,E3,D0,G1,F4,I5,H4,K5,J2,M7,L6,O3,N6,Q3,P4,S5,R2,U3,T4,W5,V6,X4,Z4
G:A2,C4,B3,E4,D1,G0,F5,I6,H5,K6,J1,M8,L7,O2,N7,Q4,P5,S6,R3,U4,T5,W6,V7,X3,Z5
F:A3,C1,B2,E3,D4,G5,F0,I1,H4,K5,J6,M3,L2,O7,N6,Q3,P2,S3,R4,U5,T4,W5,V4,X6,Z2
I:A4,C2,B3,E4,D5,G6,F1,I0,H5,K6,J7,M2,L1,O8,N7,Q4,P3,S4,R5,U6,T5,W6,V3,X7,Z3
H:A3,C3,B2,E1,D4,G5,F4,I5,H0,K1,J6,M7,L6,O7,N2,Q3,P4,S5,R4,U5,T4,W3,V6,X6,Z4
K:A4,C4,B3,E2,D5,G6,F5,I6,H1,K0,J7,M8,L7,O8,N1,Q4,P5,S6,R5,U6,T3,W2,V7,X7,Z5
J:A3,C5,B4,E5,D2,G1,F6,I7,H6,K7,J0,M9,L8,O1,N8,Q5,P6,S7,R4,U3,T6,W7,V8,X2,Z6
M:A6,C4,B5,E6,D7,G8,F3,I2,H7,K8,J9,M0,L1,O10,N9,Q6,P3,S2,R7,U8,T7,W8,V1,X9,Z5
L:A5,C3,B4,E5,D6,G7,F2,I1,H6,K7,J8,M1,L0,O9,N8,Q5,P4,S3,R6,U7,T6,W7,V2,X8,Z4
O:A4,C6,B5,E6,D3,G2,F7,I8,H7,K8,J1,M10,L9,O0,N9,Q6,P7,S8,R3,U2,T7,W8,V9,X1,Z7
N:A5,C5,B4,E3,D6,G7,F6,I7,H2,K1,J8,M9,L8,O9,N0,Q3,P6,S7,R6,U7,T2,W1,V8,X8,Z6
Q:A2,C2,B1,E2,D3,G4,F3,I4,H3,K4,J5,M6,L5,O6,N3,Q0,P3,S4,R3,U4,T1,W2,V5,X5,Z3
P:A3,C1,B2,E3,D4,G5,F2,I3,H4,K5,J6,M3,L4,O7,N6,Q3,P0,S1,R4,U5,T4,W5,V2,X6,Z2
S:A4,C2,B3,E4,D5,G6,F3,I4,H5,K6,J7,M2,L3,O8,N7,Q4,P1,S0,R5,U6,T5,W6,V1,X7,Z3
R:A1,C3,B2,E3,D2,G3,F4,I5,H4,K5,J4,M7,L6,O3,N6,Q3,P4,S5,R0,U1,T4,W5,V6,X2,Z4
U:A2,C4,B3,E4,D3,G4,F5,I6,H5,K6,J3,M8,L7,O2,N7,Q4,P5,S6,R1,U0,T5,W6,V7,X1,Z5
T:A3,C3,B2,E3,D4,G5,F4,I5,H4,K3,J6,M7,L6,O7,N2,Q1,P4,S5,R4,U5,T0,W1,V6,X6,Z4
W:A4,C4,B3,E4,D5,G6,F5,I6,H3,K2,J7,M8,L7,O8,N1,Q2,P5,S6,R5,U6,T1,W0,V7,X7,Z5
V:A5,C3,B4,E5,D6,G7,F4,I3,H6,K7,J8,M1,L2,O9,N8,Q5,P2,S1,R6,U7,T6,W7,V0,X8,Z4
X:A3,C5,B4,E5,D4,G3,F6,I7,H6,K7,J2,M9,L8,O1,N8,Q5,P6,S7,R2,U1,T6,W7,V8,X0,Z6
Z:A3,C1,B2,E3,D4,G5,F2,I3,H4,K5,J6,M5,L4,O7,N6,Q3,P2,S3,R4,U5,T4,W5,V4,X6,Z0
-----
